WARNING - 2024-01-14 20:37:05 --> [DEPRECATED] Optional parameter $message declared before required parameter $typeMessage is implicitly treated as a required parameter in APPPATH/Controllers/DadosPessoaisApiController.php on line 154.
 1 SYSTEMPATH/Autoloader/Autoloader.php(312): include_once('/var/www/html/system/Debug/Exceptions.php')
 2 SYSTEMPATH/Autoloader/Autoloader.php(291): CodeIgniter\Autoloader\Autoloader->includeFile('/var/www/html/app/Controllers/DadosPessoaisApiController.php')
 3 SYSTEMPATH/Autoloader/Autoloader.php(269): CodeIgniter\Autoloader\Autoloader->loadInNamespace('App\\Controllers\\DadosPessoaisApiController')
 4 [internal function]: CodeIgniter\Autoloader\Autoloader->loadClass('App\\Controllers\\DadosPessoaisApiController')
 5 SYSTEMPATH/CodeIgniter.php(900): class_exists('\\App\\Controllers\\DadosPessoaisApiController', true)
 6 SYSTEMPATH/CodeIgniter.php(489): CodeIgniter\CodeIgniter->startController()
 7 SYSTEMPATH/CodeIgniter.php(361): CodeIgniter\CodeIgniter->handleRequest(null, Object(Config\Cache), false)
 8 FCPATH/index.php(79): CodeIgniter\CodeIgniter->run()
WARNING - 2024-01-14 20:41:48 --> [DEPRECATED] Optional parameter $message declared before required parameter $typeMessage is implicitly treated as a required parameter in APPPATH/Controllers/DadosPessoaisApiController.php on line 154.
 1 SYSTEMPATH/Autoloader/Autoloader.php(312): include_once('/var/www/html/system/Debug/Exceptions.php')
 2 SYSTEMPATH/Autoloader/Autoloader.php(291): CodeIgniter\Autoloader\Autoloader->includeFile('/var/www/html/app/Controllers/DadosPessoaisApiController.php')
 3 SYSTEMPATH/Autoloader/Autoloader.php(269): CodeIgniter\Autoloader\Autoloader->loadInNamespace('App\\Controllers\\DadosPessoaisApiController')
 4 [internal function]: CodeIgniter\Autoloader\Autoloader->loadClass('App\\Controllers\\DadosPessoaisApiController')
 5 SYSTEMPATH/CodeIgniter.php(900): class_exists('\\App\\Controllers\\DadosPessoaisApiController', true)
 6 SYSTEMPATH/CodeIgniter.php(489): CodeIgniter\CodeIgniter->startController()
 7 SYSTEMPATH/CodeIgniter.php(361): CodeIgniter\CodeIgniter->handleRequest(null, Object(Config\Cache), false)
 8 FCPATH/index.php(79): CodeIgniter\CodeIgniter->run()
WARNING - 2024-01-14 20:52:18 --> [DEPRECATED] Optional parameter $message declared before required parameter $typeMessage is implicitly treated as a required parameter in APPPATH/Controllers/DadosPessoaisEndPointController.php on line 106.
 1 SYSTEMPATH/Autoloader/Autoloader.php(312): include_once('/var/www/html/system/Debug/Exceptions.php')
 2 SYSTEMPATH/Autoloader/Autoloader.php(291): CodeIgniter\Autoloader\Autoloader->includeFile('/var/www/html/app/Controllers/DadosPessoaisEndPointController.php')
 3 SYSTEMPATH/Autoloader/Autoloader.php(269): CodeIgniter\Autoloader\Autoloader->loadInNamespace('App\\Controllers\\DadosPessoaisEndPointController')
 4 [internal function]: CodeIgniter\Autoloader\Autoloader->loadClass('App\\Controllers\\DadosPessoaisEndPointController')
 5 SYSTEMPATH/CodeIgniter.php(900): class_exists('\\App\\Controllers\\DadosPessoaisEndPointController', true)
 6 SYSTEMPATH/CodeIgniter.php(489): CodeIgniter\CodeIgniter->startController()
 7 SYSTEMPATH/CodeIgniter.php(361): CodeIgniter\CodeIgniter->handleRequest(null, Object(Config\Cache), false)
 8 FCPATH/index.php(79): CodeIgniter\CodeIgniter->run()
INFO - 2024-01-14 20:52:19 --> Session: Class initialized using 'CodeIgniter\Session\Handlers\FileHandler' driver.
WARNING - 2024-01-14 20:54:01 --> [DEPRECATED] Optional parameter $message declared before required parameter $typeMessage is implicitly treated as a required parameter in APPPATH/Controllers/DadosPessoaisEndPointController.php on line 106.
 1 SYSTEMPATH/Autoloader/Autoloader.php(312): include_once('/var/www/html/system/Debug/Exceptions.php')
 2 SYSTEMPATH/Autoloader/Autoloader.php(291): CodeIgniter\Autoloader\Autoloader->includeFile('/var/www/html/app/Controllers/DadosPessoaisEndPointController.php')
 3 SYSTEMPATH/Autoloader/Autoloader.php(269): CodeIgniter\Autoloader\Autoloader->loadInNamespace('App\\Controllers\\DadosPessoaisEndPointController')
 4 [internal function]: CodeIgniter\Autoloader\Autoloader->loadClass('App\\Controllers\\DadosPessoaisEndPointController')
 5 SYSTEMPATH/CodeIgniter.php(900): class_exists('\\App\\Controllers\\DadosPessoaisEndPointController', true)
 6 SYSTEMPATH/CodeIgniter.php(489): CodeIgniter\CodeIgniter->startController()
 7 SYSTEMPATH/CodeIgniter.php(361): CodeIgniter\CodeIgniter->handleRequest(null, Object(Config\Cache), false)
 8 FCPATH/index.php(79): CodeIgniter\CodeIgniter->run()
INFO - 2024-01-14 20:54:02 --> Session: Class initialized using 'CodeIgniter\Session\Handlers\FileHandler' driver.
WARNING - 2024-01-14 20:58:58 --> [DEPRECATED] Optional parameter $message declared before required parameter $typeMessage is implicitly treated as a required parameter in APPPATH/Controllers/DadosPessoaisEndPointController.php on line 106.
 1 SYSTEMPATH/Autoloader/Autoloader.php(312): include_once('/var/www/html/system/Debug/Exceptions.php')
 2 SYSTEMPATH/Autoloader/Autoloader.php(291): CodeIgniter\Autoloader\Autoloader->includeFile('/var/www/html/app/Controllers/DadosPessoaisEndPointController.php')
 3 SYSTEMPATH/Autoloader/Autoloader.php(269): CodeIgniter\Autoloader\Autoloader->loadInNamespace('App\\Controllers\\DadosPessoaisEndPointController')
 4 [internal function]: CodeIgniter\Autoloader\Autoloader->loadClass('App\\Controllers\\DadosPessoaisEndPointController')
 5 SYSTEMPATH/CodeIgniter.php(900): class_exists('\\App\\Controllers\\DadosPessoaisEndPointController', true)
 6 SYSTEMPATH/CodeIgniter.php(489): CodeIgniter\CodeIgniter->startController()
 7 SYSTEMPATH/CodeIgniter.php(361): CodeIgniter\CodeIgniter->handleRequest(null, Object(Config\Cache), false)
 8 FCPATH/index.php(79): CodeIgniter\CodeIgniter->run()
INFO - 2024-01-14 20:58:59 --> Session: Class initialized using 'CodeIgniter\Session\Handlers\FileHandler' driver.
WARNING - 2024-01-14 21:10:02 --> [DEPRECATED] Optional parameter $message declared before required parameter $typeMessage is implicitly treated as a required parameter in APPPATH/Controllers/DadosPessoaisEndPointController.php on line 106.
 1 SYSTEMPATH/Autoloader/Autoloader.php(312): include_once('/var/www/html/system/Debug/Exceptions.php')
 2 SYSTEMPATH/Autoloader/Autoloader.php(291): CodeIgniter\Autoloader\Autoloader->includeFile('/var/www/html/app/Controllers/DadosPessoaisEndPointController.php')
 3 SYSTEMPATH/Autoloader/Autoloader.php(269): CodeIgniter\Autoloader\Autoloader->loadInNamespace('App\\Controllers\\DadosPessoaisEndPointController')
 4 [internal function]: CodeIgniter\Autoloader\Autoloader->loadClass('App\\Controllers\\DadosPessoaisEndPointController')
 5 SYSTEMPATH/CodeIgniter.php(900): class_exists('\\App\\Controllers\\DadosPessoaisEndPointController', true)
 6 SYSTEMPATH/CodeIgniter.php(489): CodeIgniter\CodeIgniter->startController()
 7 SYSTEMPATH/CodeIgniter.php(361): CodeIgniter\CodeIgniter->handleRequest(null, Object(Config\Cache), false)
 8 FCPATH/index.php(79): CodeIgniter\CodeIgniter->run()
CRITICAL - 2024-01-14 21:10:03 --> Undefined array key "id"
in APPPATH/Controllers/DadosPessoaisEndPointController.php on line 140.
 1 APPPATH/Controllers/DadosPessoaisEndPointController.php(140): CodeIgniter\Debug\Exceptions->errorHandler(2, 'Undefined array key "id"', '/var/www/html/app/Controllers/DadosPessoaisEndPointController.php', 140)
 2 SYSTEMPATH/CodeIgniter.php(942): App\Controllers\DadosPessoaisEndPointController->dbRead()
 3 SYSTEMPATH/CodeIgniter.php(502): CodeIgniter\CodeIgniter->runController(Object(App\Controllers\DadosPessoaisEndPointController))
 4 SYSTEMPATH/CodeIgniter.php(361): CodeIgniter\CodeIgniter->handleRequest(null, Object(Config\Cache), false)
 5 FCPATH/index.php(79): CodeIgniter\CodeIgniter->run()
WARNING - 2024-01-14 21:11:15 --> [DEPRECATED] Optional parameter $message declared before required parameter $typeMessage is implicitly treated as a required parameter in APPPATH/Controllers/DadosPessoaisEndPointController.php on line 106.
 1 SYSTEMPATH/Autoloader/Autoloader.php(312): include_once('/var/www/html/system/Debug/Exceptions.php')
 2 SYSTEMPATH/Autoloader/Autoloader.php(291): CodeIgniter\Autoloader\Autoloader->includeFile('/var/www/html/app/Controllers/DadosPessoaisEndPointController.php')
 3 SYSTEMPATH/Autoloader/Autoloader.php(269): CodeIgniter\Autoloader\Autoloader->loadInNamespace('App\\Controllers\\DadosPessoaisEndPointController')
 4 [internal function]: CodeIgniter\Autoloader\Autoloader->loadClass('App\\Controllers\\DadosPessoaisEndPointController')
 5 SYSTEMPATH/CodeIgniter.php(900): class_exists('\\App\\Controllers\\DadosPessoaisEndPointController', true)
 6 SYSTEMPATH/CodeIgniter.php(489): CodeIgniter\CodeIgniter->startController()
 7 SYSTEMPATH/CodeIgniter.php(361): CodeIgniter\CodeIgniter->handleRequest(null, Object(Config\Cache), false)
 8 FCPATH/index.php(79): CodeIgniter\CodeIgniter->run()
WARNING - 2024-01-14 21:11:56 --> [DEPRECATED] Optional parameter $message declared before required parameter $typeMessage is implicitly treated as a required parameter in APPPATH/Controllers/DadosPessoaisEndPointController.php on line 106.
 1 SYSTEMPATH/Autoloader/Autoloader.php(312): include_once('/var/www/html/system/Debug/Exceptions.php')
 2 SYSTEMPATH/Autoloader/Autoloader.php(291): CodeIgniter\Autoloader\Autoloader->includeFile('/var/www/html/app/Controllers/DadosPessoaisEndPointController.php')
 3 SYSTEMPATH/Autoloader/Autoloader.php(269): CodeIgniter\Autoloader\Autoloader->loadInNamespace('App\\Controllers\\DadosPessoaisEndPointController')
 4 [internal function]: CodeIgniter\Autoloader\Autoloader->loadClass('App\\Controllers\\DadosPessoaisEndPointController')
 5 SYSTEMPATH/CodeIgniter.php(900): class_exists('\\App\\Controllers\\DadosPessoaisEndPointController', true)
 6 SYSTEMPATH/CodeIgniter.php(489): CodeIgniter\CodeIgniter->startController()
 7 SYSTEMPATH/CodeIgniter.php(361): CodeIgniter\CodeIgniter->handleRequest(null, Object(Config\Cache), false)
 8 FCPATH/index.php(79): CodeIgniter\CodeIgniter->run()
WARNING - 2024-01-14 21:13:13 --> [DEPRECATED] Optional parameter $message declared before required parameter $typeMessage is implicitly treated as a required parameter in APPPATH/Controllers/DadosPessoaisEndPointController.php on line 106.
 1 SYSTEMPATH/Autoloader/Autoloader.php(312): include_once('/var/www/html/system/Debug/Exceptions.php')
 2 SYSTEMPATH/Autoloader/Autoloader.php(291): CodeIgniter\Autoloader\Autoloader->includeFile('/var/www/html/app/Controllers/DadosPessoaisEndPointController.php')
 3 SYSTEMPATH/Autoloader/Autoloader.php(269): CodeIgniter\Autoloader\Autoloader->loadInNamespace('App\\Controllers\\DadosPessoaisEndPointController')
 4 [internal function]: CodeIgniter\Autoloader\Autoloader->loadClass('App\\Controllers\\DadosPessoaisEndPointController')
 5 SYSTEMPATH/CodeIgniter.php(900): class_exists('\\App\\Controllers\\DadosPessoaisEndPointController', true)
 6 SYSTEMPATH/CodeIgniter.php(489): CodeIgniter\CodeIgniter->startController()
 7 SYSTEMPATH/CodeIgniter.php(361): CodeIgniter\CodeIgniter->handleRequest(null, Object(Config\Cache), false)
 8 FCPATH/index.php(79): CodeIgniter\CodeIgniter->run()
WARNING - 2024-01-14 21:15:37 --> [DEPRECATED] Optional parameter $message declared before required parameter $typeMessage is implicitly treated as a required parameter in APPPATH/Controllers/DadosPessoaisEndPointController.php on line 106.
 1 SYSTEMPATH/Autoloader/Autoloader.php(312): include_once('/var/www/html/system/Debug/Exceptions.php')
 2 SYSTEMPATH/Autoloader/Autoloader.php(291): CodeIgniter\Autoloader\Autoloader->includeFile('/var/www/html/app/Controllers/DadosPessoaisEndPointController.php')
 3 SYSTEMPATH/Autoloader/Autoloader.php(269): CodeIgniter\Autoloader\Autoloader->loadInNamespace('App\\Controllers\\DadosPessoaisEndPointController')
 4 [internal function]: CodeIgniter\Autoloader\Autoloader->loadClass('App\\Controllers\\DadosPessoaisEndPointController')
 5 SYSTEMPATH/CodeIgniter.php(900): class_exists('\\App\\Controllers\\DadosPessoaisEndPointController', true)
 6 SYSTEMPATH/CodeIgniter.php(489): CodeIgniter\CodeIgniter->startController()
 7 SYSTEMPATH/CodeIgniter.php(361): CodeIgniter\CodeIgniter->handleRequest(null, Object(Config\Cache), false)
 8 FCPATH/index.php(79): CodeIgniter\CodeIgniter->run()
WARNING - 2024-01-14 21:15:41 --> [DEPRECATED] Optional parameter $message declared before required parameter $typeMessage is implicitly treated as a required parameter in APPPATH/Controllers/DadosPessoaisEndPointController.php on line 106.
 1 SYSTEMPATH/Autoloader/Autoloader.php(312): include_once('/var/www/html/system/Debug/Exceptions.php')
 2 SYSTEMPATH/Autoloader/Autoloader.php(291): CodeIgniter\Autoloader\Autoloader->includeFile('/var/www/html/app/Controllers/DadosPessoaisEndPointController.php')
 3 SYSTEMPATH/Autoloader/Autoloader.php(269): CodeIgniter\Autoloader\Autoloader->loadInNamespace('App\\Controllers\\DadosPessoaisEndPointController')
 4 [internal function]: CodeIgniter\Autoloader\Autoloader->loadClass('App\\Controllers\\DadosPessoaisEndPointController')
 5 SYSTEMPATH/CodeIgniter.php(900): class_exists('\\App\\Controllers\\DadosPessoaisEndPointController', true)
 6 SYSTEMPATH/CodeIgniter.php(489): CodeIgniter\CodeIgniter->startController()
 7 SYSTEMPATH/CodeIgniter.php(361): CodeIgniter\CodeIgniter->handleRequest(null, Object(Config\Cache), false)
 8 FCPATH/index.php(79): CodeIgniter\CodeIgniter->run()
WARNING - 2024-01-14 21:15:43 --> [DEPRECATED] Optional parameter $message declared before required parameter $typeMessage is implicitly treated as a required parameter in APPPATH/Controllers/DadosPessoaisApiController.php on line 154.
 1 SYSTEMPATH/Autoloader/Autoloader.php(312): include_once('/var/www/html/system/Debug/Exceptions.php')
 2 SYSTEMPATH/Autoloader/Autoloader.php(291): CodeIgniter\Autoloader\Autoloader->includeFile('/var/www/html/app/Controllers/DadosPessoaisApiController.php')
 3 SYSTEMPATH/Autoloader/Autoloader.php(269): CodeIgniter\Autoloader\Autoloader->loadInNamespace('App\\Controllers\\DadosPessoaisApiController')
 4 [internal function]: CodeIgniter\Autoloader\Autoloader->loadClass('App\\Controllers\\DadosPessoaisApiController')
 5 SYSTEMPATH/CodeIgniter.php(900): class_exists('\\App\\Controllers\\DadosPessoaisApiController', true)
 6 SYSTEMPATH/CodeIgniter.php(489): CodeIgniter\CodeIgniter->startController()
 7 SYSTEMPATH/CodeIgniter.php(361): CodeIgniter\CodeIgniter->handleRequest(null, Object(Config\Cache), false)
 8 FCPATH/index.php(79): CodeIgniter\CodeIgniter->run()
WARNING - 2024-01-14 21:25:09 --> [DEPRECATED] Optional parameter $message declared before required parameter $typeMessage is implicitly treated as a required parameter in APPPATH/Controllers/DadosPessoaisEndPointController.php on line 106.
 1 SYSTEMPATH/Autoloader/Autoloader.php(312): include_once('/var/www/html/system/Debug/Exceptions.php')
 2 SYSTEMPATH/Autoloader/Autoloader.php(291): CodeIgniter\Autoloader\Autoloader->includeFile('/var/www/html/app/Controllers/DadosPessoaisEndPointController.php')
 3 SYSTEMPATH/Autoloader/Autoloader.php(269): CodeIgniter\Autoloader\Autoloader->loadInNamespace('App\\Controllers\\DadosPessoaisEndPointController')
 4 [internal function]: CodeIgniter\Autoloader\Autoloader->loadClass('App\\Controllers\\DadosPessoaisEndPointController')
 5 SYSTEMPATH/CodeIgniter.php(900): class_exists('\\App\\Controllers\\DadosPessoaisEndPointController', true)
 6 SYSTEMPATH/CodeIgniter.php(489): CodeIgniter\CodeIgniter->startController()
 7 SYSTEMPATH/CodeIgniter.php(361): CodeIgniter\CodeIgniter->handleRequest(null, Object(Config\Cache), false)
 8 FCPATH/index.php(79): CodeIgniter\CodeIgniter->run()
WARNING - 2024-01-14 21:25:11 --> [DEPRECATED] Optional parameter $message declared before required parameter $typeMessage is implicitly treated as a required parameter in APPPATH/Controllers/DadosPessoaisApiController.php on line 154.
 1 SYSTEMPATH/Autoloader/Autoloader.php(312): include_once('/var/www/html/system/Debug/Exceptions.php')
 2 SYSTEMPATH/Autoloader/Autoloader.php(291): CodeIgniter\Autoloader\Autoloader->includeFile('/var/www/html/app/Controllers/DadosPessoaisApiController.php')
 3 SYSTEMPATH/Autoloader/Autoloader.php(269): CodeIgniter\Autoloader\Autoloader->loadInNamespace('App\\Controllers\\DadosPessoaisApiController')
 4 [internal function]: CodeIgniter\Autoloader\Autoloader->loadClass('App\\Controllers\\DadosPessoaisApiController')
 5 SYSTEMPATH/CodeIgniter.php(900): class_exists('\\App\\Controllers\\DadosPessoaisApiController', true)
 6 SYSTEMPATH/CodeIgniter.php(489): CodeIgniter\CodeIgniter->startController()
 7 SYSTEMPATH/CodeIgniter.php(361): CodeIgniter\CodeIgniter->handleRequest(null, Object(Config\Cache), false)
 8 FCPATH/index.php(79): CodeIgniter\CodeIgniter->run()
WARNING - 2024-01-14 21:25:36 --> [DEPRECATED] Optional parameter $message declared before required parameter $typeMessage is implicitly treated as a required parameter in APPPATH/Controllers/DadosPessoaisEndPointController.php on line 106.
 1 SYSTEMPATH/Autoloader/Autoloader.php(312): include_once('/var/www/html/system/Debug/Exceptions.php')
 2 SYSTEMPATH/Autoloader/Autoloader.php(291): CodeIgniter\Autoloader\Autoloader->includeFile('/var/www/html/app/Controllers/DadosPessoaisEndPointController.php')
 3 SYSTEMPATH/Autoloader/Autoloader.php(269): CodeIgniter\Autoloader\Autoloader->loadInNamespace('App\\Controllers\\DadosPessoaisEndPointController')
 4 [internal function]: CodeIgniter\Autoloader\Autoloader->loadClass('App\\Controllers\\DadosPessoaisEndPointController')
 5 SYSTEMPATH/CodeIgniter.php(900): class_exists('\\App\\Controllers\\DadosPessoaisEndPointController', true)
 6 SYSTEMPATH/CodeIgniter.php(489): CodeIgniter\CodeIgniter->startController()
 7 SYSTEMPATH/CodeIgniter.php(361): CodeIgniter\CodeIgniter->handleRequest(null, Object(Config\Cache), false)
 8 FCPATH/index.php(79): CodeIgniter\CodeIgniter->run()
WARNING - 2024-01-14 21:25:37 --> [DEPRECATED] Optional parameter $message declared before required parameter $typeMessage is implicitly treated as a required parameter in APPPATH/Controllers/DadosPessoaisApiController.php on line 154.
 1 SYSTEMPATH/Autoloader/Autoloader.php(312): include_once('/var/www/html/system/Debug/Exceptions.php')
 2 SYSTEMPATH/Autoloader/Autoloader.php(291): CodeIgniter\Autoloader\Autoloader->includeFile('/var/www/html/app/Controllers/DadosPessoaisApiController.php')
 3 SYSTEMPATH/Autoloader/Autoloader.php(269): CodeIgniter\Autoloader\Autoloader->loadInNamespace('App\\Controllers\\DadosPessoaisApiController')
 4 [internal function]: CodeIgniter\Autoloader\Autoloader->loadClass('App\\Controllers\\DadosPessoaisApiController')
 5 SYSTEMPATH/CodeIgniter.php(900): class_exists('\\App\\Controllers\\DadosPessoaisApiController', true)
 6 SYSTEMPATH/CodeIgniter.php(489): CodeIgniter\CodeIgniter->startController()
 7 SYSTEMPATH/CodeIgniter.php(361): CodeIgniter\CodeIgniter->handleRequest(null, Object(Config\Cache), false)
 8 FCPATH/index.php(79): CodeIgniter\CodeIgniter->run()
WARNING - 2024-01-14 21:27:26 --> [DEPRECATED] Optional parameter $message declared before required parameter $typeMessage is implicitly treated as a required parameter in APPPATH/Controllers/DadosPessoaisEndPointController.php on line 106.
 1 SYSTEMPATH/Autoloader/Autoloader.php(312): include_once('/var/www/html/system/Debug/Exceptions.php')
 2 SYSTEMPATH/Autoloader/Autoloader.php(291): CodeIgniter\Autoloader\Autoloader->includeFile('/var/www/html/app/Controllers/DadosPessoaisEndPointController.php')
 3 SYSTEMPATH/Autoloader/Autoloader.php(269): CodeIgniter\Autoloader\Autoloader->loadInNamespace('App\\Controllers\\DadosPessoaisEndPointController')
 4 [internal function]: CodeIgniter\Autoloader\Autoloader->loadClass('App\\Controllers\\DadosPessoaisEndPointController')
 5 SYSTEMPATH/CodeIgniter.php(900): class_exists('\\App\\Controllers\\DadosPessoaisEndPointController', true)
 6 SYSTEMPATH/CodeIgniter.php(489): CodeIgniter\CodeIgniter->startController()
 7 SYSTEMPATH/CodeIgniter.php(361): CodeIgniter\CodeIgniter->handleRequest(null, Object(Config\Cache), false)
 8 FCPATH/index.php(79): CodeIgniter\CodeIgniter->run()
WARNING - 2024-01-14 21:27:28 --> [DEPRECATED] Optional parameter $message declared before required parameter $typeMessage is implicitly treated as a required parameter in APPPATH/Controllers/DadosPessoaisApiController.php on line 154.
 1 SYSTEMPATH/Autoloader/Autoloader.php(312): include_once('/var/www/html/system/Debug/Exceptions.php')
 2 SYSTEMPATH/Autoloader/Autoloader.php(291): CodeIgniter\Autoloader\Autoloader->includeFile('/var/www/html/app/Controllers/DadosPessoaisApiController.php')
 3 SYSTEMPATH/Autoloader/Autoloader.php(269): CodeIgniter\Autoloader\Autoloader->loadInNamespace('App\\Controllers\\DadosPessoaisApiController')
 4 [internal function]: CodeIgniter\Autoloader\Autoloader->loadClass('App\\Controllers\\DadosPessoaisApiController')
 5 SYSTEMPATH/CodeIgniter.php(900): class_exists('\\App\\Controllers\\DadosPessoaisApiController', true)
 6 SYSTEMPATH/CodeIgniter.php(489): CodeIgniter\CodeIgniter->startController()
 7 SYSTEMPATH/CodeIgniter.php(361): CodeIgniter\CodeIgniter->handleRequest(null, Object(Config\Cache), false)
 8 FCPATH/index.php(79): CodeIgniter\CodeIgniter->run()
WARNING - 2024-01-14 21:33:19 --> [DEPRECATED] Optional parameter $message declared before required parameter $typeMessage is implicitly treated as a required parameter in APPPATH/Controllers/DadosPessoaisEndPointController.php on line 106.
 1 SYSTEMPATH/Autoloader/Autoloader.php(312): include_once('/var/www/html/system/Debug/Exceptions.php')
 2 SYSTEMPATH/Autoloader/Autoloader.php(291): CodeIgniter\Autoloader\Autoloader->includeFile('/var/www/html/app/Controllers/DadosPessoaisEndPointController.php')
 3 SYSTEMPATH/Autoloader/Autoloader.php(269): CodeIgniter\Autoloader\Autoloader->loadInNamespace('App\\Controllers\\DadosPessoaisEndPointController')
 4 [internal function]: CodeIgniter\Autoloader\Autoloader->loadClass('App\\Controllers\\DadosPessoaisEndPointController')
 5 SYSTEMPATH/CodeIgniter.php(900): class_exists('\\App\\Controllers\\DadosPessoaisEndPointController', true)
 6 SYSTEMPATH/CodeIgniter.php(489): CodeIgniter\CodeIgniter->startController()
 7 SYSTEMPATH/CodeIgniter.php(361): CodeIgniter\CodeIgniter->handleRequest(null, Object(Config\Cache), false)
 8 FCPATH/index.php(79): CodeIgniter\CodeIgniter->run()
WARNING - 2024-01-14 21:33:21 --> [DEPRECATED] Optional parameter $message declared before required parameter $typeMessage is implicitly treated as a required parameter in APPPATH/Controllers/DadosPessoaisApiController.php on line 154.
 1 SYSTEMPATH/Autoloader/Autoloader.php(312): include_once('/var/www/html/system/Debug/Exceptions.php')
 2 SYSTEMPATH/Autoloader/Autoloader.php(291): CodeIgniter\Autoloader\Autoloader->includeFile('/var/www/html/app/Controllers/DadosPessoaisApiController.php')
 3 SYSTEMPATH/Autoloader/Autoloader.php(269): CodeIgniter\Autoloader\Autoloader->loadInNamespace('App\\Controllers\\DadosPessoaisApiController')
 4 [internal function]: CodeIgniter\Autoloader\Autoloader->loadClass('App\\Controllers\\DadosPessoaisApiController')
 5 SYSTEMPATH/CodeIgniter.php(900): class_exists('\\App\\Controllers\\DadosPessoaisApiController', true)
 6 SYSTEMPATH/CodeIgniter.php(489): CodeIgniter\CodeIgniter->startController()
 7 SYSTEMPATH/CodeIgniter.php(361): CodeIgniter\CodeIgniter->handleRequest(null, Object(Config\Cache), false)
 8 FCPATH/index.php(79): CodeIgniter\CodeIgniter->run()
WARNING - 2024-01-14 21:34:01 --> [DEPRECATED] Optional parameter $message declared before required parameter $typeMessage is implicitly treated as a required parameter in APPPATH/Controllers/DadosPessoaisEndPointController.php on line 106.
 1 SYSTEMPATH/Autoloader/Autoloader.php(312): include_once('/var/www/html/system/Debug/Exceptions.php')
 2 SYSTEMPATH/Autoloader/Autoloader.php(291): CodeIgniter\Autoloader\Autoloader->includeFile('/var/www/html/app/Controllers/DadosPessoaisEndPointController.php')
 3 SYSTEMPATH/Autoloader/Autoloader.php(269): CodeIgniter\Autoloader\Autoloader->loadInNamespace('App\\Controllers\\DadosPessoaisEndPointController')
 4 [internal function]: CodeIgniter\Autoloader\Autoloader->loadClass('App\\Controllers\\DadosPessoaisEndPointController')
 5 SYSTEMPATH/CodeIgniter.php(900): class_exists('\\App\\Controllers\\DadosPessoaisEndPointController', true)
 6 SYSTEMPATH/CodeIgniter.php(489): CodeIgniter\CodeIgniter->startController()
 7 SYSTEMPATH/CodeIgniter.php(361): CodeIgniter\CodeIgniter->handleRequest(null, Object(Config\Cache), false)
 8 FCPATH/index.php(79): CodeIgniter\CodeIgniter->run()
WARNING - 2024-01-14 21:34:03 --> [DEPRECATED] Optional parameter $message declared before required parameter $typeMessage is implicitly treated as a required parameter in APPPATH/Controllers/DadosPessoaisApiController.php on line 154.
 1 SYSTEMPATH/Autoloader/Autoloader.php(312): include_once('/var/www/html/system/Debug/Exceptions.php')
 2 SYSTEMPATH/Autoloader/Autoloader.php(291): CodeIgniter\Autoloader\Autoloader->includeFile('/var/www/html/app/Controllers/DadosPessoaisApiController.php')
 3 SYSTEMPATH/Autoloader/Autoloader.php(269): CodeIgniter\Autoloader\Autoloader->loadInNamespace('App\\Controllers\\DadosPessoaisApiController')
 4 [internal function]: CodeIgniter\Autoloader\Autoloader->loadClass('App\\Controllers\\DadosPessoaisApiController')
 5 SYSTEMPATH/CodeIgniter.php(900): class_exists('\\App\\Controllers\\DadosPessoaisApiController', true)
 6 SYSTEMPATH/CodeIgniter.php(489): CodeIgniter\CodeIgniter->startController()
 7 SYSTEMPATH/CodeIgniter.php(361): CodeIgniter\CodeIgniter->handleRequest(null, Object(Config\Cache), false)
 8 FCPATH/index.php(79): CodeIgniter\CodeIgniter->run()
WARNING - 2024-01-14 21:34:36 --> [DEPRECATED] Optional parameter $message declared before required parameter $typeMessage is implicitly treated as a required parameter in APPPATH/Controllers/DadosPessoaisEndPointController.php on line 106.
 1 SYSTEMPATH/Autoloader/Autoloader.php(312): include_once('/var/www/html/system/Debug/Exceptions.php')
 2 SYSTEMPATH/Autoloader/Autoloader.php(291): CodeIgniter\Autoloader\Autoloader->includeFile('/var/www/html/app/Controllers/DadosPessoaisEndPointController.php')
 3 SYSTEMPATH/Autoloader/Autoloader.php(269): CodeIgniter\Autoloader\Autoloader->loadInNamespace('App\\Controllers\\DadosPessoaisEndPointController')
 4 [internal function]: CodeIgniter\Autoloader\Autoloader->loadClass('App\\Controllers\\DadosPessoaisEndPointController')
 5 SYSTEMPATH/CodeIgniter.php(900): class_exists('\\App\\Controllers\\DadosPessoaisEndPointController', true)
 6 SYSTEMPATH/CodeIgniter.php(489): CodeIgniter\CodeIgniter->startController()
 7 SYSTEMPATH/CodeIgniter.php(361): CodeIgniter\CodeIgniter->handleRequest(null, Object(Config\Cache), false)
 8 FCPATH/index.php(79): CodeIgniter\CodeIgniter->run()
WARNING - 2024-01-14 21:34:38 --> [DEPRECATED] Optional parameter $message declared before required parameter $typeMessage is implicitly treated as a required parameter in APPPATH/Controllers/DadosPessoaisApiController.php on line 154.
 1 SYSTEMPATH/Autoloader/Autoloader.php(312): include_once('/var/www/html/system/Debug/Exceptions.php')
 2 SYSTEMPATH/Autoloader/Autoloader.php(291): CodeIgniter\Autoloader\Autoloader->includeFile('/var/www/html/app/Controllers/DadosPessoaisApiController.php')
 3 SYSTEMPATH/Autoloader/Autoloader.php(269): CodeIgniter\Autoloader\Autoloader->loadInNamespace('App\\Controllers\\DadosPessoaisApiController')
 4 [internal function]: CodeIgniter\Autoloader\Autoloader->loadClass('App\\Controllers\\DadosPessoaisApiController')
 5 SYSTEMPATH/CodeIgniter.php(900): class_exists('\\App\\Controllers\\DadosPessoaisApiController', true)
 6 SYSTEMPATH/CodeIgniter.php(489): CodeIgniter\CodeIgniter->startController()
 7 SYSTEMPATH/CodeIgniter.php(361): CodeIgniter\CodeIgniter->handleRequest(null, Object(Config\Cache), false)
 8 FCPATH/index.php(79): CodeIgniter\CodeIgniter->run()
WARNING - 2024-01-14 21:34:52 --> [DEPRECATED] Optional parameter $message declared before required parameter $typeMessage is implicitly treated as a required parameter in APPPATH/Controllers/DadosPessoaisApiController.php on line 154.
 1 SYSTEMPATH/Autoloader/Autoloader.php(312): include_once('/var/www/html/system/Debug/Exceptions.php')
 2 SYSTEMPATH/Autoloader/Autoloader.php(291): CodeIgniter\Autoloader\Autoloader->includeFile('/var/www/html/app/Controllers/DadosPessoaisApiController.php')
 3 SYSTEMPATH/Autoloader/Autoloader.php(269): CodeIgniter\Autoloader\Autoloader->loadInNamespace('App\\Controllers\\DadosPessoaisApiController')
 4 [internal function]: CodeIgniter\Autoloader\Autoloader->loadClass('App\\Controllers\\DadosPessoaisApiController')
 5 SYSTEMPATH/CodeIgniter.php(900): class_exists('\\App\\Controllers\\DadosPessoaisApiController', true)
 6 SYSTEMPATH/CodeIgniter.php(489): CodeIgniter\CodeIgniter->startController()
 7 SYSTEMPATH/CodeIgniter.php(361): CodeIgniter\CodeIgniter->handleRequest(null, Object(Config\Cache), false)
 8 FCPATH/index.php(79): CodeIgniter\CodeIgniter->run()
WARNING - 2024-01-14 21:35:03 --> [DEPRECATED] Optional parameter $message declared before required parameter $typeMessage is implicitly treated as a required parameter in APPPATH/Controllers/DadosPessoaisApiController.php on line 154.
 1 SYSTEMPATH/Autoloader/Autoloader.php(312): include_once('/var/www/html/system/Debug/Exceptions.php')
 2 SYSTEMPATH/Autoloader/Autoloader.php(291): CodeIgniter\Autoloader\Autoloader->includeFile('/var/www/html/app/Controllers/DadosPessoaisApiController.php')
 3 SYSTEMPATH/Autoloader/Autoloader.php(269): CodeIgniter\Autoloader\Autoloader->loadInNamespace('App\\Controllers\\DadosPessoaisApiController')
 4 [internal function]: CodeIgniter\Autoloader\Autoloader->loadClass('App\\Controllers\\DadosPessoaisApiController')
 5 SYSTEMPATH/CodeIgniter.php(900): class_exists('\\App\\Controllers\\DadosPessoaisApiController', true)
 6 SYSTEMPATH/CodeIgniter.php(489): CodeIgniter\CodeIgniter->startController()
 7 SYSTEMPATH/CodeIgniter.php(361): CodeIgniter\CodeIgniter->handleRequest(null, Object(Config\Cache), false)
 8 FCPATH/index.php(79): CodeIgniter\CodeIgniter->run()
WARNING - 2024-01-14 21:35:15 --> [DEPRECATED] Optional parameter $message declared before required parameter $typeMessage is implicitly treated as a required parameter in APPPATH/Controllers/DadosPessoaisApiController.php on line 154.
 1 SYSTEMPATH/Autoloader/Autoloader.php(312): include_once('/var/www/html/system/Debug/Exceptions.php')
 2 SYSTEMPATH/Autoloader/Autoloader.php(291): CodeIgniter\Autoloader\Autoloader->includeFile('/var/www/html/app/Controllers/DadosPessoaisApiController.php')
 3 SYSTEMPATH/Autoloader/Autoloader.php(269): CodeIgniter\Autoloader\Autoloader->loadInNamespace('App\\Controllers\\DadosPessoaisApiController')
 4 [internal function]: CodeIgniter\Autoloader\Autoloader->loadClass('App\\Controllers\\DadosPessoaisApiController')
 5 SYSTEMPATH/CodeIgniter.php(900): class_exists('\\App\\Controllers\\DadosPessoaisApiController', true)
 6 SYSTEMPATH/CodeIgniter.php(489): CodeIgniter\CodeIgniter->startController()
 7 SYSTEMPATH/CodeIgniter.php(361): CodeIgniter\CodeIgniter->handleRequest(null, Object(Config\Cache), false)
 8 FCPATH/index.php(79): CodeIgniter\CodeIgniter->run()
