WARNING - 2024-01-15 00:14:17 --> [DEPRECATED] Optional parameter $message declared before required parameter $typeMessage is implicitly treated as a required parameter in APPPATH/Controllers/DadosPessoaisEndPointController.php on line 106.
 1 SYSTEMPATH/Autoloader/Autoloader.php(312): include_once('/var/www/html/system/Debug/Exceptions.php')
 2 SYSTEMPATH/Autoloader/Autoloader.php(291): CodeIgniter\Autoloader\Autoloader->includeFile('/var/www/html/app/Controllers/DadosPessoaisEndPointController.php')
 3 SYSTEMPATH/Autoloader/Autoloader.php(269): CodeIgniter\Autoloader\Autoloader->loadInNamespace('App\\Controllers\\DadosPessoaisEndPointController')
 4 [internal function]: CodeIgniter\Autoloader\Autoloader->loadClass('App\\Controllers\\DadosPessoaisEndPointController')
 5 SYSTEMPATH/CodeIgniter.php(900): class_exists('\\App\\Controllers\\DadosPessoaisEndPointController', true)
 6 SYSTEMPATH/CodeIgniter.php(489): CodeIgniter\CodeIgniter->startController()
 7 SYSTEMPATH/CodeIgniter.php(361): CodeIgniter\CodeIgniter->handleRequest(null, Object(Config\Cache), false)
 8 FCPATH/index.php(79): CodeIgniter\CodeIgniter->run()
WARNING - 2024-01-15 00:14:20 --> [DEPRECATED] Optional parameter $message declared before required parameter $typeMessage is implicitly treated as a required parameter in APPPATH/Controllers/DadosPessoaisApiController.php on line 154.
 1 SYSTEMPATH/Autoloader/Autoloader.php(312): include_once('/var/www/html/system/Debug/Exceptions.php')
 2 SYSTEMPATH/Autoloader/Autoloader.php(291): CodeIgniter\Autoloader\Autoloader->includeFile('/var/www/html/app/Controllers/DadosPessoaisApiController.php')
 3 SYSTEMPATH/Autoloader/Autoloader.php(269): CodeIgniter\Autoloader\Autoloader->loadInNamespace('App\\Controllers\\DadosPessoaisApiController')
 4 [internal function]: CodeIgniter\Autoloader\Autoloader->loadClass('App\\Controllers\\DadosPessoaisApiController')
 5 SYSTEMPATH/CodeIgniter.php(900): class_exists('\\App\\Controllers\\DadosPessoaisApiController', true)
 6 SYSTEMPATH/CodeIgniter.php(489): CodeIgniter\CodeIgniter->startController()
 7 SYSTEMPATH/CodeIgniter.php(361): CodeIgniter\CodeIgniter->handleRequest(null, Object(Config\Cache), false)
 8 FCPATH/index.php(79): CodeIgniter\CodeIgniter->run()
WARNING - 2024-01-15 00:16:32 --> [DEPRECATED] Optional parameter $message declared before required parameter $typeMessage is implicitly treated as a required parameter in APPPATH/Controllers/DadosPessoaisApiController.php on line 154.
 1 SYSTEMPATH/Autoloader/Autoloader.php(312): include_once('/var/www/html/system/Debug/Exceptions.php')
 2 SYSTEMPATH/Autoloader/Autoloader.php(291): CodeIgniter\Autoloader\Autoloader->includeFile('/var/www/html/app/Controllers/DadosPessoaisApiController.php')
 3 SYSTEMPATH/Autoloader/Autoloader.php(269): CodeIgniter\Autoloader\Autoloader->loadInNamespace('App\\Controllers\\DadosPessoaisApiController')
 4 [internal function]: CodeIgniter\Autoloader\Autoloader->loadClass('App\\Controllers\\DadosPessoaisApiController')
 5 SYSTEMPATH/CodeIgniter.php(900): class_exists('\\App\\Controllers\\DadosPessoaisApiController', true)
 6 SYSTEMPATH/CodeIgniter.php(489): CodeIgniter\CodeIgniter->startController()
 7 SYSTEMPATH/CodeIgniter.php(361): CodeIgniter\CodeIgniter->handleRequest(null, Object(Config\Cache), false)
 8 FCPATH/index.php(79): CodeIgniter\CodeIgniter->run()
WARNING - 2024-01-15 00:16:40 --> [DEPRECATED] Optional parameter $message declared before required parameter $typeMessage is implicitly treated as a required parameter in APPPATH/Controllers/DadosPessoaisEndPointController.php on line 106.
 1 SYSTEMPATH/Autoloader/Autoloader.php(312): include_once('/var/www/html/system/Debug/Exceptions.php')
 2 SYSTEMPATH/Autoloader/Autoloader.php(291): CodeIgniter\Autoloader\Autoloader->includeFile('/var/www/html/app/Controllers/DadosPessoaisEndPointController.php')
 3 SYSTEMPATH/Autoloader/Autoloader.php(269): CodeIgniter\Autoloader\Autoloader->loadInNamespace('App\\Controllers\\DadosPessoaisEndPointController')
 4 [internal function]: CodeIgniter\Autoloader\Autoloader->loadClass('App\\Controllers\\DadosPessoaisEndPointController')
 5 SYSTEMPATH/CodeIgniter.php(900): class_exists('\\App\\Controllers\\DadosPessoaisEndPointController', true)
 6 SYSTEMPATH/CodeIgniter.php(489): CodeIgniter\CodeIgniter->startController()
 7 SYSTEMPATH/CodeIgniter.php(361): CodeIgniter\CodeIgniter->handleRequest(null, Object(Config\Cache), false)
 8 FCPATH/index.php(79): CodeIgniter\CodeIgniter->run()
WARNING - 2024-01-15 00:16:42 --> [DEPRECATED] Optional parameter $message declared before required parameter $typeMessage is implicitly treated as a required parameter in APPPATH/Controllers/DadosPessoaisApiController.php on line 154.
 1 SYSTEMPATH/Autoloader/Autoloader.php(312): include_once('/var/www/html/system/Debug/Exceptions.php')
 2 SYSTEMPATH/Autoloader/Autoloader.php(291): CodeIgniter\Autoloader\Autoloader->includeFile('/var/www/html/app/Controllers/DadosPessoaisApiController.php')
 3 SYSTEMPATH/Autoloader/Autoloader.php(269): CodeIgniter\Autoloader\Autoloader->loadInNamespace('App\\Controllers\\DadosPessoaisApiController')
 4 [internal function]: CodeIgniter\Autoloader\Autoloader->loadClass('App\\Controllers\\DadosPessoaisApiController')
 5 SYSTEMPATH/CodeIgniter.php(900): class_exists('\\App\\Controllers\\DadosPessoaisApiController', true)
 6 SYSTEMPATH/CodeIgniter.php(489): CodeIgniter\CodeIgniter->startController()
 7 SYSTEMPATH/CodeIgniter.php(361): CodeIgniter\CodeIgniter->handleRequest(null, Object(Config\Cache), false)
 8 FCPATH/index.php(79): CodeIgniter\CodeIgniter->run()
WARNING - 2024-01-15 00:17:55 --> [DEPRECATED] Optional parameter $message declared before required parameter $typeMessage is implicitly treated as a required parameter in APPPATH/Controllers/DadosPessoaisEndPointController.php on line 106.
 1 SYSTEMPATH/Autoloader/Autoloader.php(312): include_once('/var/www/html/system/Debug/Exceptions.php')
 2 SYSTEMPATH/Autoloader/Autoloader.php(291): CodeIgniter\Autoloader\Autoloader->includeFile('/var/www/html/app/Controllers/DadosPessoaisEndPointController.php')
 3 SYSTEMPATH/Autoloader/Autoloader.php(269): CodeIgniter\Autoloader\Autoloader->loadInNamespace('App\\Controllers\\DadosPessoaisEndPointController')
 4 [internal function]: CodeIgniter\Autoloader\Autoloader->loadClass('App\\Controllers\\DadosPessoaisEndPointController')
 5 SYSTEMPATH/CodeIgniter.php(900): class_exists('\\App\\Controllers\\DadosPessoaisEndPointController', true)
 6 SYSTEMPATH/CodeIgniter.php(489): CodeIgniter\CodeIgniter->startController()
 7 SYSTEMPATH/CodeIgniter.php(361): CodeIgniter\CodeIgniter->handleRequest(null, Object(Config\Cache), false)
 8 FCPATH/index.php(79): CodeIgniter\CodeIgniter->run()
WARNING - 2024-01-15 00:17:57 --> [DEPRECATED] Optional parameter $message declared before required parameter $typeMessage is implicitly treated as a required parameter in APPPATH/Controllers/DadosPessoaisApiController.php on line 154.
 1 SYSTEMPATH/Autoloader/Autoloader.php(312): include_once('/var/www/html/system/Debug/Exceptions.php')
 2 SYSTEMPATH/Autoloader/Autoloader.php(291): CodeIgniter\Autoloader\Autoloader->includeFile('/var/www/html/app/Controllers/DadosPessoaisApiController.php')
 3 SYSTEMPATH/Autoloader/Autoloader.php(269): CodeIgniter\Autoloader\Autoloader->loadInNamespace('App\\Controllers\\DadosPessoaisApiController')
 4 [internal function]: CodeIgniter\Autoloader\Autoloader->loadClass('App\\Controllers\\DadosPessoaisApiController')
 5 SYSTEMPATH/CodeIgniter.php(900): class_exists('\\App\\Controllers\\DadosPessoaisApiController', true)
 6 SYSTEMPATH/CodeIgniter.php(489): CodeIgniter\CodeIgniter->startController()
 7 SYSTEMPATH/CodeIgniter.php(361): CodeIgniter\CodeIgniter->handleRequest(null, Object(Config\Cache), false)
 8 FCPATH/index.php(79): CodeIgniter\CodeIgniter->run()
WARNING - 2024-01-15 00:42:03 --> [DEPRECATED] Optional parameter $message declared before required parameter $typeMessage is implicitly treated as a required parameter in APPPATH/Controllers/DadosPessoaisEndPointController.php on line 106.
 1 SYSTEMPATH/Autoloader/Autoloader.php(312): include_once('/var/www/html/system/Debug/Exceptions.php')
 2 SYSTEMPATH/Autoloader/Autoloader.php(291): CodeIgniter\Autoloader\Autoloader->includeFile('/var/www/html/app/Controllers/DadosPessoaisEndPointController.php')
 3 SYSTEMPATH/Autoloader/Autoloader.php(269): CodeIgniter\Autoloader\Autoloader->loadInNamespace('App\\Controllers\\DadosPessoaisEndPointController')
 4 [internal function]: CodeIgniter\Autoloader\Autoloader->loadClass('App\\Controllers\\DadosPessoaisEndPointController')
 5 SYSTEMPATH/CodeIgniter.php(900): class_exists('\\App\\Controllers\\DadosPessoaisEndPointController', true)
 6 SYSTEMPATH/CodeIgniter.php(489): CodeIgniter\CodeIgniter->startController()
 7 SYSTEMPATH/CodeIgniter.php(361): CodeIgniter\CodeIgniter->handleRequest(null, Object(Config\Cache), false)
 8 FCPATH/index.php(79): CodeIgniter\CodeIgniter->run()
WARNING - 2024-01-15 00:42:05 --> [DEPRECATED] Optional parameter $message declared before required parameter $typeMessage is implicitly treated as a required parameter in APPPATH/Controllers/DadosPessoaisApiController.php on line 154.
 1 SYSTEMPATH/Autoloader/Autoloader.php(312): include_once('/var/www/html/system/Debug/Exceptions.php')
 2 SYSTEMPATH/Autoloader/Autoloader.php(291): CodeIgniter\Autoloader\Autoloader->includeFile('/var/www/html/app/Controllers/DadosPessoaisApiController.php')
 3 SYSTEMPATH/Autoloader/Autoloader.php(269): CodeIgniter\Autoloader\Autoloader->loadInNamespace('App\\Controllers\\DadosPessoaisApiController')
 4 [internal function]: CodeIgniter\Autoloader\Autoloader->loadClass('App\\Controllers\\DadosPessoaisApiController')
 5 SYSTEMPATH/CodeIgniter.php(900): class_exists('\\App\\Controllers\\DadosPessoaisApiController', true)
 6 SYSTEMPATH/CodeIgniter.php(489): CodeIgniter\CodeIgniter->startController()
 7 SYSTEMPATH/CodeIgniter.php(361): CodeIgniter\CodeIgniter->handleRequest(null, Object(Config\Cache), false)
 8 FCPATH/index.php(79): CodeIgniter\CodeIgniter->run()
WARNING - 2024-01-15 00:42:09 --> [DEPRECATED] Optional parameter $message declared before required parameter $typeMessage is implicitly treated as a required parameter in APPPATH/Controllers/DadosPessoaisEndPointController.php on line 106.
 1 SYSTEMPATH/Autoloader/Autoloader.php(312): include_once('/var/www/html/system/Debug/Exceptions.php')
 2 SYSTEMPATH/Autoloader/Autoloader.php(291): CodeIgniter\Autoloader\Autoloader->includeFile('/var/www/html/app/Controllers/DadosPessoaisEndPointController.php')
 3 SYSTEMPATH/Autoloader/Autoloader.php(269): CodeIgniter\Autoloader\Autoloader->loadInNamespace('App\\Controllers\\DadosPessoaisEndPointController')
 4 [internal function]: CodeIgniter\Autoloader\Autoloader->loadClass('App\\Controllers\\DadosPessoaisEndPointController')
 5 SYSTEMPATH/CodeIgniter.php(900): class_exists('\\App\\Controllers\\DadosPessoaisEndPointController', true)
 6 SYSTEMPATH/CodeIgniter.php(489): CodeIgniter\CodeIgniter->startController()
 7 SYSTEMPATH/CodeIgniter.php(361): CodeIgniter\CodeIgniter->handleRequest(null, Object(Config\Cache), false)
 8 FCPATH/index.php(79): CodeIgniter\CodeIgniter->run()
WARNING - 2024-01-15 00:42:11 --> [DEPRECATED] Optional parameter $message declared before required parameter $typeMessage is implicitly treated as a required parameter in APPPATH/Controllers/DadosPessoaisApiController.php on line 154.
 1 SYSTEMPATH/Autoloader/Autoloader.php(312): include_once('/var/www/html/system/Debug/Exceptions.php')
 2 SYSTEMPATH/Autoloader/Autoloader.php(291): CodeIgniter\Autoloader\Autoloader->includeFile('/var/www/html/app/Controllers/DadosPessoaisApiController.php')
 3 SYSTEMPATH/Autoloader/Autoloader.php(269): CodeIgniter\Autoloader\Autoloader->loadInNamespace('App\\Controllers\\DadosPessoaisApiController')
 4 [internal function]: CodeIgniter\Autoloader\Autoloader->loadClass('App\\Controllers\\DadosPessoaisApiController')
 5 SYSTEMPATH/CodeIgniter.php(900): class_exists('\\App\\Controllers\\DadosPessoaisApiController', true)
 6 SYSTEMPATH/CodeIgniter.php(489): CodeIgniter\CodeIgniter->startController()
 7 SYSTEMPATH/CodeIgniter.php(361): CodeIgniter\CodeIgniter->handleRequest(null, Object(Config\Cache), false)
 8 FCPATH/index.php(79): CodeIgniter\CodeIgniter->run()
WARNING - 2024-01-15 00:42:52 --> [DEPRECATED] Optional parameter $message declared before required parameter $typeMessage is implicitly treated as a required parameter in APPPATH/Controllers/DadosPessoaisEndPointController.php on line 106.
 1 SYSTEMPATH/Autoloader/Autoloader.php(312): include_once('/var/www/html/system/Debug/Exceptions.php')
 2 SYSTEMPATH/Autoloader/Autoloader.php(291): CodeIgniter\Autoloader\Autoloader->includeFile('/var/www/html/app/Controllers/DadosPessoaisEndPointController.php')
 3 SYSTEMPATH/Autoloader/Autoloader.php(269): CodeIgniter\Autoloader\Autoloader->loadInNamespace('App\\Controllers\\DadosPessoaisEndPointController')
 4 [internal function]: CodeIgniter\Autoloader\Autoloader->loadClass('App\\Controllers\\DadosPessoaisEndPointController')
 5 SYSTEMPATH/CodeIgniter.php(900): class_exists('\\App\\Controllers\\DadosPessoaisEndPointController', true)
 6 SYSTEMPATH/CodeIgniter.php(489): CodeIgniter\CodeIgniter->startController()
 7 SYSTEMPATH/CodeIgniter.php(361): CodeIgniter\CodeIgniter->handleRequest(null, Object(Config\Cache), false)
 8 FCPATH/index.php(79): CodeIgniter\CodeIgniter->run()
WARNING - 2024-01-15 00:42:54 --> [DEPRECATED] Optional parameter $message declared before required parameter $typeMessage is implicitly treated as a required parameter in APPPATH/Controllers/DadosPessoaisApiController.php on line 154.
 1 SYSTEMPATH/Autoloader/Autoloader.php(312): include_once('/var/www/html/system/Debug/Exceptions.php')
 2 SYSTEMPATH/Autoloader/Autoloader.php(291): CodeIgniter\Autoloader\Autoloader->includeFile('/var/www/html/app/Controllers/DadosPessoaisApiController.php')
 3 SYSTEMPATH/Autoloader/Autoloader.php(269): CodeIgniter\Autoloader\Autoloader->loadInNamespace('App\\Controllers\\DadosPessoaisApiController')
 4 [internal function]: CodeIgniter\Autoloader\Autoloader->loadClass('App\\Controllers\\DadosPessoaisApiController')
 5 SYSTEMPATH/CodeIgniter.php(900): class_exists('\\App\\Controllers\\DadosPessoaisApiController', true)
 6 SYSTEMPATH/CodeIgniter.php(489): CodeIgniter\CodeIgniter->startController()
 7 SYSTEMPATH/CodeIgniter.php(361): CodeIgniter\CodeIgniter->handleRequest(null, Object(Config\Cache), false)
 8 FCPATH/index.php(79): CodeIgniter\CodeIgniter->run()
WARNING - 2024-01-15 00:44:31 --> [DEPRECATED] Optional parameter $message declared before required parameter $typeMessage is implicitly treated as a required parameter in APPPATH/Controllers/DadosPessoaisEndPointController.php on line 106.
 1 SYSTEMPATH/Autoloader/Autoloader.php(312): include_once('/var/www/html/system/Debug/Exceptions.php')
 2 SYSTEMPATH/Autoloader/Autoloader.php(291): CodeIgniter\Autoloader\Autoloader->includeFile('/var/www/html/app/Controllers/DadosPessoaisEndPointController.php')
 3 SYSTEMPATH/Autoloader/Autoloader.php(269): CodeIgniter\Autoloader\Autoloader->loadInNamespace('App\\Controllers\\DadosPessoaisEndPointController')
 4 [internal function]: CodeIgniter\Autoloader\Autoloader->loadClass('App\\Controllers\\DadosPessoaisEndPointController')
 5 SYSTEMPATH/CodeIgniter.php(900): class_exists('\\App\\Controllers\\DadosPessoaisEndPointController', true)
 6 SYSTEMPATH/CodeIgniter.php(489): CodeIgniter\CodeIgniter->startController()
 7 SYSTEMPATH/CodeIgniter.php(361): CodeIgniter\CodeIgniter->handleRequest(null, Object(Config\Cache), false)
 8 FCPATH/index.php(79): CodeIgniter\CodeIgniter->run()
WARNING - 2024-01-15 00:44:33 --> [DEPRECATED] Optional parameter $message declared before required parameter $typeMessage is implicitly treated as a required parameter in APPPATH/Controllers/DadosPessoaisApiController.php on line 154.
 1 SYSTEMPATH/Autoloader/Autoloader.php(312): include_once('/var/www/html/system/Debug/Exceptions.php')
 2 SYSTEMPATH/Autoloader/Autoloader.php(291): CodeIgniter\Autoloader\Autoloader->includeFile('/var/www/html/app/Controllers/DadosPessoaisApiController.php')
 3 SYSTEMPATH/Autoloader/Autoloader.php(269): CodeIgniter\Autoloader\Autoloader->loadInNamespace('App\\Controllers\\DadosPessoaisApiController')
 4 [internal function]: CodeIgniter\Autoloader\Autoloader->loadClass('App\\Controllers\\DadosPessoaisApiController')
 5 SYSTEMPATH/CodeIgniter.php(900): class_exists('\\App\\Controllers\\DadosPessoaisApiController', true)
 6 SYSTEMPATH/CodeIgniter.php(489): CodeIgniter\CodeIgniter->startController()
 7 SYSTEMPATH/CodeIgniter.php(361): CodeIgniter\CodeIgniter->handleRequest(null, Object(Config\Cache), false)
 8 FCPATH/index.php(79): CodeIgniter\CodeIgniter->run()
CRITICAL - 2024-01-15 00:44:34 --> Invalid file: "icon/trash.php"
in SYSTEMPATH/Exceptions/FrameworkException.php on line 39.
 1 SYSTEMPATH/View/View.php(216): CodeIgniter\Exceptions\FrameworkException::forInvalidFile('icon/trash.php')
 2 SYSTEMPATH/Common.php(1190): CodeIgniter\View\View->render('icon/trash', [], true)
 3 APPPATH/Views/dadospessoais/react/array_table.php(61): view('icon/trash', [...])
 4 SYSTEMPATH/View/View.php(228): include('/var/www/html/app/Views/dadospessoais/react/array_table.php')
 5 SYSTEMPATH/View/View.php(231): CodeIgniter\View\View->CodeIgniter\View\{closure}()
 6 SYSTEMPATH/Common.php(1190): CodeIgniter\View\View->render('dadospessoais/react/array_table', [], true)
 7 APPPATH/Views/dadospessoais/template/main.php(30): view('dadospessoais/react/array_table')
 8 SYSTEMPATH/View/View.php(228): include('/var/www/html/app/Views/dadospessoais/template/main.php')
 9 SYSTEMPATH/View/View.php(231): CodeIgniter\View\View->CodeIgniter\View\{closure}()
10 SYSTEMPATH/Common.php(1190): CodeIgniter\View\View->render('dadospessoais/template/main', [], true)
11 APPPATH/Controllers/DadosPessoaisEndPointController.php(213): view('dadospessoais/template/main', [...])
12 SYSTEMPATH/CodeIgniter.php(942): App\Controllers\DadosPessoaisEndPointController->dbRead()
13 SYSTEMPATH/CodeIgniter.php(502): CodeIgniter\CodeIgniter->runController(Object(App\Controllers\DadosPessoaisEndPointController))
14 SYSTEMPATH/CodeIgniter.php(361): CodeIgniter\CodeIgniter->handleRequest(null, Object(Config\Cache), false)
15 FCPATH/index.php(79): CodeIgniter\CodeIgniter->run()
WARNING - 2024-01-15 00:45:34 --> [DEPRECATED] Optional parameter $message declared before required parameter $typeMessage is implicitly treated as a required parameter in APPPATH/Controllers/DadosPessoaisEndPointController.php on line 106.
 1 SYSTEMPATH/Autoloader/Autoloader.php(312): include_once('/var/www/html/system/Debug/Exceptions.php')
 2 SYSTEMPATH/Autoloader/Autoloader.php(291): CodeIgniter\Autoloader\Autoloader->includeFile('/var/www/html/app/Controllers/DadosPessoaisEndPointController.php')
 3 SYSTEMPATH/Autoloader/Autoloader.php(269): CodeIgniter\Autoloader\Autoloader->loadInNamespace('App\\Controllers\\DadosPessoaisEndPointController')
 4 [internal function]: CodeIgniter\Autoloader\Autoloader->loadClass('App\\Controllers\\DadosPessoaisEndPointController')
 5 SYSTEMPATH/CodeIgniter.php(900): class_exists('\\App\\Controllers\\DadosPessoaisEndPointController', true)
 6 SYSTEMPATH/CodeIgniter.php(489): CodeIgniter\CodeIgniter->startController()
 7 SYSTEMPATH/CodeIgniter.php(361): CodeIgniter\CodeIgniter->handleRequest(null, Object(Config\Cache), false)
 8 FCPATH/index.php(79): CodeIgniter\CodeIgniter->run()
WARNING - 2024-01-15 00:45:37 --> [DEPRECATED] Optional parameter $message declared before required parameter $typeMessage is implicitly treated as a required parameter in APPPATH/Controllers/DadosPessoaisApiController.php on line 154.
 1 SYSTEMPATH/Autoloader/Autoloader.php(312): include_once('/var/www/html/system/Debug/Exceptions.php')
 2 SYSTEMPATH/Autoloader/Autoloader.php(291): CodeIgniter\Autoloader\Autoloader->includeFile('/var/www/html/app/Controllers/DadosPessoaisApiController.php')
 3 SYSTEMPATH/Autoloader/Autoloader.php(269): CodeIgniter\Autoloader\Autoloader->loadInNamespace('App\\Controllers\\DadosPessoaisApiController')
 4 [internal function]: CodeIgniter\Autoloader\Autoloader->loadClass('App\\Controllers\\DadosPessoaisApiController')
 5 SYSTEMPATH/CodeIgniter.php(900): class_exists('\\App\\Controllers\\DadosPessoaisApiController', true)
 6 SYSTEMPATH/CodeIgniter.php(489): CodeIgniter\CodeIgniter->startController()
 7 SYSTEMPATH/CodeIgniter.php(361): CodeIgniter\CodeIgniter->handleRequest(null, Object(Config\Cache), false)
 8 FCPATH/index.php(79): CodeIgniter\CodeIgniter->run()
CRITICAL - 2024-01-15 00:45:38 --> Invalid file: "icon/square-pencil.php"
in SYSTEMPATH/Exceptions/FrameworkException.php on line 39.
 1 SYSTEMPATH/View/View.php(216): CodeIgniter\Exceptions\FrameworkException::forInvalidFile('icon/square-pencil.php')
 2 SYSTEMPATH/Common.php(1190): CodeIgniter\View\View->render('icon/square-pencil', [], true)
 3 APPPATH/Views/dadospessoais/react/array_table.php(62): view('icon/square-pencil', [...])
 4 SYSTEMPATH/View/View.php(228): include('/var/www/html/app/Views/dadospessoais/react/array_table.php')
 5 SYSTEMPATH/View/View.php(231): CodeIgniter\View\View->CodeIgniter\View\{closure}()
 6 SYSTEMPATH/Common.php(1190): CodeIgniter\View\View->render('dadospessoais/react/array_table', [], true)
 7 APPPATH/Views/dadospessoais/template/main.php(30): view('dadospessoais/react/array_table')
 8 SYSTEMPATH/View/View.php(228): include('/var/www/html/app/Views/dadospessoais/template/main.php')
 9 SYSTEMPATH/View/View.php(231): CodeIgniter\View\View->CodeIgniter\View\{closure}()
10 SYSTEMPATH/Common.php(1190): CodeIgniter\View\View->render('dadospessoais/template/main', [], true)
11 APPPATH/Controllers/DadosPessoaisEndPointController.php(213): view('dadospessoais/template/main', [...])
12 SYSTEMPATH/CodeIgniter.php(942): App\Controllers\DadosPessoaisEndPointController->dbRead()
13 SYSTEMPATH/CodeIgniter.php(502): CodeIgniter\CodeIgniter->runController(Object(App\Controllers\DadosPessoaisEndPointController))
14 SYSTEMPATH/CodeIgniter.php(361): CodeIgniter\CodeIgniter->handleRequest(null, Object(Config\Cache), false)
15 FCPATH/index.php(79): CodeIgniter\CodeIgniter->run()
WARNING - 2024-01-15 00:46:31 --> [DEPRECATED] Optional parameter $message declared before required parameter $typeMessage is implicitly treated as a required parameter in APPPATH/Controllers/DadosPessoaisEndPointController.php on line 106.
 1 SYSTEMPATH/Autoloader/Autoloader.php(312): include_once('/var/www/html/system/Debug/Exceptions.php')
 2 SYSTEMPATH/Autoloader/Autoloader.php(291): CodeIgniter\Autoloader\Autoloader->includeFile('/var/www/html/app/Controllers/DadosPessoaisEndPointController.php')
 3 SYSTEMPATH/Autoloader/Autoloader.php(269): CodeIgniter\Autoloader\Autoloader->loadInNamespace('App\\Controllers\\DadosPessoaisEndPointController')
 4 [internal function]: CodeIgniter\Autoloader\Autoloader->loadClass('App\\Controllers\\DadosPessoaisEndPointController')
 5 SYSTEMPATH/CodeIgniter.php(900): class_exists('\\App\\Controllers\\DadosPessoaisEndPointController', true)
 6 SYSTEMPATH/CodeIgniter.php(489): CodeIgniter\CodeIgniter->startController()
 7 SYSTEMPATH/CodeIgniter.php(361): CodeIgniter\CodeIgniter->handleRequest(null, Object(Config\Cache), false)
 8 FCPATH/index.php(79): CodeIgniter\CodeIgniter->run()
WARNING - 2024-01-15 00:46:33 --> [DEPRECATED] Optional parameter $message declared before required parameter $typeMessage is implicitly treated as a required parameter in APPPATH/Controllers/DadosPessoaisApiController.php on line 154.
 1 SYSTEMPATH/Autoloader/Autoloader.php(312): include_once('/var/www/html/system/Debug/Exceptions.php')
 2 SYSTEMPATH/Autoloader/Autoloader.php(291): CodeIgniter\Autoloader\Autoloader->includeFile('/var/www/html/app/Controllers/DadosPessoaisApiController.php')
 3 SYSTEMPATH/Autoloader/Autoloader.php(269): CodeIgniter\Autoloader\Autoloader->loadInNamespace('App\\Controllers\\DadosPessoaisApiController')
 4 [internal function]: CodeIgniter\Autoloader\Autoloader->loadClass('App\\Controllers\\DadosPessoaisApiController')
 5 SYSTEMPATH/CodeIgniter.php(900): class_exists('\\App\\Controllers\\DadosPessoaisApiController', true)
 6 SYSTEMPATH/CodeIgniter.php(489): CodeIgniter\CodeIgniter->startController()
 7 SYSTEMPATH/CodeIgniter.php(361): CodeIgniter\CodeIgniter->handleRequest(null, Object(Config\Cache), false)
 8 FCPATH/index.php(79): CodeIgniter\CodeIgniter->run()
WARNING - 2024-01-15 00:47:19 --> [DEPRECATED] Optional parameter $message declared before required parameter $typeMessage is implicitly treated as a required parameter in APPPATH/Controllers/DadosPessoaisEndPointController.php on line 106.
 1 SYSTEMPATH/Autoloader/Autoloader.php(312): include_once('/var/www/html/system/Debug/Exceptions.php')
 2 SYSTEMPATH/Autoloader/Autoloader.php(291): CodeIgniter\Autoloader\Autoloader->includeFile('/var/www/html/app/Controllers/DadosPessoaisEndPointController.php')
 3 SYSTEMPATH/Autoloader/Autoloader.php(269): CodeIgniter\Autoloader\Autoloader->loadInNamespace('App\\Controllers\\DadosPessoaisEndPointController')
 4 [internal function]: CodeIgniter\Autoloader\Autoloader->loadClass('App\\Controllers\\DadosPessoaisEndPointController')
 5 SYSTEMPATH/CodeIgniter.php(900): class_exists('\\App\\Controllers\\DadosPessoaisEndPointController', true)
 6 SYSTEMPATH/CodeIgniter.php(489): CodeIgniter\CodeIgniter->startController()
 7 SYSTEMPATH/CodeIgniter.php(361): CodeIgniter\CodeIgniter->handleRequest(null, Object(Config\Cache), false)
 8 FCPATH/index.php(79): CodeIgniter\CodeIgniter->run()
WARNING - 2024-01-15 00:47:21 --> [DEPRECATED] Optional parameter $message declared before required parameter $typeMessage is implicitly treated as a required parameter in APPPATH/Controllers/DadosPessoaisApiController.php on line 154.
 1 SYSTEMPATH/Autoloader/Autoloader.php(312): include_once('/var/www/html/system/Debug/Exceptions.php')
 2 SYSTEMPATH/Autoloader/Autoloader.php(291): CodeIgniter\Autoloader\Autoloader->includeFile('/var/www/html/app/Controllers/DadosPessoaisApiController.php')
 3 SYSTEMPATH/Autoloader/Autoloader.php(269): CodeIgniter\Autoloader\Autoloader->loadInNamespace('App\\Controllers\\DadosPessoaisApiController')
 4 [internal function]: CodeIgniter\Autoloader\Autoloader->loadClass('App\\Controllers\\DadosPessoaisApiController')
 5 SYSTEMPATH/CodeIgniter.php(900): class_exists('\\App\\Controllers\\DadosPessoaisApiController', true)
 6 SYSTEMPATH/CodeIgniter.php(489): CodeIgniter\CodeIgniter->startController()
 7 SYSTEMPATH/CodeIgniter.php(361): CodeIgniter\CodeIgniter->handleRequest(null, Object(Config\Cache), false)
 8 FCPATH/index.php(79): CodeIgniter\CodeIgniter->run()
WARNING - 2024-01-15 00:48:17 --> [DEPRECATED] Optional parameter $message declared before required parameter $typeMessage is implicitly treated as a required parameter in APPPATH/Controllers/DadosPessoaisEndPointController.php on line 106.
 1 SYSTEMPATH/Autoloader/Autoloader.php(312): include_once('/var/www/html/system/Debug/Exceptions.php')
 2 SYSTEMPATH/Autoloader/Autoloader.php(291): CodeIgniter\Autoloader\Autoloader->includeFile('/var/www/html/app/Controllers/DadosPessoaisEndPointController.php')
 3 SYSTEMPATH/Autoloader/Autoloader.php(269): CodeIgniter\Autoloader\Autoloader->loadInNamespace('App\\Controllers\\DadosPessoaisEndPointController')
 4 [internal function]: CodeIgniter\Autoloader\Autoloader->loadClass('App\\Controllers\\DadosPessoaisEndPointController')
 5 SYSTEMPATH/CodeIgniter.php(900): class_exists('\\App\\Controllers\\DadosPessoaisEndPointController', true)
 6 SYSTEMPATH/CodeIgniter.php(489): CodeIgniter\CodeIgniter->startController()
 7 SYSTEMPATH/CodeIgniter.php(361): CodeIgniter\CodeIgniter->handleRequest(null, Object(Config\Cache), false)
 8 FCPATH/index.php(79): CodeIgniter\CodeIgniter->run()
WARNING - 2024-01-15 00:48:19 --> [DEPRECATED] Optional parameter $message declared before required parameter $typeMessage is implicitly treated as a required parameter in APPPATH/Controllers/DadosPessoaisApiController.php on line 154.
 1 SYSTEMPATH/Autoloader/Autoloader.php(312): include_once('/var/www/html/system/Debug/Exceptions.php')
 2 SYSTEMPATH/Autoloader/Autoloader.php(291): CodeIgniter\Autoloader\Autoloader->includeFile('/var/www/html/app/Controllers/DadosPessoaisApiController.php')
 3 SYSTEMPATH/Autoloader/Autoloader.php(269): CodeIgniter\Autoloader\Autoloader->loadInNamespace('App\\Controllers\\DadosPessoaisApiController')
 4 [internal function]: CodeIgniter\Autoloader\Autoloader->loadClass('App\\Controllers\\DadosPessoaisApiController')
 5 SYSTEMPATH/CodeIgniter.php(900): class_exists('\\App\\Controllers\\DadosPessoaisApiController', true)
 6 SYSTEMPATH/CodeIgniter.php(489): CodeIgniter\CodeIgniter->startController()
 7 SYSTEMPATH/CodeIgniter.php(361): CodeIgniter\CodeIgniter->handleRequest(null, Object(Config\Cache), false)
 8 FCPATH/index.php(79): CodeIgniter\CodeIgniter->run()
WARNING - 2024-01-15 00:48:45 --> [DEPRECATED] Optional parameter $message declared before required parameter $typeMessage is implicitly treated as a required parameter in APPPATH/Controllers/DadosPessoaisEndPointController.php on line 106.
 1 SYSTEMPATH/Autoloader/Autoloader.php(312): include_once('/var/www/html/system/Debug/Exceptions.php')
 2 SYSTEMPATH/Autoloader/Autoloader.php(291): CodeIgniter\Autoloader\Autoloader->includeFile('/var/www/html/app/Controllers/DadosPessoaisEndPointController.php')
 3 SYSTEMPATH/Autoloader/Autoloader.php(269): CodeIgniter\Autoloader\Autoloader->loadInNamespace('App\\Controllers\\DadosPessoaisEndPointController')
 4 [internal function]: CodeIgniter\Autoloader\Autoloader->loadClass('App\\Controllers\\DadosPessoaisEndPointController')
 5 SYSTEMPATH/CodeIgniter.php(900): class_exists('\\App\\Controllers\\DadosPessoaisEndPointController', true)
 6 SYSTEMPATH/CodeIgniter.php(489): CodeIgniter\CodeIgniter->startController()
 7 SYSTEMPATH/CodeIgniter.php(361): CodeIgniter\CodeIgniter->handleRequest(null, Object(Config\Cache), false)
 8 FCPATH/index.php(79): CodeIgniter\CodeIgniter->run()
WARNING - 2024-01-15 00:48:47 --> [DEPRECATED] Optional parameter $message declared before required parameter $typeMessage is implicitly treated as a required parameter in APPPATH/Controllers/DadosPessoaisApiController.php on line 154.
 1 SYSTEMPATH/Autoloader/Autoloader.php(312): include_once('/var/www/html/system/Debug/Exceptions.php')
 2 SYSTEMPATH/Autoloader/Autoloader.php(291): CodeIgniter\Autoloader\Autoloader->includeFile('/var/www/html/app/Controllers/DadosPessoaisApiController.php')
 3 SYSTEMPATH/Autoloader/Autoloader.php(269): CodeIgniter\Autoloader\Autoloader->loadInNamespace('App\\Controllers\\DadosPessoaisApiController')
 4 [internal function]: CodeIgniter\Autoloader\Autoloader->loadClass('App\\Controllers\\DadosPessoaisApiController')
 5 SYSTEMPATH/CodeIgniter.php(900): class_exists('\\App\\Controllers\\DadosPessoaisApiController', true)
 6 SYSTEMPATH/CodeIgniter.php(489): CodeIgniter\CodeIgniter->startController()
 7 SYSTEMPATH/CodeIgniter.php(361): CodeIgniter\CodeIgniter->handleRequest(null, Object(Config\Cache), false)
 8 FCPATH/index.php(79): CodeIgniter\CodeIgniter->run()
WARNING - 2024-01-15 00:51:51 --> [DEPRECATED] Optional parameter $message declared before required parameter $typeMessage is implicitly treated as a required parameter in APPPATH/Controllers/DadosPessoaisEndPointController.php on line 106.
 1 SYSTEMPATH/Autoloader/Autoloader.php(312): include_once('/var/www/html/system/Debug/Exceptions.php')
 2 SYSTEMPATH/Autoloader/Autoloader.php(291): CodeIgniter\Autoloader\Autoloader->includeFile('/var/www/html/app/Controllers/DadosPessoaisEndPointController.php')
 3 SYSTEMPATH/Autoloader/Autoloader.php(269): CodeIgniter\Autoloader\Autoloader->loadInNamespace('App\\Controllers\\DadosPessoaisEndPointController')
 4 [internal function]: CodeIgniter\Autoloader\Autoloader->loadClass('App\\Controllers\\DadosPessoaisEndPointController')
 5 SYSTEMPATH/CodeIgniter.php(900): class_exists('\\App\\Controllers\\DadosPessoaisEndPointController', true)
 6 SYSTEMPATH/CodeIgniter.php(489): CodeIgniter\CodeIgniter->startController()
 7 SYSTEMPATH/CodeIgniter.php(361): CodeIgniter\CodeIgniter->handleRequest(null, Object(Config\Cache), false)
 8 FCPATH/index.php(79): CodeIgniter\CodeIgniter->run()
WARNING - 2024-01-15 00:51:53 --> [DEPRECATED] Optional parameter $message declared before required parameter $typeMessage is implicitly treated as a required parameter in APPPATH/Controllers/DadosPessoaisApiController.php on line 154.
 1 SYSTEMPATH/Autoloader/Autoloader.php(312): include_once('/var/www/html/system/Debug/Exceptions.php')
 2 SYSTEMPATH/Autoloader/Autoloader.php(291): CodeIgniter\Autoloader\Autoloader->includeFile('/var/www/html/app/Controllers/DadosPessoaisApiController.php')
 3 SYSTEMPATH/Autoloader/Autoloader.php(269): CodeIgniter\Autoloader\Autoloader->loadInNamespace('App\\Controllers\\DadosPessoaisApiController')
 4 [internal function]: CodeIgniter\Autoloader\Autoloader->loadClass('App\\Controllers\\DadosPessoaisApiController')
 5 SYSTEMPATH/CodeIgniter.php(900): class_exists('\\App\\Controllers\\DadosPessoaisApiController', true)
 6 SYSTEMPATH/CodeIgniter.php(489): CodeIgniter\CodeIgniter->startController()
 7 SYSTEMPATH/CodeIgniter.php(361): CodeIgniter\CodeIgniter->handleRequest(null, Object(Config\Cache), false)
 8 FCPATH/index.php(79): CodeIgniter\CodeIgniter->run()
