CRITICAL - 2024-02-13 02:14:27 --> Undefined variable $result
in APPPATH/Views/calendar/main.php on line 2.
 1 APPPATH/Views/calendar/main.php(2): CodeIgniter\Debug\Exceptions->errorHandler(2, 'Undefined variable $result', '/var/www/html/app/Views/calendar/main.php', 2)
 2 SYSTEMPATH/View/View.php(228): include('/var/www/html/app/Views/calendar/main.php')
 3 SYSTEMPATH/View/View.php(231): CodeIgniter\View\View->CodeIgniter\View\{closure}()
 4 SYSTEMPATH/Common.php(1190): CodeIgniter\View\View->render('calendar/main', [], true)
 5 APPPATH/Controllers/CalendarEndPointController.php(210): view('calendar/main', [...])
 6 SYSTEMPATH/CodeIgniter.php(942): App\Controllers\CalendarEndPointController->dbRead('2000')
 7 SYSTEMPATH/CodeIgniter.php(502): CodeIgniter\CodeIgniter->runController(Object(App\Controllers\CalendarEndPointController))
 8 SYSTEMPATH/CodeIgniter.php(361): CodeIgniter\CodeIgniter->handleRequest(null, Object(Config\Cache), false)
 9 FCPATH/index.php(79): CodeIgniter\CodeIgniter->run()
CRITICAL - 2024-02-13 03:50:00 --> Array callback must have exactly two elements
in APPPATH/Views/calendar/main.php on line 2.
 1 SYSTEMPATH/View/View.php(228): include()
 2 SYSTEMPATH/View/View.php(231): CodeIgniter\View\View->CodeIgniter\View\{closure}()
 3 SYSTEMPATH/Common.php(1190): CodeIgniter\View\View->render('calendar/main', [], true)
 4 APPPATH/Controllers/CalendarEndPointController.php(211): view('calendar/main', [...])
 5 SYSTEMPATH/CodeIgniter.php(942): App\Controllers\CalendarEndPointController->dbRead('2024', '06', '03')
 6 SYSTEMPATH/CodeIgniter.php(502): CodeIgniter\CodeIgniter->runController(Object(App\Controllers\CalendarEndPointController))
 7 SYSTEMPATH/CodeIgniter.php(361): CodeIgniter\CodeIgniter->handleRequest(null, Object(Config\Cache), false)
 8 FCPATH/index.php(79): CodeIgniter\CodeIgniter->run()
CRITICAL - 2024-02-13 22:19:50 --> unlink(/var/www/html/writable/debugbar/debugbar_1707797497.403406.json): No such file or directory
in SYSTEMPATH/Debug/Toolbar/Collectors/History.php on line 80.
 1 [internal function]: CodeIgniter\Debug\Exceptions->errorHandler(2, 'unlink(/var/www/html/writable/debugbar/debugbar_1707797497.403406.json): No such file or directory', '/var/www/html/system/Debug/Toolbar/Collectors/History.php', 80)
 2 SYSTEMPATH/Debug/Toolbar/Collectors/History.php(80): unlink('/var/www/html/writable/debugbar/debugbar_1707797497.403406.json')
 3 SYSTEMPATH/Debug/Toolbar.php(499): CodeIgniter\Debug\Toolbar\Collectors\History->setFiles('1707862788.797656', 20)
 4 SYSTEMPATH/Debug/Toolbar.php(476): CodeIgniter\Debug\Toolbar->format([...], 'html')
 5 APPPATH/Config/Events.php(47): CodeIgniter\Debug\Toolbar->respond()
 6 SYSTEMPATH/Events/Events.php(154): CodeIgniter\Events\Events::Config\{closure}()
 7 SYSTEMPATH/CodeIgniter.php(442): CodeIgniter\Events\Events::trigger('pre_system')
 8 SYSTEMPATH/CodeIgniter.php(361): CodeIgniter\CodeIgniter->handleRequest(null, Object(Config\Cache), false)
 9 FCPATH/index.php(79): CodeIgniter\CodeIgniter->run()
