WARNING - 2024-03-05 00:06:01 --> [DEPRECATED] Optional parameter $message declared before required parameter $typeMessage is implicitly treated as a required parameter in APPPATH/Controllers/CandidatoController.php on line 150.
 1 SYSTEMPATH/Autoloader/Autoloader.php(312): include_once('/var/www/html/system/Debug/Exceptions.php')
 2 SYSTEMPATH/Autoloader/Autoloader.php(291): CodeIgniter\Autoloader\Autoloader->includeFile('/var/www/html/app/Controllers/CandidatoController.php')
 3 SYSTEMPATH/Autoloader/Autoloader.php(269): CodeIgniter\Autoloader\Autoloader->loadInNamespace('App\\Controllers\\CandidatoController')
 4 [internal function]: CodeIgniter\Autoloader\Autoloader->loadClass('App\\Controllers\\CandidatoController')
 5 SYSTEMPATH/CodeIgniter.php(900): class_exists('\\App\\Controllers\\CandidatoController', true)
 6 SYSTEMPATH/CodeIgniter.php(489): CodeIgniter\CodeIgniter->startController()
 7 SYSTEMPATH/CodeIgniter.php(361): CodeIgniter\CodeIgniter->handleRequest(null, Object(Config\Cache), false)
 8 FCPATH/index.php(79): CodeIgniter\CodeIgniter->run()
WARNING - 2024-03-05 00:09:12 --> [DEPRECATED] Optional parameter $message declared before required parameter $typeMessage is implicitly treated as a required parameter in APPPATH/Controllers/CandidatoController.php on line 150.
 1 SYSTEMPATH/Autoloader/Autoloader.php(312): include_once('/var/www/html/system/Debug/Exceptions.php')
 2 SYSTEMPATH/Autoloader/Autoloader.php(291): CodeIgniter\Autoloader\Autoloader->includeFile('/var/www/html/app/Controllers/CandidatoController.php')
 3 SYSTEMPATH/Autoloader/Autoloader.php(269): CodeIgniter\Autoloader\Autoloader->loadInNamespace('App\\Controllers\\CandidatoController')
 4 [internal function]: CodeIgniter\Autoloader\Autoloader->loadClass('App\\Controllers\\CandidatoController')
 5 SYSTEMPATH/CodeIgniter.php(900): class_exists('\\App\\Controllers\\CandidatoController', true)
 6 SYSTEMPATH/CodeIgniter.php(489): CodeIgniter\CodeIgniter->startController()
 7 SYSTEMPATH/CodeIgniter.php(361): CodeIgniter\CodeIgniter->handleRequest(null, Object(Config\Cache), false)
 8 FCPATH/index.php(79): CodeIgniter\CodeIgniter->run()
WARNING - 2024-03-05 00:37:30 --> [DEPRECATED] Optional parameter $message declared before required parameter $typeMessage is implicitly treated as a required parameter in APPPATH/Controllers/CandidatoController.php on line 144.
 1 SYSTEMPATH/Autoloader/Autoloader.php(312): include_once('/var/www/html/system/Debug/Exceptions.php')
 2 SYSTEMPATH/Autoloader/Autoloader.php(291): CodeIgniter\Autoloader\Autoloader->includeFile('/var/www/html/app/Controllers/CandidatoController.php')
 3 SYSTEMPATH/Autoloader/Autoloader.php(269): CodeIgniter\Autoloader\Autoloader->loadInNamespace('App\\Controllers\\CandidatoController')
 4 [internal function]: CodeIgniter\Autoloader\Autoloader->loadClass('App\\Controllers\\CandidatoController')
 5 SYSTEMPATH/CodeIgniter.php(900): class_exists('\\App\\Controllers\\CandidatoController', true)
 6 SYSTEMPATH/CodeIgniter.php(489): CodeIgniter\CodeIgniter->startController()
 7 SYSTEMPATH/CodeIgniter.php(361): CodeIgniter\CodeIgniter->handleRequest(null, Object(Config\Cache), false)
 8 FCPATH/index.php(79): CodeIgniter\CodeIgniter->run()
ERROR - 2024-03-05 00:37:31 --> mysqli_sql_exception: Table 'db.tabela_banco_dados' doesn't exist in /var/www/html/system/Database/MySQLi/Connection.php:306
Stack trace:
#0 /var/www/html/system/Database/MySQLi/Connection.php(306): mysqli->query('INSERT INTO `ta...', 0)
#1 /var/www/html/system/Database/BaseConnection.php(693): CodeIgniter\Database\MySQLi\Connection->execute('INSERT INTO `ta...')
#2 /var/www/html/system/Database/BaseConnection.php(607): CodeIgniter\Database\BaseConnection->simpleQuery('INSERT INTO `ta...')
#3 /var/www/html/system/Database/BaseBuilder.php(2308): CodeIgniter\Database\BaseConnection->query('INSERT INTO `ta...', Array, false)
#4 /var/www/html/system/Model.php(319): CodeIgniter\Database\BaseBuilder->insert()
#5 /var/www/html/system/BaseModel.php(788): CodeIgniter\Model->doInsert(Array)
#6 /var/www/html/system/Model.php(715): CodeIgniter\BaseModel->insert(Array, true)
#7 /var/www/html/app/Models/CandidatoModel.php(61): CodeIgniter\Model->insert(Array)
#8 /var/www/html/app/Controllers/CandidatoController.php(207): App\Models\CandidatoModel->dbCreate(Array)
#9 /var/www/html/system/CodeIgniter.php(942): App\Controllers\CandidatoController->create_update()
#10 /var/www/html/system/CodeIgniter.php(502): CodeIgniter\CodeIgniter->runController(Object(App\Controllers\CandidatoController))
#11 /var/www/html/system/CodeIgniter.php(361): CodeIgniter\CodeIgniter->handleRequest(NULL, Object(Config\Cache), false)
#12 /var/www/html/public/index.php(79): CodeIgniter\CodeIgniter->run()
#13 {main}
INFO - 2024-03-05 00:37:32 --> Session: Class initialized using 'CodeIgniter\Session\Handlers\FileHandler' driver.
WARNING - 2024-03-05 00:38:55 --> [DEPRECATED] Optional parameter $message declared before required parameter $typeMessage is implicitly treated as a required parameter in APPPATH/Controllers/CandidatoController.php on line 144.
 1 SYSTEMPATH/Autoloader/Autoloader.php(312): include_once('/var/www/html/system/Debug/Exceptions.php')
 2 SYSTEMPATH/Autoloader/Autoloader.php(291): CodeIgniter\Autoloader\Autoloader->includeFile('/var/www/html/app/Controllers/CandidatoController.php')
 3 SYSTEMPATH/Autoloader/Autoloader.php(269): CodeIgniter\Autoloader\Autoloader->loadInNamespace('App\\Controllers\\CandidatoController')
 4 [internal function]: CodeIgniter\Autoloader\Autoloader->loadClass('App\\Controllers\\CandidatoController')
 5 SYSTEMPATH/CodeIgniter.php(900): class_exists('\\App\\Controllers\\CandidatoController', true)
 6 SYSTEMPATH/CodeIgniter.php(489): CodeIgniter\CodeIgniter->startController()
 7 SYSTEMPATH/CodeIgniter.php(361): CodeIgniter\CodeIgniter->handleRequest(null, Object(Config\Cache), false)
 8 FCPATH/index.php(79): CodeIgniter\CodeIgniter->run()
WARNING - 2024-03-05 00:39:32 --> [DEPRECATED] Optional parameter $message declared before required parameter $typeMessage is implicitly treated as a required parameter in APPPATH/Controllers/CandidatoController.php on line 144.
 1 SYSTEMPATH/Autoloader/Autoloader.php(312): include_once('/var/www/html/system/Debug/Exceptions.php')
 2 SYSTEMPATH/Autoloader/Autoloader.php(291): CodeIgniter\Autoloader\Autoloader->includeFile('/var/www/html/app/Controllers/CandidatoController.php')
 3 SYSTEMPATH/Autoloader/Autoloader.php(269): CodeIgniter\Autoloader\Autoloader->loadInNamespace('App\\Controllers\\CandidatoController')
 4 [internal function]: CodeIgniter\Autoloader\Autoloader->loadClass('App\\Controllers\\CandidatoController')
 5 SYSTEMPATH/CodeIgniter.php(900): class_exists('\\App\\Controllers\\CandidatoController', true)
 6 SYSTEMPATH/CodeIgniter.php(489): CodeIgniter\CodeIgniter->startController()
 7 SYSTEMPATH/CodeIgniter.php(361): CodeIgniter\CodeIgniter->handleRequest(null, Object(Config\Cache), false)
 8 FCPATH/index.php(79): CodeIgniter\CodeIgniter->run()
ERROR - 2024-03-05 00:39:33 --> mysqli_sql_exception: Table 'db.tabela_banco_dados' doesn't exist in /var/www/html/system/Database/MySQLi/Connection.php:306
Stack trace:
#0 /var/www/html/system/Database/MySQLi/Connection.php(306): mysqli->query('INSERT INTO `ta...', 0)
#1 /var/www/html/system/Database/BaseConnection.php(693): CodeIgniter\Database\MySQLi\Connection->execute('INSERT INTO `ta...')
#2 /var/www/html/system/Database/BaseConnection.php(607): CodeIgniter\Database\BaseConnection->simpleQuery('INSERT INTO `ta...')
#3 /var/www/html/system/Database/BaseBuilder.php(2308): CodeIgniter\Database\BaseConnection->query('INSERT INTO `ta...', Array, false)
#4 /var/www/html/system/Model.php(319): CodeIgniter\Database\BaseBuilder->insert()
#5 /var/www/html/system/BaseModel.php(788): CodeIgniter\Model->doInsert(Array)
#6 /var/www/html/system/Model.php(715): CodeIgniter\BaseModel->insert(Array, true)
#7 /var/www/html/app/Models/CandidatoModel.php(61): CodeIgniter\Model->insert(Array)
#8 /var/www/html/app/Controllers/CandidatoController.php(208): App\Models\CandidatoModel->dbCreate(Array)
#9 /var/www/html/system/CodeIgniter.php(942): App\Controllers\CandidatoController->create_update()
#10 /var/www/html/system/CodeIgniter.php(502): CodeIgniter\CodeIgniter->runController(Object(App\Controllers\CandidatoController))
#11 /var/www/html/system/CodeIgniter.php(361): CodeIgniter\CodeIgniter->handleRequest(NULL, Object(Config\Cache), false)
#12 /var/www/html/public/index.php(79): CodeIgniter\CodeIgniter->run()
#13 {main}
INFO - 2024-03-05 00:39:33 --> Session: Class initialized using 'CodeIgniter\Session\Handlers\FileHandler' driver.
WARNING - 2024-03-05 00:40:46 --> [DEPRECATED] Optional parameter $message declared before required parameter $typeMessage is implicitly treated as a required parameter in APPPATH/Controllers/CandidatoController.php on line 144.
 1 SYSTEMPATH/Autoloader/Autoloader.php(312): include_once('/var/www/html/system/Debug/Exceptions.php')
 2 SYSTEMPATH/Autoloader/Autoloader.php(291): CodeIgniter\Autoloader\Autoloader->includeFile('/var/www/html/app/Controllers/CandidatoController.php')
 3 SYSTEMPATH/Autoloader/Autoloader.php(269): CodeIgniter\Autoloader\Autoloader->loadInNamespace('App\\Controllers\\CandidatoController')
 4 [internal function]: CodeIgniter\Autoloader\Autoloader->loadClass('App\\Controllers\\CandidatoController')
 5 SYSTEMPATH/CodeIgniter.php(900): class_exists('\\App\\Controllers\\CandidatoController', true)
 6 SYSTEMPATH/CodeIgniter.php(489): CodeIgniter\CodeIgniter->startController()
 7 SYSTEMPATH/CodeIgniter.php(361): CodeIgniter\CodeIgniter->handleRequest(null, Object(Config\Cache), false)
 8 FCPATH/index.php(79): CodeIgniter\CodeIgniter->run()
WARNING - 2024-03-05 00:41:22 --> [DEPRECATED] Optional parameter $message declared before required parameter $typeMessage is implicitly treated as a required parameter in APPPATH/Controllers/CandidatoController.php on line 144.
 1 SYSTEMPATH/Autoloader/Autoloader.php(312): include_once('/var/www/html/system/Debug/Exceptions.php')
 2 SYSTEMPATH/Autoloader/Autoloader.php(291): CodeIgniter\Autoloader\Autoloader->includeFile('/var/www/html/app/Controllers/CandidatoController.php')
 3 SYSTEMPATH/Autoloader/Autoloader.php(269): CodeIgniter\Autoloader\Autoloader->loadInNamespace('App\\Controllers\\CandidatoController')
 4 [internal function]: CodeIgniter\Autoloader\Autoloader->loadClass('App\\Controllers\\CandidatoController')
 5 SYSTEMPATH/CodeIgniter.php(900): class_exists('\\App\\Controllers\\CandidatoController', true)
 6 SYSTEMPATH/CodeIgniter.php(489): CodeIgniter\CodeIgniter->startController()
 7 SYSTEMPATH/CodeIgniter.php(361): CodeIgniter\CodeIgniter->handleRequest(null, Object(Config\Cache), false)
 8 FCPATH/index.php(79): CodeIgniter\CodeIgniter->run()
WARNING - 2024-03-05 00:42:00 --> [DEPRECATED] Optional parameter $message declared before required parameter $typeMessage is implicitly treated as a required parameter in APPPATH/Controllers/CandidatoController.php on line 144.
 1 SYSTEMPATH/Autoloader/Autoloader.php(312): include_once('/var/www/html/system/Debug/Exceptions.php')
 2 SYSTEMPATH/Autoloader/Autoloader.php(291): CodeIgniter\Autoloader\Autoloader->includeFile('/var/www/html/app/Controllers/CandidatoController.php')
 3 SYSTEMPATH/Autoloader/Autoloader.php(269): CodeIgniter\Autoloader\Autoloader->loadInNamespace('App\\Controllers\\CandidatoController')
 4 [internal function]: CodeIgniter\Autoloader\Autoloader->loadClass('App\\Controllers\\CandidatoController')
 5 SYSTEMPATH/CodeIgniter.php(900): class_exists('\\App\\Controllers\\CandidatoController', true)
 6 SYSTEMPATH/CodeIgniter.php(489): CodeIgniter\CodeIgniter->startController()
 7 SYSTEMPATH/CodeIgniter.php(361): CodeIgniter\CodeIgniter->handleRequest(null, Object(Config\Cache), false)
 8 FCPATH/index.php(79): CodeIgniter\CodeIgniter->run()
WARNING - 2024-03-05 00:42:34 --> [DEPRECATED] Optional parameter $message declared before required parameter $typeMessage is implicitly treated as a required parameter in APPPATH/Controllers/CandidatoController.php on line 144.
 1 SYSTEMPATH/Autoloader/Autoloader.php(312): include_once('/var/www/html/system/Debug/Exceptions.php')
 2 SYSTEMPATH/Autoloader/Autoloader.php(291): CodeIgniter\Autoloader\Autoloader->includeFile('/var/www/html/app/Controllers/CandidatoController.php')
 3 SYSTEMPATH/Autoloader/Autoloader.php(269): CodeIgniter\Autoloader\Autoloader->loadInNamespace('App\\Controllers\\CandidatoController')
 4 [internal function]: CodeIgniter\Autoloader\Autoloader->loadClass('App\\Controllers\\CandidatoController')
 5 SYSTEMPATH/CodeIgniter.php(900): class_exists('\\App\\Controllers\\CandidatoController', true)
 6 SYSTEMPATH/CodeIgniter.php(489): CodeIgniter\CodeIgniter->startController()
 7 SYSTEMPATH/CodeIgniter.php(361): CodeIgniter\CodeIgniter->handleRequest(null, Object(Config\Cache), false)
 8 FCPATH/index.php(79): CodeIgniter\CodeIgniter->run()
ERROR - 2024-03-05 00:42:34 --> mysqli_sql_exception: Table 'db.tabela_banco_dados' doesn't exist in /var/www/html/system/Database/MySQLi/Connection.php:306
Stack trace:
#0 /var/www/html/system/Database/MySQLi/Connection.php(306): mysqli->query('INSERT INTO `ta...', 0)
#1 /var/www/html/system/Database/BaseConnection.php(693): CodeIgniter\Database\MySQLi\Connection->execute('INSERT INTO `ta...')
#2 /var/www/html/system/Database/BaseConnection.php(607): CodeIgniter\Database\BaseConnection->simpleQuery('INSERT INTO `ta...')
#3 /var/www/html/system/Database/BaseBuilder.php(2308): CodeIgniter\Database\BaseConnection->query('INSERT INTO `ta...', Array, false)
#4 /var/www/html/system/Model.php(319): CodeIgniter\Database\BaseBuilder->insert()
#5 /var/www/html/system/BaseModel.php(788): CodeIgniter\Model->doInsert(Array)
#6 /var/www/html/system/Model.php(715): CodeIgniter\BaseModel->insert(Array, true)
#7 /var/www/html/app/Models/CandidatoModel.php(63): CodeIgniter\Model->insert(Array)
#8 /var/www/html/app/Controllers/CandidatoController.php(208): App\Models\CandidatoModel->dbCreate(Array)
#9 /var/www/html/system/CodeIgniter.php(942): App\Controllers\CandidatoController->create_update()
#10 /var/www/html/system/CodeIgniter.php(502): CodeIgniter\CodeIgniter->runController(Object(App\Controllers\CandidatoController))
#11 /var/www/html/system/CodeIgniter.php(361): CodeIgniter\CodeIgniter->handleRequest(NULL, Object(Config\Cache), false)
#12 /var/www/html/public/index.php(79): CodeIgniter\CodeIgniter->run()
#13 {main}
INFO - 2024-03-05 00:42:34 --> Session: Class initialized using 'CodeIgniter\Session\Handlers\FileHandler' driver.
WARNING - 2024-03-05 00:55:16 --> [DEPRECATED] Optional parameter $message declared before required parameter $typeMessage is implicitly treated as a required parameter in APPPATH/Controllers/CandidatoController.php on line 144.
 1 SYSTEMPATH/Autoloader/Autoloader.php(312): include_once('/var/www/html/system/Debug/Exceptions.php')
 2 SYSTEMPATH/Autoloader/Autoloader.php(291): CodeIgniter\Autoloader\Autoloader->includeFile('/var/www/html/app/Controllers/CandidatoController.php')
 3 SYSTEMPATH/Autoloader/Autoloader.php(269): CodeIgniter\Autoloader\Autoloader->loadInNamespace('App\\Controllers\\CandidatoController')
 4 [internal function]: CodeIgniter\Autoloader\Autoloader->loadClass('App\\Controllers\\CandidatoController')
 5 SYSTEMPATH/CodeIgniter.php(900): class_exists('\\App\\Controllers\\CandidatoController', true)
 6 SYSTEMPATH/CodeIgniter.php(489): CodeIgniter\CodeIgniter->startController()
 7 SYSTEMPATH/CodeIgniter.php(361): CodeIgniter\CodeIgniter->handleRequest(null, Object(Config\Cache), false)
 8 FCPATH/index.php(79): CodeIgniter\CodeIgniter->run()
ERROR - 2024-03-05 00:55:16 --> mysqli_sql_exception: Table 'db.tabela_banco_dados' doesn't exist in /var/www/html/system/Database/MySQLi/Connection.php:306
Stack trace:
#0 /var/www/html/system/Database/MySQLi/Connection.php(306): mysqli->query('INSERT INTO `ta...', 0)
#1 /var/www/html/system/Database/BaseConnection.php(693): CodeIgniter\Database\MySQLi\Connection->execute('INSERT INTO `ta...')
#2 /var/www/html/system/Database/BaseConnection.php(607): CodeIgniter\Database\BaseConnection->simpleQuery('INSERT INTO `ta...')
#3 /var/www/html/system/Database/BaseBuilder.php(2308): CodeIgniter\Database\BaseConnection->query('INSERT INTO `ta...', Array, false)
#4 /var/www/html/system/Model.php(319): CodeIgniter\Database\BaseBuilder->insert()
#5 /var/www/html/system/BaseModel.php(788): CodeIgniter\Model->doInsert(Array)
#6 /var/www/html/system/Model.php(715): CodeIgniter\BaseModel->insert(Array, true)
#7 /var/www/html/app/Models/CandidatoModel.php(63): CodeIgniter\Model->insert(Array)
#8 /var/www/html/app/Controllers/CandidatoController.php(209): App\Models\CandidatoModel->dbCreate(Array)
#9 /var/www/html/system/CodeIgniter.php(942): App\Controllers\CandidatoController->create_update()
#10 /var/www/html/system/CodeIgniter.php(502): CodeIgniter\CodeIgniter->runController(Object(App\Controllers\CandidatoController))
#11 /var/www/html/system/CodeIgniter.php(361): CodeIgniter\CodeIgniter->handleRequest(NULL, Object(Config\Cache), false)
#12 /var/www/html/public/index.php(79): CodeIgniter\CodeIgniter->run()
#13 {main}
INFO - 2024-03-05 00:55:16 --> Session: Class initialized using 'CodeIgniter\Session\Handlers\FileHandler' driver.
WARNING - 2024-03-05 00:56:45 --> [DEPRECATED] Optional parameter $message declared before required parameter $typeMessage is implicitly treated as a required parameter in APPPATH/Controllers/CandidatoController.php on line 144.
 1 SYSTEMPATH/Autoloader/Autoloader.php(312): include_once('/var/www/html/system/Debug/Exceptions.php')
 2 SYSTEMPATH/Autoloader/Autoloader.php(291): CodeIgniter\Autoloader\Autoloader->includeFile('/var/www/html/app/Controllers/CandidatoController.php')
 3 SYSTEMPATH/Autoloader/Autoloader.php(269): CodeIgniter\Autoloader\Autoloader->loadInNamespace('App\\Controllers\\CandidatoController')
 4 [internal function]: CodeIgniter\Autoloader\Autoloader->loadClass('App\\Controllers\\CandidatoController')
 5 SYSTEMPATH/CodeIgniter.php(900): class_exists('\\App\\Controllers\\CandidatoController', true)
 6 SYSTEMPATH/CodeIgniter.php(489): CodeIgniter\CodeIgniter->startController()
 7 SYSTEMPATH/CodeIgniter.php(361): CodeIgniter\CodeIgniter->handleRequest(null, Object(Config\Cache), false)
 8 FCPATH/index.php(79): CodeIgniter\CodeIgniter->run()
ERROR - 2024-03-05 00:56:45 --> mysqli_sql_exception: Table 'db.tabela_banco_dados' doesn't exist in /var/www/html/system/Database/MySQLi/Connection.php:306
Stack trace:
#0 /var/www/html/system/Database/MySQLi/Connection.php(306): mysqli->query('INSERT INTO `ta...', 0)
#1 /var/www/html/system/Database/BaseConnection.php(693): CodeIgniter\Database\MySQLi\Connection->execute('INSERT INTO `ta...')
#2 /var/www/html/system/Database/BaseConnection.php(607): CodeIgniter\Database\BaseConnection->simpleQuery('INSERT INTO `ta...')
#3 /var/www/html/system/Database/BaseBuilder.php(2308): CodeIgniter\Database\BaseConnection->query('INSERT INTO `ta...', Array, false)
#4 /var/www/html/system/Model.php(319): CodeIgniter\Database\BaseBuilder->insert()
#5 /var/www/html/system/BaseModel.php(788): CodeIgniter\Model->doInsert(Array)
#6 /var/www/html/system/Model.php(715): CodeIgniter\BaseModel->insert(Array, true)
#7 /var/www/html/app/Models/CandidatoModel.php(63): CodeIgniter\Model->insert(Array)
#8 /var/www/html/app/Controllers/CandidatoController.php(209): App\Models\CandidatoModel->dbCreate(Array)
#9 /var/www/html/system/CodeIgniter.php(942): App\Controllers\CandidatoController->create_update()
#10 /var/www/html/system/CodeIgniter.php(502): CodeIgniter\CodeIgniter->runController(Object(App\Controllers\CandidatoController))
#11 /var/www/html/system/CodeIgniter.php(361): CodeIgniter\CodeIgniter->handleRequest(NULL, Object(Config\Cache), false)
#12 /var/www/html/public/index.php(79): CodeIgniter\CodeIgniter->run()
#13 {main}
INFO - 2024-03-05 00:56:45 --> Session: Class initialized using 'CodeIgniter\Session\Handlers\FileHandler' driver.
WARNING - 2024-03-05 00:57:54 --> [DEPRECATED] Optional parameter $message declared before required parameter $typeMessage is implicitly treated as a required parameter in APPPATH/Controllers/CandidatoController.php on line 144.
 1 SYSTEMPATH/Autoloader/Autoloader.php(312): include_once('/var/www/html/system/Debug/Exceptions.php')
 2 SYSTEMPATH/Autoloader/Autoloader.php(291): CodeIgniter\Autoloader\Autoloader->includeFile('/var/www/html/app/Controllers/CandidatoController.php')
 3 SYSTEMPATH/Autoloader/Autoloader.php(269): CodeIgniter\Autoloader\Autoloader->loadInNamespace('App\\Controllers\\CandidatoController')
 4 [internal function]: CodeIgniter\Autoloader\Autoloader->loadClass('App\\Controllers\\CandidatoController')
 5 SYSTEMPATH/CodeIgniter.php(900): class_exists('\\App\\Controllers\\CandidatoController', true)
 6 SYSTEMPATH/CodeIgniter.php(489): CodeIgniter\CodeIgniter->startController()
 7 SYSTEMPATH/CodeIgniter.php(361): CodeIgniter\CodeIgniter->handleRequest(null, Object(Config\Cache), false)
 8 FCPATH/index.php(79): CodeIgniter\CodeIgniter->run()
ERROR - 2024-03-05 00:57:54 --> mysqli_sql_exception: Table 'db.tabela_banco_dados' doesn't exist in /var/www/html/system/Database/MySQLi/Connection.php:306
Stack trace:
#0 /var/www/html/system/Database/MySQLi/Connection.php(306): mysqli->query('INSERT INTO `ta...', 0)
#1 /var/www/html/system/Database/BaseConnection.php(693): CodeIgniter\Database\MySQLi\Connection->execute('INSERT INTO `ta...')
#2 /var/www/html/system/Database/BaseConnection.php(607): CodeIgniter\Database\BaseConnection->simpleQuery('INSERT INTO `ta...')
#3 /var/www/html/system/Database/BaseBuilder.php(2308): CodeIgniter\Database\BaseConnection->query('INSERT INTO `ta...', Array, false)
#4 /var/www/html/system/Model.php(319): CodeIgniter\Database\BaseBuilder->insert()
#5 /var/www/html/system/BaseModel.php(788): CodeIgniter\Model->doInsert(Array)
#6 /var/www/html/system/Model.php(715): CodeIgniter\BaseModel->insert(Array, true)
#7 /var/www/html/app/Models/CandidatoModel.php(63): CodeIgniter\Model->insert(Array)
#8 /var/www/html/app/Controllers/CandidatoController.php(209): App\Models\CandidatoModel->dbCreate(Array)
#9 /var/www/html/system/CodeIgniter.php(942): App\Controllers\CandidatoController->create_update()
#10 /var/www/html/system/CodeIgniter.php(502): CodeIgniter\CodeIgniter->runController(Object(App\Controllers\CandidatoController))
#11 /var/www/html/system/CodeIgniter.php(361): CodeIgniter\CodeIgniter->handleRequest(NULL, Object(Config\Cache), false)
#12 /var/www/html/public/index.php(79): CodeIgniter\CodeIgniter->run()
#13 {main}
WARNING - 2024-03-05 00:58:15 --> [DEPRECATED] Optional parameter $message declared before required parameter $typeMessage is implicitly treated as a required parameter in APPPATH/Controllers/CandidatoController.php on line 144.
 1 SYSTEMPATH/Autoloader/Autoloader.php(312): include_once('/var/www/html/system/Debug/Exceptions.php')
 2 SYSTEMPATH/Autoloader/Autoloader.php(291): CodeIgniter\Autoloader\Autoloader->includeFile('/var/www/html/app/Controllers/CandidatoController.php')
 3 SYSTEMPATH/Autoloader/Autoloader.php(269): CodeIgniter\Autoloader\Autoloader->loadInNamespace('App\\Controllers\\CandidatoController')
 4 [internal function]: CodeIgniter\Autoloader\Autoloader->loadClass('App\\Controllers\\CandidatoController')
 5 SYSTEMPATH/CodeIgniter.php(900): class_exists('\\App\\Controllers\\CandidatoController', true)
 6 SYSTEMPATH/CodeIgniter.php(489): CodeIgniter\CodeIgniter->startController()
 7 SYSTEMPATH/CodeIgniter.php(361): CodeIgniter\CodeIgniter->handleRequest(null, Object(Config\Cache), false)
 8 FCPATH/index.php(79): CodeIgniter\CodeIgniter->run()
INFO - 2024-03-05 00:58:16 --> Session: Class initialized using 'CodeIgniter\Session\Handlers\FileHandler' driver.
WARNING - 2024-03-05 00:58:26 --> [DEPRECATED] Optional parameter $message declared before required parameter $typeMessage is implicitly treated as a required parameter in APPPATH/Controllers/CandidatoController.php on line 144.
 1 SYSTEMPATH/Autoloader/Autoloader.php(312): include_once('/var/www/html/system/Debug/Exceptions.php')
 2 SYSTEMPATH/Autoloader/Autoloader.php(291): CodeIgniter\Autoloader\Autoloader->includeFile('/var/www/html/app/Controllers/CandidatoController.php')
 3 SYSTEMPATH/Autoloader/Autoloader.php(269): CodeIgniter\Autoloader\Autoloader->loadInNamespace('App\\Controllers\\CandidatoController')
 4 [internal function]: CodeIgniter\Autoloader\Autoloader->loadClass('App\\Controllers\\CandidatoController')
 5 SYSTEMPATH/CodeIgniter.php(900): class_exists('\\App\\Controllers\\CandidatoController', true)
 6 SYSTEMPATH/CodeIgniter.php(489): CodeIgniter\CodeIgniter->startController()
 7 SYSTEMPATH/CodeIgniter.php(361): CodeIgniter\CodeIgniter->handleRequest(null, Object(Config\Cache), false)
 8 FCPATH/index.php(79): CodeIgniter\CodeIgniter->run()
INFO - 2024-03-05 00:58:27 --> Session: Class initialized using 'CodeIgniter\Session\Handlers\FileHandler' driver.
