WARNING - 2024-02-04 01:05:10 --> [DEPRECATED] Optional parameter $message declared before required parameter $typeMessage is implicitly treated as a required parameter in APPPATH/Controllers/DadosPessoaisApiController.php on line 154.
 1 SYSTEMPATH/Autoloader/Autoloader.php(312): include_once('/var/www/html/system/Debug/Exceptions.php')
 2 SYSTEMPATH/Autoloader/Autoloader.php(291): CodeIgniter\Autoloader\Autoloader->includeFile('/var/www/html/app/Controllers/DadosPessoaisApiController.php')
 3 SYSTEMPATH/Autoloader/Autoloader.php(269): CodeIgniter\Autoloader\Autoloader->loadInNamespace('App\\Controllers\\DadosPessoaisApiController')
 4 [internal function]: CodeIgniter\Autoloader\Autoloader->loadClass('App\\Controllers\\DadosPessoaisApiController')
 5 SYSTEMPATH/CodeIgniter.php(900): class_exists('\\App\\Controllers\\DadosPessoaisApiController', true)
 6 SYSTEMPATH/CodeIgniter.php(489): CodeIgniter\CodeIgniter->startController()
 7 SYSTEMPATH/CodeIgniter.php(361): CodeIgniter\CodeIgniter->handleRequest(null, Object(Config\Cache), false)
 8 FCPATH/index.php(79): CodeIgniter\CodeIgniter->run()
WARNING - 2024-02-04 01:06:06 --> [DEPRECATED] Optional parameter $message declared before required parameter $typeMessage is implicitly treated as a required parameter in APPPATH/Controllers/DadosPessoaisApiController.php on line 154.
 1 SYSTEMPATH/Autoloader/Autoloader.php(312): include_once('/var/www/html/system/Debug/Exceptions.php')
 2 SYSTEMPATH/Autoloader/Autoloader.php(291): CodeIgniter\Autoloader\Autoloader->includeFile('/var/www/html/app/Controllers/DadosPessoaisApiController.php')
 3 SYSTEMPATH/Autoloader/Autoloader.php(269): CodeIgniter\Autoloader\Autoloader->loadInNamespace('App\\Controllers\\DadosPessoaisApiController')
 4 [internal function]: CodeIgniter\Autoloader\Autoloader->loadClass('App\\Controllers\\DadosPessoaisApiController')
 5 SYSTEMPATH/CodeIgniter.php(900): class_exists('\\App\\Controllers\\DadosPessoaisApiController', true)
 6 SYSTEMPATH/CodeIgniter.php(489): CodeIgniter\CodeIgniter->startController()
 7 SYSTEMPATH/CodeIgniter.php(361): CodeIgniter\CodeIgniter->handleRequest(null, Object(Config\Cache), false)
 8 FCPATH/index.php(79): CodeIgniter\CodeIgniter->run()
WARNING - 2024-02-04 01:07:57 --> [DEPRECATED] Optional parameter $message declared before required parameter $typeMessage is implicitly treated as a required parameter in APPPATH/Controllers/DadosPessoaisEndPointController.php on line 106.
 1 SYSTEMPATH/Autoloader/Autoloader.php(312): include_once('/var/www/html/system/Debug/Exceptions.php')
 2 SYSTEMPATH/Autoloader/Autoloader.php(291): CodeIgniter\Autoloader\Autoloader->includeFile('/var/www/html/app/Controllers/DadosPessoaisEndPointController.php')
 3 SYSTEMPATH/Autoloader/Autoloader.php(269): CodeIgniter\Autoloader\Autoloader->loadInNamespace('App\\Controllers\\DadosPessoaisEndPointController')
 4 [internal function]: CodeIgniter\Autoloader\Autoloader->loadClass('App\\Controllers\\DadosPessoaisEndPointController')
 5 SYSTEMPATH/CodeIgniter.php(900): class_exists('\\App\\Controllers\\DadosPessoaisEndPointController', true)
 6 SYSTEMPATH/CodeIgniter.php(489): CodeIgniter\CodeIgniter->startController()
 7 SYSTEMPATH/CodeIgniter.php(361): CodeIgniter\CodeIgniter->handleRequest(null, Object(Config\Cache), false)
 8 FCPATH/index.php(79): CodeIgniter\CodeIgniter->run()
WARNING - 2024-02-04 01:07:57 --> [DEPRECATED] Optional parameter $message declared before required parameter $typeMessage is implicitly treated as a required parameter in APPPATH/Controllers/DadosPessoaisApiController.php on line 154.
 1 SYSTEMPATH/Autoloader/Autoloader.php(312): include_once('/var/www/html/system/Debug/Exceptions.php')
 2 SYSTEMPATH/Autoloader/Autoloader.php(291): CodeIgniter\Autoloader\Autoloader->includeFile('/var/www/html/app/Controllers/DadosPessoaisApiController.php')
 3 SYSTEMPATH/Autoloader/Autoloader.php(269): CodeIgniter\Autoloader\Autoloader->loadInNamespace('App\\Controllers\\DadosPessoaisApiController')
 4 [internal function]: CodeIgniter\Autoloader\Autoloader->loadClass('App\\Controllers\\DadosPessoaisApiController')
 5 SYSTEMPATH/CodeIgniter.php(900): class_exists('\\App\\Controllers\\DadosPessoaisApiController', true)
 6 SYSTEMPATH/CodeIgniter.php(489): CodeIgniter\CodeIgniter->startController()
 7 SYSTEMPATH/CodeIgniter.php(361): CodeIgniter\CodeIgniter->handleRequest(null, Object(Config\Cache), false)
 8 FCPATH/index.php(79): CodeIgniter\CodeIgniter->run()
WARNING - 2024-02-04 01:08:23 --> [DEPRECATED] Optional parameter $message declared before required parameter $typeMessage is implicitly treated as a required parameter in APPPATH/Controllers/DadosPessoaisEndPointController.php on line 106.
 1 SYSTEMPATH/Autoloader/Autoloader.php(312): include_once('/var/www/html/system/Debug/Exceptions.php')
 2 SYSTEMPATH/Autoloader/Autoloader.php(291): CodeIgniter\Autoloader\Autoloader->includeFile('/var/www/html/app/Controllers/DadosPessoaisEndPointController.php')
 3 SYSTEMPATH/Autoloader/Autoloader.php(269): CodeIgniter\Autoloader\Autoloader->loadInNamespace('App\\Controllers\\DadosPessoaisEndPointController')
 4 [internal function]: CodeIgniter\Autoloader\Autoloader->loadClass('App\\Controllers\\DadosPessoaisEndPointController')
 5 SYSTEMPATH/CodeIgniter.php(900): class_exists('\\App\\Controllers\\DadosPessoaisEndPointController', true)
 6 SYSTEMPATH/CodeIgniter.php(489): CodeIgniter\CodeIgniter->startController()
 7 SYSTEMPATH/CodeIgniter.php(361): CodeIgniter\CodeIgniter->handleRequest(null, Object(Config\Cache), false)
 8 FCPATH/index.php(79): CodeIgniter\CodeIgniter->run()
WARNING - 2024-02-04 01:08:24 --> [DEPRECATED] Optional parameter $message declared before required parameter $typeMessage is implicitly treated as a required parameter in APPPATH/Controllers/DadosPessoaisApiController.php on line 154.
 1 SYSTEMPATH/Autoloader/Autoloader.php(312): include_once('/var/www/html/system/Debug/Exceptions.php')
 2 SYSTEMPATH/Autoloader/Autoloader.php(291): CodeIgniter\Autoloader\Autoloader->includeFile('/var/www/html/app/Controllers/DadosPessoaisApiController.php')
 3 SYSTEMPATH/Autoloader/Autoloader.php(269): CodeIgniter\Autoloader\Autoloader->loadInNamespace('App\\Controllers\\DadosPessoaisApiController')
 4 [internal function]: CodeIgniter\Autoloader\Autoloader->loadClass('App\\Controllers\\DadosPessoaisApiController')
 5 SYSTEMPATH/CodeIgniter.php(900): class_exists('\\App\\Controllers\\DadosPessoaisApiController', true)
 6 SYSTEMPATH/CodeIgniter.php(489): CodeIgniter\CodeIgniter->startController()
 7 SYSTEMPATH/CodeIgniter.php(361): CodeIgniter\CodeIgniter->handleRequest(null, Object(Config\Cache), false)
 8 FCPATH/index.php(79): CodeIgniter\CodeIgniter->run()
WARNING - 2024-02-04 01:08:54 --> [DEPRECATED] Optional parameter $message declared before required parameter $typeMessage is implicitly treated as a required parameter in APPPATH/Controllers/DadosPessoaisEndPointController.php on line 106.
 1 SYSTEMPATH/Autoloader/Autoloader.php(312): include_once('/var/www/html/system/Debug/Exceptions.php')
 2 SYSTEMPATH/Autoloader/Autoloader.php(291): CodeIgniter\Autoloader\Autoloader->includeFile('/var/www/html/app/Controllers/DadosPessoaisEndPointController.php')
 3 SYSTEMPATH/Autoloader/Autoloader.php(269): CodeIgniter\Autoloader\Autoloader->loadInNamespace('App\\Controllers\\DadosPessoaisEndPointController')
 4 [internal function]: CodeIgniter\Autoloader\Autoloader->loadClass('App\\Controllers\\DadosPessoaisEndPointController')
 5 SYSTEMPATH/CodeIgniter.php(900): class_exists('\\App\\Controllers\\DadosPessoaisEndPointController', true)
 6 SYSTEMPATH/CodeIgniter.php(489): CodeIgniter\CodeIgniter->startController()
 7 SYSTEMPATH/CodeIgniter.php(361): CodeIgniter\CodeIgniter->handleRequest(null, Object(Config\Cache), false)
 8 FCPATH/index.php(79): CodeIgniter\CodeIgniter->run()
WARNING - 2024-02-04 01:09:02 --> [DEPRECATED] Optional parameter $message declared before required parameter $typeMessage is implicitly treated as a required parameter in APPPATH/Controllers/DadosPessoaisEndPointController.php on line 106.
 1 SYSTEMPATH/Autoloader/Autoloader.php(312): include_once('/var/www/html/system/Debug/Exceptions.php')
 2 SYSTEMPATH/Autoloader/Autoloader.php(291): CodeIgniter\Autoloader\Autoloader->includeFile('/var/www/html/app/Controllers/DadosPessoaisEndPointController.php')
 3 SYSTEMPATH/Autoloader/Autoloader.php(269): CodeIgniter\Autoloader\Autoloader->loadInNamespace('App\\Controllers\\DadosPessoaisEndPointController')
 4 [internal function]: CodeIgniter\Autoloader\Autoloader->loadClass('App\\Controllers\\DadosPessoaisEndPointController')
 5 SYSTEMPATH/CodeIgniter.php(900): class_exists('\\App\\Controllers\\DadosPessoaisEndPointController', true)
 6 SYSTEMPATH/CodeIgniter.php(489): CodeIgniter\CodeIgniter->startController()
 7 SYSTEMPATH/CodeIgniter.php(361): CodeIgniter\CodeIgniter->handleRequest(null, Object(Config\Cache), false)
 8 FCPATH/index.php(79): CodeIgniter\CodeIgniter->run()
WARNING - 2024-02-04 01:09:04 --> [DEPRECATED] Optional parameter $message declared before required parameter $typeMessage is implicitly treated as a required parameter in APPPATH/Controllers/DadosPessoaisApiController.php on line 154.
 1 SYSTEMPATH/Autoloader/Autoloader.php(312): include_once('/var/www/html/system/Debug/Exceptions.php')
 2 SYSTEMPATH/Autoloader/Autoloader.php(291): CodeIgniter\Autoloader\Autoloader->includeFile('/var/www/html/app/Controllers/DadosPessoaisApiController.php')
 3 SYSTEMPATH/Autoloader/Autoloader.php(269): CodeIgniter\Autoloader\Autoloader->loadInNamespace('App\\Controllers\\DadosPessoaisApiController')
 4 [internal function]: CodeIgniter\Autoloader\Autoloader->loadClass('App\\Controllers\\DadosPessoaisApiController')
 5 SYSTEMPATH/CodeIgniter.php(900): class_exists('\\App\\Controllers\\DadosPessoaisApiController', true)
 6 SYSTEMPATH/CodeIgniter.php(489): CodeIgniter\CodeIgniter->startController()
 7 SYSTEMPATH/CodeIgniter.php(361): CodeIgniter\CodeIgniter->handleRequest(null, Object(Config\Cache), false)
 8 FCPATH/index.php(79): CodeIgniter\CodeIgniter->run()
WARNING - 2024-02-04 01:09:12 --> [DEPRECATED] Optional parameter $message declared before required parameter $typeMessage is implicitly treated as a required parameter in APPPATH/Controllers/DadosPessoaisEndPointController.php on line 106.
 1 SYSTEMPATH/Autoloader/Autoloader.php(312): include_once('/var/www/html/system/Debug/Exceptions.php')
 2 SYSTEMPATH/Autoloader/Autoloader.php(291): CodeIgniter\Autoloader\Autoloader->includeFile('/var/www/html/app/Controllers/DadosPessoaisEndPointController.php')
 3 SYSTEMPATH/Autoloader/Autoloader.php(269): CodeIgniter\Autoloader\Autoloader->loadInNamespace('App\\Controllers\\DadosPessoaisEndPointController')
 4 [internal function]: CodeIgniter\Autoloader\Autoloader->loadClass('App\\Controllers\\DadosPessoaisEndPointController')
 5 SYSTEMPATH/CodeIgniter.php(900): class_exists('\\App\\Controllers\\DadosPessoaisEndPointController', true)
 6 SYSTEMPATH/CodeIgniter.php(489): CodeIgniter\CodeIgniter->startController()
 7 SYSTEMPATH/CodeIgniter.php(361): CodeIgniter\CodeIgniter->handleRequest(null, Object(Config\Cache), false)
 8 FCPATH/index.php(79): CodeIgniter\CodeIgniter->run()
WARNING - 2024-02-04 01:09:14 --> [DEPRECATED] Optional parameter $message declared before required parameter $typeMessage is implicitly treated as a required parameter in APPPATH/Controllers/DadosPessoaisApiController.php on line 154.
 1 SYSTEMPATH/Autoloader/Autoloader.php(312): include_once('/var/www/html/system/Debug/Exceptions.php')
 2 SYSTEMPATH/Autoloader/Autoloader.php(291): CodeIgniter\Autoloader\Autoloader->includeFile('/var/www/html/app/Controllers/DadosPessoaisApiController.php')
 3 SYSTEMPATH/Autoloader/Autoloader.php(269): CodeIgniter\Autoloader\Autoloader->loadInNamespace('App\\Controllers\\DadosPessoaisApiController')
 4 [internal function]: CodeIgniter\Autoloader\Autoloader->loadClass('App\\Controllers\\DadosPessoaisApiController')
 5 SYSTEMPATH/CodeIgniter.php(900): class_exists('\\App\\Controllers\\DadosPessoaisApiController', true)
 6 SYSTEMPATH/CodeIgniter.php(489): CodeIgniter\CodeIgniter->startController()
 7 SYSTEMPATH/CodeIgniter.php(361): CodeIgniter\CodeIgniter->handleRequest(null, Object(Config\Cache), false)
 8 FCPATH/index.php(79): CodeIgniter\CodeIgniter->run()
WARNING - 2024-02-04 01:09:14 --> [DEPRECATED] Optional parameter $message declared before required parameter $typeMessage is implicitly treated as a required parameter in APPPATH/Controllers/DadosPessoaisApiController.php on line 154.
 1 SYSTEMPATH/Autoloader/Autoloader.php(312): include_once('/var/www/html/system/Debug/Exceptions.php')
 2 SYSTEMPATH/Autoloader/Autoloader.php(291): CodeIgniter\Autoloader\Autoloader->includeFile('/var/www/html/app/Controllers/DadosPessoaisApiController.php')
 3 SYSTEMPATH/Autoloader/Autoloader.php(269): CodeIgniter\Autoloader\Autoloader->loadInNamespace('App\\Controllers\\DadosPessoaisApiController')
 4 [internal function]: CodeIgniter\Autoloader\Autoloader->loadClass('App\\Controllers\\DadosPessoaisApiController')
 5 SYSTEMPATH/CodeIgniter.php(900): class_exists('\\App\\Controllers\\DadosPessoaisApiController', true)
 6 SYSTEMPATH/CodeIgniter.php(489): CodeIgniter\CodeIgniter->startController()
 7 SYSTEMPATH/CodeIgniter.php(361): CodeIgniter\CodeIgniter->handleRequest(null, Object(Config\Cache), false)
 8 FCPATH/index.php(79): CodeIgniter\CodeIgniter->run()
WARNING - 2024-02-04 01:09:25 --> [DEPRECATED] Optional parameter $message declared before required parameter $typeMessage is implicitly treated as a required parameter in APPPATH/Controllers/DadosPessoaisEndPointController.php on line 106.
 1 SYSTEMPATH/Autoloader/Autoloader.php(312): include_once('/var/www/html/system/Debug/Exceptions.php')
 2 SYSTEMPATH/Autoloader/Autoloader.php(291): CodeIgniter\Autoloader\Autoloader->includeFile('/var/www/html/app/Controllers/DadosPessoaisEndPointController.php')
 3 SYSTEMPATH/Autoloader/Autoloader.php(269): CodeIgniter\Autoloader\Autoloader->loadInNamespace('App\\Controllers\\DadosPessoaisEndPointController')
 4 [internal function]: CodeIgniter\Autoloader\Autoloader->loadClass('App\\Controllers\\DadosPessoaisEndPointController')
 5 SYSTEMPATH/CodeIgniter.php(900): class_exists('\\App\\Controllers\\DadosPessoaisEndPointController', true)
 6 SYSTEMPATH/CodeIgniter.php(489): CodeIgniter\CodeIgniter->startController()
 7 SYSTEMPATH/CodeIgniter.php(361): CodeIgniter\CodeIgniter->handleRequest(null, Object(Config\Cache), false)
 8 FCPATH/index.php(79): CodeIgniter\CodeIgniter->run()
WARNING - 2024-02-04 01:09:28 --> [DEPRECATED] Optional parameter $message declared before required parameter $typeMessage is implicitly treated as a required parameter in APPPATH/Controllers/DadosPessoaisApiController.php on line 154.
 1 SYSTEMPATH/Autoloader/Autoloader.php(312): include_once('/var/www/html/system/Debug/Exceptions.php')
 2 SYSTEMPATH/Autoloader/Autoloader.php(291): CodeIgniter\Autoloader\Autoloader->includeFile('/var/www/html/app/Controllers/DadosPessoaisApiController.php')
 3 SYSTEMPATH/Autoloader/Autoloader.php(269): CodeIgniter\Autoloader\Autoloader->loadInNamespace('App\\Controllers\\DadosPessoaisApiController')
 4 [internal function]: CodeIgniter\Autoloader\Autoloader->loadClass('App\\Controllers\\DadosPessoaisApiController')
 5 SYSTEMPATH/CodeIgniter.php(900): class_exists('\\App\\Controllers\\DadosPessoaisApiController', true)
 6 SYSTEMPATH/CodeIgniter.php(489): CodeIgniter\CodeIgniter->startController()
 7 SYSTEMPATH/CodeIgniter.php(361): CodeIgniter\CodeIgniter->handleRequest(null, Object(Config\Cache), false)
 8 FCPATH/index.php(79): CodeIgniter\CodeIgniter->run()
WARNING - 2024-02-04 01:09:28 --> [DEPRECATED] Optional parameter $message declared before required parameter $typeMessage is implicitly treated as a required parameter in APPPATH/Controllers/DadosPessoaisApiController.php on line 154.
 1 SYSTEMPATH/Autoloader/Autoloader.php(312): include_once('/var/www/html/system/Debug/Exceptions.php')
 2 SYSTEMPATH/Autoloader/Autoloader.php(291): CodeIgniter\Autoloader\Autoloader->includeFile('/var/www/html/app/Controllers/DadosPessoaisApiController.php')
 3 SYSTEMPATH/Autoloader/Autoloader.php(269): CodeIgniter\Autoloader\Autoloader->loadInNamespace('App\\Controllers\\DadosPessoaisApiController')
 4 [internal function]: CodeIgniter\Autoloader\Autoloader->loadClass('App\\Controllers\\DadosPessoaisApiController')
 5 SYSTEMPATH/CodeIgniter.php(900): class_exists('\\App\\Controllers\\DadosPessoaisApiController', true)
 6 SYSTEMPATH/CodeIgniter.php(489): CodeIgniter\CodeIgniter->startController()
 7 SYSTEMPATH/CodeIgniter.php(361): CodeIgniter\CodeIgniter->handleRequest(null, Object(Config\Cache), false)
 8 FCPATH/index.php(79): CodeIgniter\CodeIgniter->run()
WARNING - 2024-02-04 01:09:28 --> [DEPRECATED] Optional parameter $message declared before required parameter $typeMessage is implicitly treated as a required parameter in APPPATH/Controllers/DadosPessoaisApiController.php on line 154.
 1 SYSTEMPATH/Autoloader/Autoloader.php(312): include_once('/var/www/html/system/Debug/Exceptions.php')
 2 SYSTEMPATH/Autoloader/Autoloader.php(291): CodeIgniter\Autoloader\Autoloader->includeFile('/var/www/html/app/Controllers/DadosPessoaisApiController.php')
 3 SYSTEMPATH/Autoloader/Autoloader.php(269): CodeIgniter\Autoloader\Autoloader->loadInNamespace('App\\Controllers\\DadosPessoaisApiController')
 4 [internal function]: CodeIgniter\Autoloader\Autoloader->loadClass('App\\Controllers\\DadosPessoaisApiController')
 5 SYSTEMPATH/CodeIgniter.php(900): class_exists('\\App\\Controllers\\DadosPessoaisApiController', true)
 6 SYSTEMPATH/CodeIgniter.php(489): CodeIgniter\CodeIgniter->startController()
 7 SYSTEMPATH/CodeIgniter.php(361): CodeIgniter\CodeIgniter->handleRequest(null, Object(Config\Cache), false)
 8 FCPATH/index.php(79): CodeIgniter\CodeIgniter->run()
WARNING - 2024-02-04 01:09:28 --> [DEPRECATED] Optional parameter $message declared before required parameter $typeMessage is implicitly treated as a required parameter in APPPATH/Controllers/DadosPessoaisApiController.php on line 154.
 1 SYSTEMPATH/Autoloader/Autoloader.php(312): include_once('/var/www/html/system/Debug/Exceptions.php')
 2 SYSTEMPATH/Autoloader/Autoloader.php(291): CodeIgniter\Autoloader\Autoloader->includeFile('/var/www/html/app/Controllers/DadosPessoaisApiController.php')
 3 SYSTEMPATH/Autoloader/Autoloader.php(269): CodeIgniter\Autoloader\Autoloader->loadInNamespace('App\\Controllers\\DadosPessoaisApiController')
 4 [internal function]: CodeIgniter\Autoloader\Autoloader->loadClass('App\\Controllers\\DadosPessoaisApiController')
 5 SYSTEMPATH/CodeIgniter.php(900): class_exists('\\App\\Controllers\\DadosPessoaisApiController', true)
 6 SYSTEMPATH/CodeIgniter.php(489): CodeIgniter\CodeIgniter->startController()
 7 SYSTEMPATH/CodeIgniter.php(361): CodeIgniter\CodeIgniter->handleRequest(null, Object(Config\Cache), false)
 8 FCPATH/index.php(79): CodeIgniter\CodeIgniter->run()
WARNING - 2024-02-04 01:09:28 --> [DEPRECATED] Optional parameter $message declared before required parameter $typeMessage is implicitly treated as a required parameter in APPPATH/Controllers/DadosPessoaisApiController.php on line 154.
 1 SYSTEMPATH/Autoloader/Autoloader.php(312): include_once('/var/www/html/system/Debug/Exceptions.php')
 2 SYSTEMPATH/Autoloader/Autoloader.php(291): CodeIgniter\Autoloader\Autoloader->includeFile('/var/www/html/app/Controllers/DadosPessoaisApiController.php')
 3 SYSTEMPATH/Autoloader/Autoloader.php(269): CodeIgniter\Autoloader\Autoloader->loadInNamespace('App\\Controllers\\DadosPessoaisApiController')
 4 [internal function]: CodeIgniter\Autoloader\Autoloader->loadClass('App\\Controllers\\DadosPessoaisApiController')
 5 SYSTEMPATH/CodeIgniter.php(900): class_exists('\\App\\Controllers\\DadosPessoaisApiController', true)
 6 SYSTEMPATH/CodeIgniter.php(489): CodeIgniter\CodeIgniter->startController()
 7 SYSTEMPATH/CodeIgniter.php(361): CodeIgniter\CodeIgniter->handleRequest(null, Object(Config\Cache), false)
 8 FCPATH/index.php(79): CodeIgniter\CodeIgniter->run()
WARNING - 2024-02-04 01:11:08 --> [DEPRECATED] Optional parameter $message declared before required parameter $typeMessage is implicitly treated as a required parameter in APPPATH/Controllers/DadosPessoaisEndPointController.php on line 106.
 1 SYSTEMPATH/Autoloader/Autoloader.php(312): include_once('/var/www/html/system/Debug/Exceptions.php')
 2 SYSTEMPATH/Autoloader/Autoloader.php(291): CodeIgniter\Autoloader\Autoloader->includeFile('/var/www/html/app/Controllers/DadosPessoaisEndPointController.php')
 3 SYSTEMPATH/Autoloader/Autoloader.php(269): CodeIgniter\Autoloader\Autoloader->loadInNamespace('App\\Controllers\\DadosPessoaisEndPointController')
 4 [internal function]: CodeIgniter\Autoloader\Autoloader->loadClass('App\\Controllers\\DadosPessoaisEndPointController')
 5 SYSTEMPATH/CodeIgniter.php(900): class_exists('\\App\\Controllers\\DadosPessoaisEndPointController', true)
 6 SYSTEMPATH/CodeIgniter.php(489): CodeIgniter\CodeIgniter->startController()
 7 SYSTEMPATH/CodeIgniter.php(361): CodeIgniter\CodeIgniter->handleRequest(null, Object(Config\Cache), false)
 8 FCPATH/index.php(79): CodeIgniter\CodeIgniter->run()
WARNING - 2024-02-04 01:11:10 --> [DEPRECATED] Optional parameter $message declared before required parameter $typeMessage is implicitly treated as a required parameter in APPPATH/Controllers/DadosPessoaisApiController.php on line 154.
 1 SYSTEMPATH/Autoloader/Autoloader.php(312): include_once('/var/www/html/system/Debug/Exceptions.php')
 2 SYSTEMPATH/Autoloader/Autoloader.php(291): CodeIgniter\Autoloader\Autoloader->includeFile('/var/www/html/app/Controllers/DadosPessoaisApiController.php')
 3 SYSTEMPATH/Autoloader/Autoloader.php(269): CodeIgniter\Autoloader\Autoloader->loadInNamespace('App\\Controllers\\DadosPessoaisApiController')
 4 [internal function]: CodeIgniter\Autoloader\Autoloader->loadClass('App\\Controllers\\DadosPessoaisApiController')
 5 SYSTEMPATH/CodeIgniter.php(900): class_exists('\\App\\Controllers\\DadosPessoaisApiController', true)
 6 SYSTEMPATH/CodeIgniter.php(489): CodeIgniter\CodeIgniter->startController()
 7 SYSTEMPATH/CodeIgniter.php(361): CodeIgniter\CodeIgniter->handleRequest(null, Object(Config\Cache), false)
 8 FCPATH/index.php(79): CodeIgniter\CodeIgniter->run()
WARNING - 2024-02-04 01:11:10 --> [DEPRECATED] Optional parameter $message declared before required parameter $typeMessage is implicitly treated as a required parameter in APPPATH/Controllers/DadosPessoaisApiController.php on line 154.
 1 SYSTEMPATH/Autoloader/Autoloader.php(312): include_once('/var/www/html/system/Debug/Exceptions.php')
 2 SYSTEMPATH/Autoloader/Autoloader.php(291): CodeIgniter\Autoloader\Autoloader->includeFile('/var/www/html/app/Controllers/DadosPessoaisApiController.php')
 3 SYSTEMPATH/Autoloader/Autoloader.php(269): CodeIgniter\Autoloader\Autoloader->loadInNamespace('App\\Controllers\\DadosPessoaisApiController')
 4 [internal function]: CodeIgniter\Autoloader\Autoloader->loadClass('App\\Controllers\\DadosPessoaisApiController')
 5 SYSTEMPATH/CodeIgniter.php(900): class_exists('\\App\\Controllers\\DadosPessoaisApiController', true)
 6 SYSTEMPATH/CodeIgniter.php(489): CodeIgniter\CodeIgniter->startController()
 7 SYSTEMPATH/CodeIgniter.php(361): CodeIgniter\CodeIgniter->handleRequest(null, Object(Config\Cache), false)
 8 FCPATH/index.php(79): CodeIgniter\CodeIgniter->run()
WARNING - 2024-02-04 01:11:10 --> [DEPRECATED] Optional parameter $message declared before required parameter $typeMessage is implicitly treated as a required parameter in APPPATH/Controllers/DadosPessoaisApiController.php on line 154.
 1 SYSTEMPATH/Autoloader/Autoloader.php(312): include_once('/var/www/html/system/Debug/Exceptions.php')
 2 SYSTEMPATH/Autoloader/Autoloader.php(291): CodeIgniter\Autoloader\Autoloader->includeFile('/var/www/html/app/Controllers/DadosPessoaisApiController.php')
 3 SYSTEMPATH/Autoloader/Autoloader.php(269): CodeIgniter\Autoloader\Autoloader->loadInNamespace('App\\Controllers\\DadosPessoaisApiController')
 4 [internal function]: CodeIgniter\Autoloader\Autoloader->loadClass('App\\Controllers\\DadosPessoaisApiController')
 5 SYSTEMPATH/CodeIgniter.php(900): class_exists('\\App\\Controllers\\DadosPessoaisApiController', true)
 6 SYSTEMPATH/CodeIgniter.php(489): CodeIgniter\CodeIgniter->startController()
 7 SYSTEMPATH/CodeIgniter.php(361): CodeIgniter\CodeIgniter->handleRequest(null, Object(Config\Cache), false)
 8 FCPATH/index.php(79): CodeIgniter\CodeIgniter->run()
WARNING - 2024-02-04 01:11:10 --> [DEPRECATED] Optional parameter $message declared before required parameter $typeMessage is implicitly treated as a required parameter in APPPATH/Controllers/DadosPessoaisApiController.php on line 154.
 1 SYSTEMPATH/Autoloader/Autoloader.php(312): include_once('/var/www/html/system/Debug/Exceptions.php')
 2 SYSTEMPATH/Autoloader/Autoloader.php(291): CodeIgniter\Autoloader\Autoloader->includeFile('/var/www/html/app/Controllers/DadosPessoaisApiController.php')
 3 SYSTEMPATH/Autoloader/Autoloader.php(269): CodeIgniter\Autoloader\Autoloader->loadInNamespace('App\\Controllers\\DadosPessoaisApiController')
 4 [internal function]: CodeIgniter\Autoloader\Autoloader->loadClass('App\\Controllers\\DadosPessoaisApiController')
 5 SYSTEMPATH/CodeIgniter.php(900): class_exists('\\App\\Controllers\\DadosPessoaisApiController', true)
 6 SYSTEMPATH/CodeIgniter.php(489): CodeIgniter\CodeIgniter->startController()
 7 SYSTEMPATH/CodeIgniter.php(361): CodeIgniter\CodeIgniter->handleRequest(null, Object(Config\Cache), false)
 8 FCPATH/index.php(79): CodeIgniter\CodeIgniter->run()
WARNING - 2024-02-04 01:11:11 --> [DEPRECATED] Optional parameter $message declared before required parameter $typeMessage is implicitly treated as a required parameter in APPPATH/Controllers/DadosPessoaisApiController.php on line 154.
 1 SYSTEMPATH/Autoloader/Autoloader.php(312): include_once('/var/www/html/system/Debug/Exceptions.php')
 2 SYSTEMPATH/Autoloader/Autoloader.php(291): CodeIgniter\Autoloader\Autoloader->includeFile('/var/www/html/app/Controllers/DadosPessoaisApiController.php')
 3 SYSTEMPATH/Autoloader/Autoloader.php(269): CodeIgniter\Autoloader\Autoloader->loadInNamespace('App\\Controllers\\DadosPessoaisApiController')
 4 [internal function]: CodeIgniter\Autoloader\Autoloader->loadClass('App\\Controllers\\DadosPessoaisApiController')
 5 SYSTEMPATH/CodeIgniter.php(900): class_exists('\\App\\Controllers\\DadosPessoaisApiController', true)
 6 SYSTEMPATH/CodeIgniter.php(489): CodeIgniter\CodeIgniter->startController()
 7 SYSTEMPATH/CodeIgniter.php(361): CodeIgniter\CodeIgniter->handleRequest(null, Object(Config\Cache), false)
 8 FCPATH/index.php(79): CodeIgniter\CodeIgniter->run()
WARNING - 2024-02-04 01:17:01 --> [DEPRECATED] Optional parameter $message declared before required parameter $typeMessage is implicitly treated as a required parameter in APPPATH/Controllers/DadosPessoaisEndPointController.php on line 106.
 1 SYSTEMPATH/Autoloader/Autoloader.php(312): include_once('/var/www/html/system/Debug/Exceptions.php')
 2 SYSTEMPATH/Autoloader/Autoloader.php(291): CodeIgniter\Autoloader\Autoloader->includeFile('/var/www/html/app/Controllers/DadosPessoaisEndPointController.php')
 3 SYSTEMPATH/Autoloader/Autoloader.php(269): CodeIgniter\Autoloader\Autoloader->loadInNamespace('App\\Controllers\\DadosPessoaisEndPointController')
 4 [internal function]: CodeIgniter\Autoloader\Autoloader->loadClass('App\\Controllers\\DadosPessoaisEndPointController')
 5 SYSTEMPATH/CodeIgniter.php(900): class_exists('\\App\\Controllers\\DadosPessoaisEndPointController', true)
 6 SYSTEMPATH/CodeIgniter.php(489): CodeIgniter\CodeIgniter->startController()
 7 SYSTEMPATH/CodeIgniter.php(361): CodeIgniter\CodeIgniter->handleRequest(null, Object(Config\Cache), false)
 8 FCPATH/index.php(79): CodeIgniter\CodeIgniter->run()
WARNING - 2024-02-04 01:17:03 --> [DEPRECATED] Optional parameter $message declared before required parameter $typeMessage is implicitly treated as a required parameter in APPPATH/Controllers/DadosPessoaisApiController.php on line 154.
 1 SYSTEMPATH/Autoloader/Autoloader.php(312): include_once('/var/www/html/system/Debug/Exceptions.php')
 2 SYSTEMPATH/Autoloader/Autoloader.php(291): CodeIgniter\Autoloader\Autoloader->includeFile('/var/www/html/app/Controllers/DadosPessoaisApiController.php')
 3 SYSTEMPATH/Autoloader/Autoloader.php(269): CodeIgniter\Autoloader\Autoloader->loadInNamespace('App\\Controllers\\DadosPessoaisApiController')
 4 [internal function]: CodeIgniter\Autoloader\Autoloader->loadClass('App\\Controllers\\DadosPessoaisApiController')
 5 SYSTEMPATH/CodeIgniter.php(900): class_exists('\\App\\Controllers\\DadosPessoaisApiController', true)
 6 SYSTEMPATH/CodeIgniter.php(489): CodeIgniter\CodeIgniter->startController()
 7 SYSTEMPATH/CodeIgniter.php(361): CodeIgniter\CodeIgniter->handleRequest(null, Object(Config\Cache), false)
 8 FCPATH/index.php(79): CodeIgniter\CodeIgniter->run()
WARNING - 2024-02-04 01:17:03 --> [DEPRECATED] Optional parameter $message declared before required parameter $typeMessage is implicitly treated as a required parameter in APPPATH/Controllers/DadosPessoaisApiController.php on line 154.
 1 SYSTEMPATH/Autoloader/Autoloader.php(312): include_once('/var/www/html/system/Debug/Exceptions.php')
 2 SYSTEMPATH/Autoloader/Autoloader.php(291): CodeIgniter\Autoloader\Autoloader->includeFile('/var/www/html/app/Controllers/DadosPessoaisApiController.php')
 3 SYSTEMPATH/Autoloader/Autoloader.php(269): CodeIgniter\Autoloader\Autoloader->loadInNamespace('App\\Controllers\\DadosPessoaisApiController')
 4 [internal function]: CodeIgniter\Autoloader\Autoloader->loadClass('App\\Controllers\\DadosPessoaisApiController')
 5 SYSTEMPATH/CodeIgniter.php(900): class_exists('\\App\\Controllers\\DadosPessoaisApiController', true)
 6 SYSTEMPATH/CodeIgniter.php(489): CodeIgniter\CodeIgniter->startController()
 7 SYSTEMPATH/CodeIgniter.php(361): CodeIgniter\CodeIgniter->handleRequest(null, Object(Config\Cache), false)
 8 FCPATH/index.php(79): CodeIgniter\CodeIgniter->run()
WARNING - 2024-02-04 01:17:03 --> [DEPRECATED] Optional parameter $message declared before required parameter $typeMessage is implicitly treated as a required parameter in APPPATH/Controllers/DadosPessoaisApiController.php on line 154.
 1 SYSTEMPATH/Autoloader/Autoloader.php(312): include_once('/var/www/html/system/Debug/Exceptions.php')
 2 SYSTEMPATH/Autoloader/Autoloader.php(291): CodeIgniter\Autoloader\Autoloader->includeFile('/var/www/html/app/Controllers/DadosPessoaisApiController.php')
 3 SYSTEMPATH/Autoloader/Autoloader.php(269): CodeIgniter\Autoloader\Autoloader->loadInNamespace('App\\Controllers\\DadosPessoaisApiController')
 4 [internal function]: CodeIgniter\Autoloader\Autoloader->loadClass('App\\Controllers\\DadosPessoaisApiController')
 5 SYSTEMPATH/CodeIgniter.php(900): class_exists('\\App\\Controllers\\DadosPessoaisApiController', true)
 6 SYSTEMPATH/CodeIgniter.php(489): CodeIgniter\CodeIgniter->startController()
 7 SYSTEMPATH/CodeIgniter.php(361): CodeIgniter\CodeIgniter->handleRequest(null, Object(Config\Cache), false)
 8 FCPATH/index.php(79): CodeIgniter\CodeIgniter->run()
WARNING - 2024-02-04 01:17:03 --> [DEPRECATED] Optional parameter $message declared before required parameter $typeMessage is implicitly treated as a required parameter in APPPATH/Controllers/DadosPessoaisApiController.php on line 154.
 1 SYSTEMPATH/Autoloader/Autoloader.php(312): include_once('/var/www/html/system/Debug/Exceptions.php')
 2 SYSTEMPATH/Autoloader/Autoloader.php(291): CodeIgniter\Autoloader\Autoloader->includeFile('/var/www/html/app/Controllers/DadosPessoaisApiController.php')
 3 SYSTEMPATH/Autoloader/Autoloader.php(269): CodeIgniter\Autoloader\Autoloader->loadInNamespace('App\\Controllers\\DadosPessoaisApiController')
 4 [internal function]: CodeIgniter\Autoloader\Autoloader->loadClass('App\\Controllers\\DadosPessoaisApiController')
 5 SYSTEMPATH/CodeIgniter.php(900): class_exists('\\App\\Controllers\\DadosPessoaisApiController', true)
 6 SYSTEMPATH/CodeIgniter.php(489): CodeIgniter\CodeIgniter->startController()
 7 SYSTEMPATH/CodeIgniter.php(361): CodeIgniter\CodeIgniter->handleRequest(null, Object(Config\Cache), false)
 8 FCPATH/index.php(79): CodeIgniter\CodeIgniter->run()
WARNING - 2024-02-04 01:17:03 --> [DEPRECATED] Optional parameter $message declared before required parameter $typeMessage is implicitly treated as a required parameter in APPPATH/Controllers/DadosPessoaisApiController.php on line 154.
 1 SYSTEMPATH/Autoloader/Autoloader.php(312): include_once('/var/www/html/system/Debug/Exceptions.php')
 2 SYSTEMPATH/Autoloader/Autoloader.php(291): CodeIgniter\Autoloader\Autoloader->includeFile('/var/www/html/app/Controllers/DadosPessoaisApiController.php')
 3 SYSTEMPATH/Autoloader/Autoloader.php(269): CodeIgniter\Autoloader\Autoloader->loadInNamespace('App\\Controllers\\DadosPessoaisApiController')
 4 [internal function]: CodeIgniter\Autoloader\Autoloader->loadClass('App\\Controllers\\DadosPessoaisApiController')
 5 SYSTEMPATH/CodeIgniter.php(900): class_exists('\\App\\Controllers\\DadosPessoaisApiController', true)
 6 SYSTEMPATH/CodeIgniter.php(489): CodeIgniter\CodeIgniter->startController()
 7 SYSTEMPATH/CodeIgniter.php(361): CodeIgniter\CodeIgniter->handleRequest(null, Object(Config\Cache), false)
 8 FCPATH/index.php(79): CodeIgniter\CodeIgniter->run()
WARNING - 2024-02-04 01:33:50 --> [DEPRECATED] Optional parameter $message declared before required parameter $typeMessage is implicitly treated as a required parameter in APPPATH/Controllers/DadosPessoaisEndPointController.php on line 106.
 1 SYSTEMPATH/Autoloader/Autoloader.php(312): include_once('/var/www/html/system/Debug/Exceptions.php')
 2 SYSTEMPATH/Autoloader/Autoloader.php(291): CodeIgniter\Autoloader\Autoloader->includeFile('/var/www/html/app/Controllers/DadosPessoaisEndPointController.php')
 3 SYSTEMPATH/Autoloader/Autoloader.php(269): CodeIgniter\Autoloader\Autoloader->loadInNamespace('App\\Controllers\\DadosPessoaisEndPointController')
 4 [internal function]: CodeIgniter\Autoloader\Autoloader->loadClass('App\\Controllers\\DadosPessoaisEndPointController')
 5 SYSTEMPATH/CodeIgniter.php(900): class_exists('\\App\\Controllers\\DadosPessoaisEndPointController', true)
 6 SYSTEMPATH/CodeIgniter.php(489): CodeIgniter\CodeIgniter->startController()
 7 SYSTEMPATH/CodeIgniter.php(361): CodeIgniter\CodeIgniter->handleRequest(null, Object(Config\Cache), false)
 8 FCPATH/index.php(79): CodeIgniter\CodeIgniter->run()
WARNING - 2024-02-04 01:33:53 --> [DEPRECATED] Optional parameter $message declared before required parameter $typeMessage is implicitly treated as a required parameter in APPPATH/Controllers/DadosPessoaisApiController.php on line 154.
 1 SYSTEMPATH/Autoloader/Autoloader.php(312): include_once('/var/www/html/system/Debug/Exceptions.php')
 2 SYSTEMPATH/Autoloader/Autoloader.php(291): CodeIgniter\Autoloader\Autoloader->includeFile('/var/www/html/app/Controllers/DadosPessoaisApiController.php')
 3 SYSTEMPATH/Autoloader/Autoloader.php(269): CodeIgniter\Autoloader\Autoloader->loadInNamespace('App\\Controllers\\DadosPessoaisApiController')
 4 [internal function]: CodeIgniter\Autoloader\Autoloader->loadClass('App\\Controllers\\DadosPessoaisApiController')
 5 SYSTEMPATH/CodeIgniter.php(900): class_exists('\\App\\Controllers\\DadosPessoaisApiController', true)
 6 SYSTEMPATH/CodeIgniter.php(489): CodeIgniter\CodeIgniter->startController()
 7 SYSTEMPATH/CodeIgniter.php(361): CodeIgniter\CodeIgniter->handleRequest(null, Object(Config\Cache), false)
 8 FCPATH/index.php(79): CodeIgniter\CodeIgniter->run()
WARNING - 2024-02-04 01:33:53 --> [DEPRECATED] Optional parameter $message declared before required parameter $typeMessage is implicitly treated as a required parameter in APPPATH/Controllers/DadosPessoaisApiController.php on line 154.
 1 SYSTEMPATH/Autoloader/Autoloader.php(312): include_once('/var/www/html/system/Debug/Exceptions.php')
 2 SYSTEMPATH/Autoloader/Autoloader.php(291): CodeIgniter\Autoloader\Autoloader->includeFile('/var/www/html/app/Controllers/DadosPessoaisApiController.php')
 3 SYSTEMPATH/Autoloader/Autoloader.php(269): CodeIgniter\Autoloader\Autoloader->loadInNamespace('App\\Controllers\\DadosPessoaisApiController')
 4 [internal function]: CodeIgniter\Autoloader\Autoloader->loadClass('App\\Controllers\\DadosPessoaisApiController')
 5 SYSTEMPATH/CodeIgniter.php(900): class_exists('\\App\\Controllers\\DadosPessoaisApiController', true)
 6 SYSTEMPATH/CodeIgniter.php(489): CodeIgniter\CodeIgniter->startController()
 7 SYSTEMPATH/CodeIgniter.php(361): CodeIgniter\CodeIgniter->handleRequest(null, Object(Config\Cache), false)
 8 FCPATH/index.php(79): CodeIgniter\CodeIgniter->run()
WARNING - 2024-02-04 01:33:53 --> [DEPRECATED] Optional parameter $message declared before required parameter $typeMessage is implicitly treated as a required parameter in APPPATH/Controllers/DadosPessoaisApiController.php on line 154.
 1 SYSTEMPATH/Autoloader/Autoloader.php(312): include_once('/var/www/html/system/Debug/Exceptions.php')
 2 SYSTEMPATH/Autoloader/Autoloader.php(291): CodeIgniter\Autoloader\Autoloader->includeFile('/var/www/html/app/Controllers/DadosPessoaisApiController.php')
 3 SYSTEMPATH/Autoloader/Autoloader.php(269): CodeIgniter\Autoloader\Autoloader->loadInNamespace('App\\Controllers\\DadosPessoaisApiController')
 4 [internal function]: CodeIgniter\Autoloader\Autoloader->loadClass('App\\Controllers\\DadosPessoaisApiController')
 5 SYSTEMPATH/CodeIgniter.php(900): class_exists('\\App\\Controllers\\DadosPessoaisApiController', true)
 6 SYSTEMPATH/CodeIgniter.php(489): CodeIgniter\CodeIgniter->startController()
 7 SYSTEMPATH/CodeIgniter.php(361): CodeIgniter\CodeIgniter->handleRequest(null, Object(Config\Cache), false)
 8 FCPATH/index.php(79): CodeIgniter\CodeIgniter->run()
WARNING - 2024-02-04 01:33:53 --> [DEPRECATED] Optional parameter $message declared before required parameter $typeMessage is implicitly treated as a required parameter in APPPATH/Controllers/DadosPessoaisApiController.php on line 154.
 1 SYSTEMPATH/Autoloader/Autoloader.php(312): include_once('/var/www/html/system/Debug/Exceptions.php')
 2 SYSTEMPATH/Autoloader/Autoloader.php(291): CodeIgniter\Autoloader\Autoloader->includeFile('/var/www/html/app/Controllers/DadosPessoaisApiController.php')
 3 SYSTEMPATH/Autoloader/Autoloader.php(269): CodeIgniter\Autoloader\Autoloader->loadInNamespace('App\\Controllers\\DadosPessoaisApiController')
 4 [internal function]: CodeIgniter\Autoloader\Autoloader->loadClass('App\\Controllers\\DadosPessoaisApiController')
 5 SYSTEMPATH/CodeIgniter.php(900): class_exists('\\App\\Controllers\\DadosPessoaisApiController', true)
 6 SYSTEMPATH/CodeIgniter.php(489): CodeIgniter\CodeIgniter->startController()
 7 SYSTEMPATH/CodeIgniter.php(361): CodeIgniter\CodeIgniter->handleRequest(null, Object(Config\Cache), false)
 8 FCPATH/index.php(79): CodeIgniter\CodeIgniter->run()
WARNING - 2024-02-04 01:33:53 --> [DEPRECATED] Optional parameter $message declared before required parameter $typeMessage is implicitly treated as a required parameter in APPPATH/Controllers/DadosPessoaisApiController.php on line 154.
 1 SYSTEMPATH/Autoloader/Autoloader.php(312): include_once('/var/www/html/system/Debug/Exceptions.php')
 2 SYSTEMPATH/Autoloader/Autoloader.php(291): CodeIgniter\Autoloader\Autoloader->includeFile('/var/www/html/app/Controllers/DadosPessoaisApiController.php')
 3 SYSTEMPATH/Autoloader/Autoloader.php(269): CodeIgniter\Autoloader\Autoloader->loadInNamespace('App\\Controllers\\DadosPessoaisApiController')
 4 [internal function]: CodeIgniter\Autoloader\Autoloader->loadClass('App\\Controllers\\DadosPessoaisApiController')
 5 SYSTEMPATH/CodeIgniter.php(900): class_exists('\\App\\Controllers\\DadosPessoaisApiController', true)
 6 SYSTEMPATH/CodeIgniter.php(489): CodeIgniter\CodeIgniter->startController()
 7 SYSTEMPATH/CodeIgniter.php(361): CodeIgniter\CodeIgniter->handleRequest(null, Object(Config\Cache), false)
 8 FCPATH/index.php(79): CodeIgniter\CodeIgniter->run()
WARNING - 2024-02-04 01:35:08 --> [DEPRECATED] Optional parameter $message declared before required parameter $typeMessage is implicitly treated as a required parameter in APPPATH/Controllers/DadosPessoaisEndPointController.php on line 106.
 1 SYSTEMPATH/Autoloader/Autoloader.php(312): include_once('/var/www/html/system/Debug/Exceptions.php')
 2 SYSTEMPATH/Autoloader/Autoloader.php(291): CodeIgniter\Autoloader\Autoloader->includeFile('/var/www/html/app/Controllers/DadosPessoaisEndPointController.php')
 3 SYSTEMPATH/Autoloader/Autoloader.php(269): CodeIgniter\Autoloader\Autoloader->loadInNamespace('App\\Controllers\\DadosPessoaisEndPointController')
 4 [internal function]: CodeIgniter\Autoloader\Autoloader->loadClass('App\\Controllers\\DadosPessoaisEndPointController')
 5 SYSTEMPATH/CodeIgniter.php(900): class_exists('\\App\\Controllers\\DadosPessoaisEndPointController', true)
 6 SYSTEMPATH/CodeIgniter.php(489): CodeIgniter\CodeIgniter->startController()
 7 SYSTEMPATH/CodeIgniter.php(361): CodeIgniter\CodeIgniter->handleRequest(null, Object(Config\Cache), false)
 8 FCPATH/index.php(79): CodeIgniter\CodeIgniter->run()
WARNING - 2024-02-04 01:35:09 --> [DEPRECATED] Optional parameter $message declared before required parameter $typeMessage is implicitly treated as a required parameter in APPPATH/Controllers/DadosPessoaisApiController.php on line 154.
 1 SYSTEMPATH/Autoloader/Autoloader.php(312): include_once('/var/www/html/system/Debug/Exceptions.php')
 2 SYSTEMPATH/Autoloader/Autoloader.php(291): CodeIgniter\Autoloader\Autoloader->includeFile('/var/www/html/app/Controllers/DadosPessoaisApiController.php')
 3 SYSTEMPATH/Autoloader/Autoloader.php(269): CodeIgniter\Autoloader\Autoloader->loadInNamespace('App\\Controllers\\DadosPessoaisApiController')
 4 [internal function]: CodeIgniter\Autoloader\Autoloader->loadClass('App\\Controllers\\DadosPessoaisApiController')
 5 SYSTEMPATH/CodeIgniter.php(900): class_exists('\\App\\Controllers\\DadosPessoaisApiController', true)
 6 SYSTEMPATH/CodeIgniter.php(489): CodeIgniter\CodeIgniter->startController()
 7 SYSTEMPATH/CodeIgniter.php(361): CodeIgniter\CodeIgniter->handleRequest(null, Object(Config\Cache), false)
 8 FCPATH/index.php(79): CodeIgniter\CodeIgniter->run()
WARNING - 2024-02-04 01:35:48 --> [DEPRECATED] Optional parameter $message declared before required parameter $typeMessage is implicitly treated as a required parameter in APPPATH/Controllers/DadosPessoaisEndPointController.php on line 106.
 1 SYSTEMPATH/Autoloader/Autoloader.php(312): include_once('/var/www/html/system/Debug/Exceptions.php')
 2 SYSTEMPATH/Autoloader/Autoloader.php(291): CodeIgniter\Autoloader\Autoloader->includeFile('/var/www/html/app/Controllers/DadosPessoaisEndPointController.php')
 3 SYSTEMPATH/Autoloader/Autoloader.php(269): CodeIgniter\Autoloader\Autoloader->loadInNamespace('App\\Controllers\\DadosPessoaisEndPointController')
 4 [internal function]: CodeIgniter\Autoloader\Autoloader->loadClass('App\\Controllers\\DadosPessoaisEndPointController')
 5 SYSTEMPATH/CodeIgniter.php(900): class_exists('\\App\\Controllers\\DadosPessoaisEndPointController', true)
 6 SYSTEMPATH/CodeIgniter.php(489): CodeIgniter\CodeIgniter->startController()
 7 SYSTEMPATH/CodeIgniter.php(361): CodeIgniter\CodeIgniter->handleRequest(null, Object(Config\Cache), false)
 8 FCPATH/index.php(79): CodeIgniter\CodeIgniter->run()
WARNING - 2024-02-04 01:35:50 --> [DEPRECATED] Optional parameter $message declared before required parameter $typeMessage is implicitly treated as a required parameter in APPPATH/Controllers/DadosPessoaisApiController.php on line 154.
 1 SYSTEMPATH/Autoloader/Autoloader.php(312): include_once('/var/www/html/system/Debug/Exceptions.php')
 2 SYSTEMPATH/Autoloader/Autoloader.php(291): CodeIgniter\Autoloader\Autoloader->includeFile('/var/www/html/app/Controllers/DadosPessoaisApiController.php')
 3 SYSTEMPATH/Autoloader/Autoloader.php(269): CodeIgniter\Autoloader\Autoloader->loadInNamespace('App\\Controllers\\DadosPessoaisApiController')
 4 [internal function]: CodeIgniter\Autoloader\Autoloader->loadClass('App\\Controllers\\DadosPessoaisApiController')
 5 SYSTEMPATH/CodeIgniter.php(900): class_exists('\\App\\Controllers\\DadosPessoaisApiController', true)
 6 SYSTEMPATH/CodeIgniter.php(489): CodeIgniter\CodeIgniter->startController()
 7 SYSTEMPATH/CodeIgniter.php(361): CodeIgniter\CodeIgniter->handleRequest(null, Object(Config\Cache), false)
 8 FCPATH/index.php(79): CodeIgniter\CodeIgniter->run()
WARNING - 2024-02-04 01:35:51 --> [DEPRECATED] Optional parameter $message declared before required parameter $typeMessage is implicitly treated as a required parameter in APPPATH/Controllers/DadosPessoaisApiController.php on line 154.
 1 SYSTEMPATH/Autoloader/Autoloader.php(312): include_once('/var/www/html/system/Debug/Exceptions.php')
 2 SYSTEMPATH/Autoloader/Autoloader.php(291): CodeIgniter\Autoloader\Autoloader->includeFile('/var/www/html/app/Controllers/DadosPessoaisApiController.php')
 3 SYSTEMPATH/Autoloader/Autoloader.php(269): CodeIgniter\Autoloader\Autoloader->loadInNamespace('App\\Controllers\\DadosPessoaisApiController')
 4 [internal function]: CodeIgniter\Autoloader\Autoloader->loadClass('App\\Controllers\\DadosPessoaisApiController')
 5 SYSTEMPATH/CodeIgniter.php(900): class_exists('\\App\\Controllers\\DadosPessoaisApiController', true)
 6 SYSTEMPATH/CodeIgniter.php(489): CodeIgniter\CodeIgniter->startController()
 7 SYSTEMPATH/CodeIgniter.php(361): CodeIgniter\CodeIgniter->handleRequest(null, Object(Config\Cache), false)
 8 FCPATH/index.php(79): CodeIgniter\CodeIgniter->run()
WARNING - 2024-02-04 01:35:51 --> [DEPRECATED] Optional parameter $message declared before required parameter $typeMessage is implicitly treated as a required parameter in APPPATH/Controllers/DadosPessoaisApiController.php on line 154.
 1 SYSTEMPATH/Autoloader/Autoloader.php(312): include_once('/var/www/html/system/Debug/Exceptions.php')
 2 SYSTEMPATH/Autoloader/Autoloader.php(291): CodeIgniter\Autoloader\Autoloader->includeFile('/var/www/html/app/Controllers/DadosPessoaisApiController.php')
 3 SYSTEMPATH/Autoloader/Autoloader.php(269): CodeIgniter\Autoloader\Autoloader->loadInNamespace('App\\Controllers\\DadosPessoaisApiController')
 4 [internal function]: CodeIgniter\Autoloader\Autoloader->loadClass('App\\Controllers\\DadosPessoaisApiController')
 5 SYSTEMPATH/CodeIgniter.php(900): class_exists('\\App\\Controllers\\DadosPessoaisApiController', true)
 6 SYSTEMPATH/CodeIgniter.php(489): CodeIgniter\CodeIgniter->startController()
 7 SYSTEMPATH/CodeIgniter.php(361): CodeIgniter\CodeIgniter->handleRequest(null, Object(Config\Cache), false)
 8 FCPATH/index.php(79): CodeIgniter\CodeIgniter->run()
WARNING - 2024-02-04 01:35:51 --> [DEPRECATED] Optional parameter $message declared before required parameter $typeMessage is implicitly treated as a required parameter in APPPATH/Controllers/DadosPessoaisApiController.php on line 154.
 1 SYSTEMPATH/Autoloader/Autoloader.php(312): include_once('/var/www/html/system/Debug/Exceptions.php')
 2 SYSTEMPATH/Autoloader/Autoloader.php(291): CodeIgniter\Autoloader\Autoloader->includeFile('/var/www/html/app/Controllers/DadosPessoaisApiController.php')
 3 SYSTEMPATH/Autoloader/Autoloader.php(269): CodeIgniter\Autoloader\Autoloader->loadInNamespace('App\\Controllers\\DadosPessoaisApiController')
 4 [internal function]: CodeIgniter\Autoloader\Autoloader->loadClass('App\\Controllers\\DadosPessoaisApiController')
 5 SYSTEMPATH/CodeIgniter.php(900): class_exists('\\App\\Controllers\\DadosPessoaisApiController', true)
 6 SYSTEMPATH/CodeIgniter.php(489): CodeIgniter\CodeIgniter->startController()
 7 SYSTEMPATH/CodeIgniter.php(361): CodeIgniter\CodeIgniter->handleRequest(null, Object(Config\Cache), false)
 8 FCPATH/index.php(79): CodeIgniter\CodeIgniter->run()
WARNING - 2024-02-04 01:35:51 --> [DEPRECATED] Optional parameter $message declared before required parameter $typeMessage is implicitly treated as a required parameter in APPPATH/Controllers/DadosPessoaisApiController.php on line 154.
 1 SYSTEMPATH/Autoloader/Autoloader.php(312): include_once('/var/www/html/system/Debug/Exceptions.php')
 2 SYSTEMPATH/Autoloader/Autoloader.php(291): CodeIgniter\Autoloader\Autoloader->includeFile('/var/www/html/app/Controllers/DadosPessoaisApiController.php')
 3 SYSTEMPATH/Autoloader/Autoloader.php(269): CodeIgniter\Autoloader\Autoloader->loadInNamespace('App\\Controllers\\DadosPessoaisApiController')
 4 [internal function]: CodeIgniter\Autoloader\Autoloader->loadClass('App\\Controllers\\DadosPessoaisApiController')
 5 SYSTEMPATH/CodeIgniter.php(900): class_exists('\\App\\Controllers\\DadosPessoaisApiController', true)
 6 SYSTEMPATH/CodeIgniter.php(489): CodeIgniter\CodeIgniter->startController()
 7 SYSTEMPATH/CodeIgniter.php(361): CodeIgniter\CodeIgniter->handleRequest(null, Object(Config\Cache), false)
 8 FCPATH/index.php(79): CodeIgniter\CodeIgniter->run()
WARNING - 2024-02-04 02:16:57 --> [DEPRECATED] Optional parameter $message declared before required parameter $typeMessage is implicitly treated as a required parameter in APPPATH/Controllers/DadosPessoaisEndPointController.php on line 106.
 1 SYSTEMPATH/Autoloader/Autoloader.php(312): include_once('/var/www/html/system/Debug/Exceptions.php')
 2 SYSTEMPATH/Autoloader/Autoloader.php(291): CodeIgniter\Autoloader\Autoloader->includeFile('/var/www/html/app/Controllers/DadosPessoaisEndPointController.php')
 3 SYSTEMPATH/Autoloader/Autoloader.php(269): CodeIgniter\Autoloader\Autoloader->loadInNamespace('App\\Controllers\\DadosPessoaisEndPointController')
 4 [internal function]: CodeIgniter\Autoloader\Autoloader->loadClass('App\\Controllers\\DadosPessoaisEndPointController')
 5 SYSTEMPATH/CodeIgniter.php(900): class_exists('\\App\\Controllers\\DadosPessoaisEndPointController', true)
 6 SYSTEMPATH/CodeIgniter.php(489): CodeIgniter\CodeIgniter->startController()
 7 SYSTEMPATH/CodeIgniter.php(361): CodeIgniter\CodeIgniter->handleRequest(null, Object(Config\Cache), false)
 8 FCPATH/index.php(79): CodeIgniter\CodeIgniter->run()
WARNING - 2024-02-04 02:16:59 --> [DEPRECATED] Optional parameter $message declared before required parameter $typeMessage is implicitly treated as a required parameter in APPPATH/Controllers/DadosPessoaisApiController.php on line 154.
 1 SYSTEMPATH/Autoloader/Autoloader.php(312): include_once('/var/www/html/system/Debug/Exceptions.php')
 2 SYSTEMPATH/Autoloader/Autoloader.php(291): CodeIgniter\Autoloader\Autoloader->includeFile('/var/www/html/app/Controllers/DadosPessoaisApiController.php')
 3 SYSTEMPATH/Autoloader/Autoloader.php(269): CodeIgniter\Autoloader\Autoloader->loadInNamespace('App\\Controllers\\DadosPessoaisApiController')
 4 [internal function]: CodeIgniter\Autoloader\Autoloader->loadClass('App\\Controllers\\DadosPessoaisApiController')
 5 SYSTEMPATH/CodeIgniter.php(900): class_exists('\\App\\Controllers\\DadosPessoaisApiController', true)
 6 SYSTEMPATH/CodeIgniter.php(489): CodeIgniter\CodeIgniter->startController()
 7 SYSTEMPATH/CodeIgniter.php(361): CodeIgniter\CodeIgniter->handleRequest(null, Object(Config\Cache), false)
 8 FCPATH/index.php(79): CodeIgniter\CodeIgniter->run()
WARNING - 2024-02-04 02:17:18 --> [DEPRECATED] Optional parameter $message declared before required parameter $typeMessage is implicitly treated as a required parameter in APPPATH/Controllers/DadosPessoaisEndPointController.php on line 106.
 1 SYSTEMPATH/Autoloader/Autoloader.php(312): include_once('/var/www/html/system/Debug/Exceptions.php')
 2 SYSTEMPATH/Autoloader/Autoloader.php(291): CodeIgniter\Autoloader\Autoloader->includeFile('/var/www/html/app/Controllers/DadosPessoaisEndPointController.php')
 3 SYSTEMPATH/Autoloader/Autoloader.php(269): CodeIgniter\Autoloader\Autoloader->loadInNamespace('App\\Controllers\\DadosPessoaisEndPointController')
 4 [internal function]: CodeIgniter\Autoloader\Autoloader->loadClass('App\\Controllers\\DadosPessoaisEndPointController')
 5 SYSTEMPATH/CodeIgniter.php(900): class_exists('\\App\\Controllers\\DadosPessoaisEndPointController', true)
 6 SYSTEMPATH/CodeIgniter.php(489): CodeIgniter\CodeIgniter->startController()
 7 SYSTEMPATH/CodeIgniter.php(361): CodeIgniter\CodeIgniter->handleRequest(null, Object(Config\Cache), false)
 8 FCPATH/index.php(79): CodeIgniter\CodeIgniter->run()
WARNING - 2024-02-04 02:17:19 --> [DEPRECATED] Optional parameter $message declared before required parameter $typeMessage is implicitly treated as a required parameter in APPPATH/Controllers/DadosPessoaisApiController.php on line 154.
 1 SYSTEMPATH/Autoloader/Autoloader.php(312): include_once('/var/www/html/system/Debug/Exceptions.php')
 2 SYSTEMPATH/Autoloader/Autoloader.php(291): CodeIgniter\Autoloader\Autoloader->includeFile('/var/www/html/app/Controllers/DadosPessoaisApiController.php')
 3 SYSTEMPATH/Autoloader/Autoloader.php(269): CodeIgniter\Autoloader\Autoloader->loadInNamespace('App\\Controllers\\DadosPessoaisApiController')
 4 [internal function]: CodeIgniter\Autoloader\Autoloader->loadClass('App\\Controllers\\DadosPessoaisApiController')
 5 SYSTEMPATH/CodeIgniter.php(900): class_exists('\\App\\Controllers\\DadosPessoaisApiController', true)
 6 SYSTEMPATH/CodeIgniter.php(489): CodeIgniter\CodeIgniter->startController()
 7 SYSTEMPATH/CodeIgniter.php(361): CodeIgniter\CodeIgniter->handleRequest(null, Object(Config\Cache), false)
 8 FCPATH/index.php(79): CodeIgniter\CodeIgniter->run()
WARNING - 2024-02-04 02:17:32 --> [DEPRECATED] Optional parameter $message declared before required parameter $typeMessage is implicitly treated as a required parameter in APPPATH/Controllers/DadosPessoaisEndPointController.php on line 106.
 1 SYSTEMPATH/Autoloader/Autoloader.php(312): include_once('/var/www/html/system/Debug/Exceptions.php')
 2 SYSTEMPATH/Autoloader/Autoloader.php(291): CodeIgniter\Autoloader\Autoloader->includeFile('/var/www/html/app/Controllers/DadosPessoaisEndPointController.php')
 3 SYSTEMPATH/Autoloader/Autoloader.php(269): CodeIgniter\Autoloader\Autoloader->loadInNamespace('App\\Controllers\\DadosPessoaisEndPointController')
 4 [internal function]: CodeIgniter\Autoloader\Autoloader->loadClass('App\\Controllers\\DadosPessoaisEndPointController')
 5 SYSTEMPATH/CodeIgniter.php(900): class_exists('\\App\\Controllers\\DadosPessoaisEndPointController', true)
 6 SYSTEMPATH/CodeIgniter.php(489): CodeIgniter\CodeIgniter->startController()
 7 SYSTEMPATH/CodeIgniter.php(361): CodeIgniter\CodeIgniter->handleRequest(null, Object(Config\Cache), false)
 8 FCPATH/index.php(79): CodeIgniter\CodeIgniter->run()
WARNING - 2024-02-04 02:17:33 --> [DEPRECATED] Optional parameter $message declared before required parameter $typeMessage is implicitly treated as a required parameter in APPPATH/Controllers/DadosPessoaisApiController.php on line 154.
 1 SYSTEMPATH/Autoloader/Autoloader.php(312): include_once('/var/www/html/system/Debug/Exceptions.php')
 2 SYSTEMPATH/Autoloader/Autoloader.php(291): CodeIgniter\Autoloader\Autoloader->includeFile('/var/www/html/app/Controllers/DadosPessoaisApiController.php')
 3 SYSTEMPATH/Autoloader/Autoloader.php(269): CodeIgniter\Autoloader\Autoloader->loadInNamespace('App\\Controllers\\DadosPessoaisApiController')
 4 [internal function]: CodeIgniter\Autoloader\Autoloader->loadClass('App\\Controllers\\DadosPessoaisApiController')
 5 SYSTEMPATH/CodeIgniter.php(900): class_exists('\\App\\Controllers\\DadosPessoaisApiController', true)
 6 SYSTEMPATH/CodeIgniter.php(489): CodeIgniter\CodeIgniter->startController()
 7 SYSTEMPATH/CodeIgniter.php(361): CodeIgniter\CodeIgniter->handleRequest(null, Object(Config\Cache), false)
 8 FCPATH/index.php(79): CodeIgniter\CodeIgniter->run()
WARNING - 2024-02-04 02:17:51 --> [DEPRECATED] Optional parameter $message declared before required parameter $typeMessage is implicitly treated as a required parameter in APPPATH/Controllers/DadosPessoaisEndPointController.php on line 106.
 1 SYSTEMPATH/Autoloader/Autoloader.php(312): include_once('/var/www/html/system/Debug/Exceptions.php')
 2 SYSTEMPATH/Autoloader/Autoloader.php(291): CodeIgniter\Autoloader\Autoloader->includeFile('/var/www/html/app/Controllers/DadosPessoaisEndPointController.php')
 3 SYSTEMPATH/Autoloader/Autoloader.php(269): CodeIgniter\Autoloader\Autoloader->loadInNamespace('App\\Controllers\\DadosPessoaisEndPointController')
 4 [internal function]: CodeIgniter\Autoloader\Autoloader->loadClass('App\\Controllers\\DadosPessoaisEndPointController')
 5 SYSTEMPATH/CodeIgniter.php(900): class_exists('\\App\\Controllers\\DadosPessoaisEndPointController', true)
 6 SYSTEMPATH/CodeIgniter.php(489): CodeIgniter\CodeIgniter->startController()
 7 SYSTEMPATH/CodeIgniter.php(361): CodeIgniter\CodeIgniter->handleRequest(null, Object(Config\Cache), false)
 8 FCPATH/index.php(79): CodeIgniter\CodeIgniter->run()
WARNING - 2024-02-04 02:17:52 --> [DEPRECATED] Optional parameter $message declared before required parameter $typeMessage is implicitly treated as a required parameter in APPPATH/Controllers/DadosPessoaisApiController.php on line 154.
 1 SYSTEMPATH/Autoloader/Autoloader.php(312): include_once('/var/www/html/system/Debug/Exceptions.php')
 2 SYSTEMPATH/Autoloader/Autoloader.php(291): CodeIgniter\Autoloader\Autoloader->includeFile('/var/www/html/app/Controllers/DadosPessoaisApiController.php')
 3 SYSTEMPATH/Autoloader/Autoloader.php(269): CodeIgniter\Autoloader\Autoloader->loadInNamespace('App\\Controllers\\DadosPessoaisApiController')
 4 [internal function]: CodeIgniter\Autoloader\Autoloader->loadClass('App\\Controllers\\DadosPessoaisApiController')
 5 SYSTEMPATH/CodeIgniter.php(900): class_exists('\\App\\Controllers\\DadosPessoaisApiController', true)
 6 SYSTEMPATH/CodeIgniter.php(489): CodeIgniter\CodeIgniter->startController()
 7 SYSTEMPATH/CodeIgniter.php(361): CodeIgniter\CodeIgniter->handleRequest(null, Object(Config\Cache), false)
 8 FCPATH/index.php(79): CodeIgniter\CodeIgniter->run()
WARNING - 2024-02-04 02:20:31 --> [DEPRECATED] Optional parameter $message declared before required parameter $typeMessage is implicitly treated as a required parameter in APPPATH/Controllers/DadosPessoaisEndPointController.php on line 106.
 1 SYSTEMPATH/Autoloader/Autoloader.php(312): include_once('/var/www/html/system/Debug/Exceptions.php')
 2 SYSTEMPATH/Autoloader/Autoloader.php(291): CodeIgniter\Autoloader\Autoloader->includeFile('/var/www/html/app/Controllers/DadosPessoaisEndPointController.php')
 3 SYSTEMPATH/Autoloader/Autoloader.php(269): CodeIgniter\Autoloader\Autoloader->loadInNamespace('App\\Controllers\\DadosPessoaisEndPointController')
 4 [internal function]: CodeIgniter\Autoloader\Autoloader->loadClass('App\\Controllers\\DadosPessoaisEndPointController')
 5 SYSTEMPATH/CodeIgniter.php(900): class_exists('\\App\\Controllers\\DadosPessoaisEndPointController', true)
 6 SYSTEMPATH/CodeIgniter.php(489): CodeIgniter\CodeIgniter->startController()
 7 SYSTEMPATH/CodeIgniter.php(361): CodeIgniter\CodeIgniter->handleRequest(null, Object(Config\Cache), false)
 8 FCPATH/index.php(79): CodeIgniter\CodeIgniter->run()
WARNING - 2024-02-04 02:20:32 --> [DEPRECATED] Optional parameter $message declared before required parameter $typeMessage is implicitly treated as a required parameter in APPPATH/Controllers/DadosPessoaisApiController.php on line 154.
 1 SYSTEMPATH/Autoloader/Autoloader.php(312): include_once('/var/www/html/system/Debug/Exceptions.php')
 2 SYSTEMPATH/Autoloader/Autoloader.php(291): CodeIgniter\Autoloader\Autoloader->includeFile('/var/www/html/app/Controllers/DadosPessoaisApiController.php')
 3 SYSTEMPATH/Autoloader/Autoloader.php(269): CodeIgniter\Autoloader\Autoloader->loadInNamespace('App\\Controllers\\DadosPessoaisApiController')
 4 [internal function]: CodeIgniter\Autoloader\Autoloader->loadClass('App\\Controllers\\DadosPessoaisApiController')
 5 SYSTEMPATH/CodeIgniter.php(900): class_exists('\\App\\Controllers\\DadosPessoaisApiController', true)
 6 SYSTEMPATH/CodeIgniter.php(489): CodeIgniter\CodeIgniter->startController()
 7 SYSTEMPATH/CodeIgniter.php(361): CodeIgniter\CodeIgniter->handleRequest(null, Object(Config\Cache), false)
 8 FCPATH/index.php(79): CodeIgniter\CodeIgniter->run()
WARNING - 2024-02-04 02:21:01 --> [DEPRECATED] Optional parameter $message declared before required parameter $typeMessage is implicitly treated as a required parameter in APPPATH/Controllers/DadosPessoaisEndPointController.php on line 106.
 1 SYSTEMPATH/Autoloader/Autoloader.php(312): include_once('/var/www/html/system/Debug/Exceptions.php')
 2 SYSTEMPATH/Autoloader/Autoloader.php(291): CodeIgniter\Autoloader\Autoloader->includeFile('/var/www/html/app/Controllers/DadosPessoaisEndPointController.php')
 3 SYSTEMPATH/Autoloader/Autoloader.php(269): CodeIgniter\Autoloader\Autoloader->loadInNamespace('App\\Controllers\\DadosPessoaisEndPointController')
 4 [internal function]: CodeIgniter\Autoloader\Autoloader->loadClass('App\\Controllers\\DadosPessoaisEndPointController')
 5 SYSTEMPATH/CodeIgniter.php(900): class_exists('\\App\\Controllers\\DadosPessoaisEndPointController', true)
 6 SYSTEMPATH/CodeIgniter.php(489): CodeIgniter\CodeIgniter->startController()
 7 SYSTEMPATH/CodeIgniter.php(361): CodeIgniter\CodeIgniter->handleRequest(null, Object(Config\Cache), false)
 8 FCPATH/index.php(79): CodeIgniter\CodeIgniter->run()
WARNING - 2024-02-04 02:21:02 --> [DEPRECATED] Optional parameter $message declared before required parameter $typeMessage is implicitly treated as a required parameter in APPPATH/Controllers/DadosPessoaisApiController.php on line 154.
 1 SYSTEMPATH/Autoloader/Autoloader.php(312): include_once('/var/www/html/system/Debug/Exceptions.php')
 2 SYSTEMPATH/Autoloader/Autoloader.php(291): CodeIgniter\Autoloader\Autoloader->includeFile('/var/www/html/app/Controllers/DadosPessoaisApiController.php')
 3 SYSTEMPATH/Autoloader/Autoloader.php(269): CodeIgniter\Autoloader\Autoloader->loadInNamespace('App\\Controllers\\DadosPessoaisApiController')
 4 [internal function]: CodeIgniter\Autoloader\Autoloader->loadClass('App\\Controllers\\DadosPessoaisApiController')
 5 SYSTEMPATH/CodeIgniter.php(900): class_exists('\\App\\Controllers\\DadosPessoaisApiController', true)
 6 SYSTEMPATH/CodeIgniter.php(489): CodeIgniter\CodeIgniter->startController()
 7 SYSTEMPATH/CodeIgniter.php(361): CodeIgniter\CodeIgniter->handleRequest(null, Object(Config\Cache), false)
 8 FCPATH/index.php(79): CodeIgniter\CodeIgniter->run()
WARNING - 2024-02-04 02:22:03 --> [DEPRECATED] Optional parameter $message declared before required parameter $typeMessage is implicitly treated as a required parameter in APPPATH/Controllers/DadosPessoaisEndPointController.php on line 106.
 1 SYSTEMPATH/Autoloader/Autoloader.php(312): include_once('/var/www/html/system/Debug/Exceptions.php')
 2 SYSTEMPATH/Autoloader/Autoloader.php(291): CodeIgniter\Autoloader\Autoloader->includeFile('/var/www/html/app/Controllers/DadosPessoaisEndPointController.php')
 3 SYSTEMPATH/Autoloader/Autoloader.php(269): CodeIgniter\Autoloader\Autoloader->loadInNamespace('App\\Controllers\\DadosPessoaisEndPointController')
 4 [internal function]: CodeIgniter\Autoloader\Autoloader->loadClass('App\\Controllers\\DadosPessoaisEndPointController')
 5 SYSTEMPATH/CodeIgniter.php(900): class_exists('\\App\\Controllers\\DadosPessoaisEndPointController', true)
 6 SYSTEMPATH/CodeIgniter.php(489): CodeIgniter\CodeIgniter->startController()
 7 SYSTEMPATH/CodeIgniter.php(361): CodeIgniter\CodeIgniter->handleRequest(null, Object(Config\Cache), false)
 8 FCPATH/index.php(79): CodeIgniter\CodeIgniter->run()
WARNING - 2024-02-04 02:22:04 --> [DEPRECATED] Optional parameter $message declared before required parameter $typeMessage is implicitly treated as a required parameter in APPPATH/Controllers/DadosPessoaisApiController.php on line 154.
 1 SYSTEMPATH/Autoloader/Autoloader.php(312): include_once('/var/www/html/system/Debug/Exceptions.php')
 2 SYSTEMPATH/Autoloader/Autoloader.php(291): CodeIgniter\Autoloader\Autoloader->includeFile('/var/www/html/app/Controllers/DadosPessoaisApiController.php')
 3 SYSTEMPATH/Autoloader/Autoloader.php(269): CodeIgniter\Autoloader\Autoloader->loadInNamespace('App\\Controllers\\DadosPessoaisApiController')
 4 [internal function]: CodeIgniter\Autoloader\Autoloader->loadClass('App\\Controllers\\DadosPessoaisApiController')
 5 SYSTEMPATH/CodeIgniter.php(900): class_exists('\\App\\Controllers\\DadosPessoaisApiController', true)
 6 SYSTEMPATH/CodeIgniter.php(489): CodeIgniter\CodeIgniter->startController()
 7 SYSTEMPATH/CodeIgniter.php(361): CodeIgniter\CodeIgniter->handleRequest(null, Object(Config\Cache), false)
 8 FCPATH/index.php(79): CodeIgniter\CodeIgniter->run()
WARNING - 2024-02-04 02:22:39 --> [DEPRECATED] Optional parameter $message declared before required parameter $typeMessage is implicitly treated as a required parameter in APPPATH/Controllers/DadosPessoaisEndPointController.php on line 106.
 1 SYSTEMPATH/Autoloader/Autoloader.php(312): include_once('/var/www/html/system/Debug/Exceptions.php')
 2 SYSTEMPATH/Autoloader/Autoloader.php(291): CodeIgniter\Autoloader\Autoloader->includeFile('/var/www/html/app/Controllers/DadosPessoaisEndPointController.php')
 3 SYSTEMPATH/Autoloader/Autoloader.php(269): CodeIgniter\Autoloader\Autoloader->loadInNamespace('App\\Controllers\\DadosPessoaisEndPointController')
 4 [internal function]: CodeIgniter\Autoloader\Autoloader->loadClass('App\\Controllers\\DadosPessoaisEndPointController')
 5 SYSTEMPATH/CodeIgniter.php(900): class_exists('\\App\\Controllers\\DadosPessoaisEndPointController', true)
 6 SYSTEMPATH/CodeIgniter.php(489): CodeIgniter\CodeIgniter->startController()
 7 SYSTEMPATH/CodeIgniter.php(361): CodeIgniter\CodeIgniter->handleRequest(null, Object(Config\Cache), false)
 8 FCPATH/index.php(79): CodeIgniter\CodeIgniter->run()
WARNING - 2024-02-04 02:22:40 --> [DEPRECATED] Optional parameter $message declared before required parameter $typeMessage is implicitly treated as a required parameter in APPPATH/Controllers/DadosPessoaisApiController.php on line 154.
 1 SYSTEMPATH/Autoloader/Autoloader.php(312): include_once('/var/www/html/system/Debug/Exceptions.php')
 2 SYSTEMPATH/Autoloader/Autoloader.php(291): CodeIgniter\Autoloader\Autoloader->includeFile('/var/www/html/app/Controllers/DadosPessoaisApiController.php')
 3 SYSTEMPATH/Autoloader/Autoloader.php(269): CodeIgniter\Autoloader\Autoloader->loadInNamespace('App\\Controllers\\DadosPessoaisApiController')
 4 [internal function]: CodeIgniter\Autoloader\Autoloader->loadClass('App\\Controllers\\DadosPessoaisApiController')
 5 SYSTEMPATH/CodeIgniter.php(900): class_exists('\\App\\Controllers\\DadosPessoaisApiController', true)
 6 SYSTEMPATH/CodeIgniter.php(489): CodeIgniter\CodeIgniter->startController()
 7 SYSTEMPATH/CodeIgniter.php(361): CodeIgniter\CodeIgniter->handleRequest(null, Object(Config\Cache), false)
 8 FCPATH/index.php(79): CodeIgniter\CodeIgniter->run()
WARNING - 2024-02-04 02:24:05 --> [DEPRECATED] Optional parameter $message declared before required parameter $typeMessage is implicitly treated as a required parameter in APPPATH/Controllers/DadosPessoaisEndPointController.php on line 106.
 1 SYSTEMPATH/Autoloader/Autoloader.php(312): include_once('/var/www/html/system/Debug/Exceptions.php')
 2 SYSTEMPATH/Autoloader/Autoloader.php(291): CodeIgniter\Autoloader\Autoloader->includeFile('/var/www/html/app/Controllers/DadosPessoaisEndPointController.php')
 3 SYSTEMPATH/Autoloader/Autoloader.php(269): CodeIgniter\Autoloader\Autoloader->loadInNamespace('App\\Controllers\\DadosPessoaisEndPointController')
 4 [internal function]: CodeIgniter\Autoloader\Autoloader->loadClass('App\\Controllers\\DadosPessoaisEndPointController')
 5 SYSTEMPATH/CodeIgniter.php(900): class_exists('\\App\\Controllers\\DadosPessoaisEndPointController', true)
 6 SYSTEMPATH/CodeIgniter.php(489): CodeIgniter\CodeIgniter->startController()
 7 SYSTEMPATH/CodeIgniter.php(361): CodeIgniter\CodeIgniter->handleRequest(null, Object(Config\Cache), false)
 8 FCPATH/index.php(79): CodeIgniter\CodeIgniter->run()
WARNING - 2024-02-04 02:24:06 --> [DEPRECATED] Optional parameter $message declared before required parameter $typeMessage is implicitly treated as a required parameter in APPPATH/Controllers/DadosPessoaisApiController.php on line 154.
 1 SYSTEMPATH/Autoloader/Autoloader.php(312): include_once('/var/www/html/system/Debug/Exceptions.php')
 2 SYSTEMPATH/Autoloader/Autoloader.php(291): CodeIgniter\Autoloader\Autoloader->includeFile('/var/www/html/app/Controllers/DadosPessoaisApiController.php')
 3 SYSTEMPATH/Autoloader/Autoloader.php(269): CodeIgniter\Autoloader\Autoloader->loadInNamespace('App\\Controllers\\DadosPessoaisApiController')
 4 [internal function]: CodeIgniter\Autoloader\Autoloader->loadClass('App\\Controllers\\DadosPessoaisApiController')
 5 SYSTEMPATH/CodeIgniter.php(900): class_exists('\\App\\Controllers\\DadosPessoaisApiController', true)
 6 SYSTEMPATH/CodeIgniter.php(489): CodeIgniter\CodeIgniter->startController()
 7 SYSTEMPATH/CodeIgniter.php(361): CodeIgniter\CodeIgniter->handleRequest(null, Object(Config\Cache), false)
 8 FCPATH/index.php(79): CodeIgniter\CodeIgniter->run()
WARNING - 2024-02-04 02:25:12 --> [DEPRECATED] Optional parameter $message declared before required parameter $typeMessage is implicitly treated as a required parameter in APPPATH/Controllers/DadosPessoaisEndPointController.php on line 106.
 1 SYSTEMPATH/Autoloader/Autoloader.php(312): include_once('/var/www/html/system/Debug/Exceptions.php')
 2 SYSTEMPATH/Autoloader/Autoloader.php(291): CodeIgniter\Autoloader\Autoloader->includeFile('/var/www/html/app/Controllers/DadosPessoaisEndPointController.php')
 3 SYSTEMPATH/Autoloader/Autoloader.php(269): CodeIgniter\Autoloader\Autoloader->loadInNamespace('App\\Controllers\\DadosPessoaisEndPointController')
 4 [internal function]: CodeIgniter\Autoloader\Autoloader->loadClass('App\\Controllers\\DadosPessoaisEndPointController')
 5 SYSTEMPATH/CodeIgniter.php(900): class_exists('\\App\\Controllers\\DadosPessoaisEndPointController', true)
 6 SYSTEMPATH/CodeIgniter.php(489): CodeIgniter\CodeIgniter->startController()
 7 SYSTEMPATH/CodeIgniter.php(361): CodeIgniter\CodeIgniter->handleRequest(null, Object(Config\Cache), false)
 8 FCPATH/index.php(79): CodeIgniter\CodeIgniter->run()
WARNING - 2024-02-04 02:25:13 --> [DEPRECATED] Optional parameter $message declared before required parameter $typeMessage is implicitly treated as a required parameter in APPPATH/Controllers/DadosPessoaisApiController.php on line 154.
 1 SYSTEMPATH/Autoloader/Autoloader.php(312): include_once('/var/www/html/system/Debug/Exceptions.php')
 2 SYSTEMPATH/Autoloader/Autoloader.php(291): CodeIgniter\Autoloader\Autoloader->includeFile('/var/www/html/app/Controllers/DadosPessoaisApiController.php')
 3 SYSTEMPATH/Autoloader/Autoloader.php(269): CodeIgniter\Autoloader\Autoloader->loadInNamespace('App\\Controllers\\DadosPessoaisApiController')
 4 [internal function]: CodeIgniter\Autoloader\Autoloader->loadClass('App\\Controllers\\DadosPessoaisApiController')
 5 SYSTEMPATH/CodeIgniter.php(900): class_exists('\\App\\Controllers\\DadosPessoaisApiController', true)
 6 SYSTEMPATH/CodeIgniter.php(489): CodeIgniter\CodeIgniter->startController()
 7 SYSTEMPATH/CodeIgniter.php(361): CodeIgniter\CodeIgniter->handleRequest(null, Object(Config\Cache), false)
 8 FCPATH/index.php(79): CodeIgniter\CodeIgniter->run()
WARNING - 2024-02-04 02:25:27 --> [DEPRECATED] Optional parameter $message declared before required parameter $typeMessage is implicitly treated as a required parameter in APPPATH/Controllers/DadosPessoaisEndPointController.php on line 106.
 1 SYSTEMPATH/Autoloader/Autoloader.php(312): include_once('/var/www/html/system/Debug/Exceptions.php')
 2 SYSTEMPATH/Autoloader/Autoloader.php(291): CodeIgniter\Autoloader\Autoloader->includeFile('/var/www/html/app/Controllers/DadosPessoaisEndPointController.php')
 3 SYSTEMPATH/Autoloader/Autoloader.php(269): CodeIgniter\Autoloader\Autoloader->loadInNamespace('App\\Controllers\\DadosPessoaisEndPointController')
 4 [internal function]: CodeIgniter\Autoloader\Autoloader->loadClass('App\\Controllers\\DadosPessoaisEndPointController')
 5 SYSTEMPATH/CodeIgniter.php(900): class_exists('\\App\\Controllers\\DadosPessoaisEndPointController', true)
 6 SYSTEMPATH/CodeIgniter.php(489): CodeIgniter\CodeIgniter->startController()
 7 SYSTEMPATH/CodeIgniter.php(361): CodeIgniter\CodeIgniter->handleRequest(null, Object(Config\Cache), false)
 8 FCPATH/index.php(79): CodeIgniter\CodeIgniter->run()
WARNING - 2024-02-04 02:25:28 --> [DEPRECATED] Optional parameter $message declared before required parameter $typeMessage is implicitly treated as a required parameter in APPPATH/Controllers/DadosPessoaisApiController.php on line 154.
 1 SYSTEMPATH/Autoloader/Autoloader.php(312): include_once('/var/www/html/system/Debug/Exceptions.php')
 2 SYSTEMPATH/Autoloader/Autoloader.php(291): CodeIgniter\Autoloader\Autoloader->includeFile('/var/www/html/app/Controllers/DadosPessoaisApiController.php')
 3 SYSTEMPATH/Autoloader/Autoloader.php(269): CodeIgniter\Autoloader\Autoloader->loadInNamespace('App\\Controllers\\DadosPessoaisApiController')
 4 [internal function]: CodeIgniter\Autoloader\Autoloader->loadClass('App\\Controllers\\DadosPessoaisApiController')
 5 SYSTEMPATH/CodeIgniter.php(900): class_exists('\\App\\Controllers\\DadosPessoaisApiController', true)
 6 SYSTEMPATH/CodeIgniter.php(489): CodeIgniter\CodeIgniter->startController()
 7 SYSTEMPATH/CodeIgniter.php(361): CodeIgniter\CodeIgniter->handleRequest(null, Object(Config\Cache), false)
 8 FCPATH/index.php(79): CodeIgniter\CodeIgniter->run()
WARNING - 2024-02-04 02:25:38 --> [DEPRECATED] Optional parameter $message declared before required parameter $typeMessage is implicitly treated as a required parameter in APPPATH/Controllers/DadosPessoaisEndPointController.php on line 106.
 1 SYSTEMPATH/Autoloader/Autoloader.php(312): include_once('/var/www/html/system/Debug/Exceptions.php')
 2 SYSTEMPATH/Autoloader/Autoloader.php(291): CodeIgniter\Autoloader\Autoloader->includeFile('/var/www/html/app/Controllers/DadosPessoaisEndPointController.php')
 3 SYSTEMPATH/Autoloader/Autoloader.php(269): CodeIgniter\Autoloader\Autoloader->loadInNamespace('App\\Controllers\\DadosPessoaisEndPointController')
 4 [internal function]: CodeIgniter\Autoloader\Autoloader->loadClass('App\\Controllers\\DadosPessoaisEndPointController')
 5 SYSTEMPATH/CodeIgniter.php(900): class_exists('\\App\\Controllers\\DadosPessoaisEndPointController', true)
 6 SYSTEMPATH/CodeIgniter.php(489): CodeIgniter\CodeIgniter->startController()
 7 SYSTEMPATH/CodeIgniter.php(361): CodeIgniter\CodeIgniter->handleRequest(null, Object(Config\Cache), false)
 8 FCPATH/index.php(79): CodeIgniter\CodeIgniter->run()
CRITICAL - 2024-02-04 02:25:38 --> Undefined variable $react_parameter
in APPPATH/Controllers/DadosPessoaisEndPointController.php on line 164.
 1 APPPATH/Controllers/DadosPessoaisEndPointController.php(164): CodeIgniter\Debug\Exceptions->errorHandler(2, 'Undefined variable $react_parameter', '/var/www/html/app/Controllers/DadosPessoaisEndPointController.php', 164)
 2 SYSTEMPATH/CodeIgniter.php(942): App\Controllers\DadosPessoaisEndPointController->dbRead_array('id1')
 3 SYSTEMPATH/CodeIgniter.php(502): CodeIgniter\CodeIgniter->runController(Object(App\Controllers\DadosPessoaisEndPointController))
 4 SYSTEMPATH/CodeIgniter.php(361): CodeIgniter\CodeIgniter->handleRequest(null, Object(Config\Cache), false)
 5 FCPATH/index.php(79): CodeIgniter\CodeIgniter->run()
WARNING - 2024-02-04 02:25:54 --> [DEPRECATED] Optional parameter $message declared before required parameter $typeMessage is implicitly treated as a required parameter in APPPATH/Controllers/DadosPessoaisEndPointController.php on line 106.
 1 SYSTEMPATH/Autoloader/Autoloader.php(312): include_once('/var/www/html/system/Debug/Exceptions.php')
 2 SYSTEMPATH/Autoloader/Autoloader.php(291): CodeIgniter\Autoloader\Autoloader->includeFile('/var/www/html/app/Controllers/DadosPessoaisEndPointController.php')
 3 SYSTEMPATH/Autoloader/Autoloader.php(269): CodeIgniter\Autoloader\Autoloader->loadInNamespace('App\\Controllers\\DadosPessoaisEndPointController')
 4 [internal function]: CodeIgniter\Autoloader\Autoloader->loadClass('App\\Controllers\\DadosPessoaisEndPointController')
 5 SYSTEMPATH/CodeIgniter.php(900): class_exists('\\App\\Controllers\\DadosPessoaisEndPointController', true)
 6 SYSTEMPATH/CodeIgniter.php(489): CodeIgniter\CodeIgniter->startController()
 7 SYSTEMPATH/CodeIgniter.php(361): CodeIgniter\CodeIgniter->handleRequest(null, Object(Config\Cache), false)
 8 FCPATH/index.php(79): CodeIgniter\CodeIgniter->run()
WARNING - 2024-02-04 02:26:07 --> [DEPRECATED] Optional parameter $message declared before required parameter $typeMessage is implicitly treated as a required parameter in APPPATH/Controllers/DadosPessoaisEndPointController.php on line 106.
 1 SYSTEMPATH/Autoloader/Autoloader.php(312): include_once('/var/www/html/system/Debug/Exceptions.php')
 2 SYSTEMPATH/Autoloader/Autoloader.php(291): CodeIgniter\Autoloader\Autoloader->includeFile('/var/www/html/app/Controllers/DadosPessoaisEndPointController.php')
 3 SYSTEMPATH/Autoloader/Autoloader.php(269): CodeIgniter\Autoloader\Autoloader->loadInNamespace('App\\Controllers\\DadosPessoaisEndPointController')
 4 [internal function]: CodeIgniter\Autoloader\Autoloader->loadClass('App\\Controllers\\DadosPessoaisEndPointController')
 5 SYSTEMPATH/CodeIgniter.php(900): class_exists('\\App\\Controllers\\DadosPessoaisEndPointController', true)
 6 SYSTEMPATH/CodeIgniter.php(489): CodeIgniter\CodeIgniter->startController()
 7 SYSTEMPATH/CodeIgniter.php(361): CodeIgniter\CodeIgniter->handleRequest(null, Object(Config\Cache), false)
 8 FCPATH/index.php(79): CodeIgniter\CodeIgniter->run()
WARNING - 2024-02-04 02:26:08 --> [DEPRECATED] Optional parameter $message declared before required parameter $typeMessage is implicitly treated as a required parameter in APPPATH/Controllers/DadosPessoaisApiController.php on line 154.
 1 SYSTEMPATH/Autoloader/Autoloader.php(312): include_once('/var/www/html/system/Debug/Exceptions.php')
 2 SYSTEMPATH/Autoloader/Autoloader.php(291): CodeIgniter\Autoloader\Autoloader->includeFile('/var/www/html/app/Controllers/DadosPessoaisApiController.php')
 3 SYSTEMPATH/Autoloader/Autoloader.php(269): CodeIgniter\Autoloader\Autoloader->loadInNamespace('App\\Controllers\\DadosPessoaisApiController')
 4 [internal function]: CodeIgniter\Autoloader\Autoloader->loadClass('App\\Controllers\\DadosPessoaisApiController')
 5 SYSTEMPATH/CodeIgniter.php(900): class_exists('\\App\\Controllers\\DadosPessoaisApiController', true)
 6 SYSTEMPATH/CodeIgniter.php(489): CodeIgniter\CodeIgniter->startController()
 7 SYSTEMPATH/CodeIgniter.php(361): CodeIgniter\CodeIgniter->handleRequest(null, Object(Config\Cache), false)
 8 FCPATH/index.php(79): CodeIgniter\CodeIgniter->run()
WARNING - 2024-02-04 02:26:22 --> [DEPRECATED] Optional parameter $message declared before required parameter $typeMessage is implicitly treated as a required parameter in APPPATH/Controllers/DadosPessoaisEndPointController.php on line 106.
 1 SYSTEMPATH/Autoloader/Autoloader.php(312): include_once('/var/www/html/system/Debug/Exceptions.php')
 2 SYSTEMPATH/Autoloader/Autoloader.php(291): CodeIgniter\Autoloader\Autoloader->includeFile('/var/www/html/app/Controllers/DadosPessoaisEndPointController.php')
 3 SYSTEMPATH/Autoloader/Autoloader.php(269): CodeIgniter\Autoloader\Autoloader->loadInNamespace('App\\Controllers\\DadosPessoaisEndPointController')
 4 [internal function]: CodeIgniter\Autoloader\Autoloader->loadClass('App\\Controllers\\DadosPessoaisEndPointController')
 5 SYSTEMPATH/CodeIgniter.php(900): class_exists('\\App\\Controllers\\DadosPessoaisEndPointController', true)
 6 SYSTEMPATH/CodeIgniter.php(489): CodeIgniter\CodeIgniter->startController()
 7 SYSTEMPATH/CodeIgniter.php(361): CodeIgniter\CodeIgniter->handleRequest(null, Object(Config\Cache), false)
 8 FCPATH/index.php(79): CodeIgniter\CodeIgniter->run()
WARNING - 2024-02-04 02:26:22 --> [DEPRECATED] Optional parameter $message declared before required parameter $typeMessage is implicitly treated as a required parameter in APPPATH/Controllers/DadosPessoaisApiController.php on line 154.
 1 SYSTEMPATH/Autoloader/Autoloader.php(312): include_once('/var/www/html/system/Debug/Exceptions.php')
 2 SYSTEMPATH/Autoloader/Autoloader.php(291): CodeIgniter\Autoloader\Autoloader->includeFile('/var/www/html/app/Controllers/DadosPessoaisApiController.php')
 3 SYSTEMPATH/Autoloader/Autoloader.php(269): CodeIgniter\Autoloader\Autoloader->loadInNamespace('App\\Controllers\\DadosPessoaisApiController')
 4 [internal function]: CodeIgniter\Autoloader\Autoloader->loadClass('App\\Controllers\\DadosPessoaisApiController')
 5 SYSTEMPATH/CodeIgniter.php(900): class_exists('\\App\\Controllers\\DadosPessoaisApiController', true)
 6 SYSTEMPATH/CodeIgniter.php(489): CodeIgniter\CodeIgniter->startController()
 7 SYSTEMPATH/CodeIgniter.php(361): CodeIgniter\CodeIgniter->handleRequest(null, Object(Config\Cache), false)
 8 FCPATH/index.php(79): CodeIgniter\CodeIgniter->run()
WARNING - 2024-02-04 02:26:44 --> [DEPRECATED] Optional parameter $message declared before required parameter $typeMessage is implicitly treated as a required parameter in APPPATH/Controllers/DadosPessoaisEndPointController.php on line 106.
 1 SYSTEMPATH/Autoloader/Autoloader.php(312): include_once('/var/www/html/system/Debug/Exceptions.php')
 2 SYSTEMPATH/Autoloader/Autoloader.php(291): CodeIgniter\Autoloader\Autoloader->includeFile('/var/www/html/app/Controllers/DadosPessoaisEndPointController.php')
 3 SYSTEMPATH/Autoloader/Autoloader.php(269): CodeIgniter\Autoloader\Autoloader->loadInNamespace('App\\Controllers\\DadosPessoaisEndPointController')
 4 [internal function]: CodeIgniter\Autoloader\Autoloader->loadClass('App\\Controllers\\DadosPessoaisEndPointController')
 5 SYSTEMPATH/CodeIgniter.php(900): class_exists('\\App\\Controllers\\DadosPessoaisEndPointController', true)
 6 SYSTEMPATH/CodeIgniter.php(489): CodeIgniter\CodeIgniter->startController()
 7 SYSTEMPATH/CodeIgniter.php(361): CodeIgniter\CodeIgniter->handleRequest(null, Object(Config\Cache), false)
 8 FCPATH/index.php(79): CodeIgniter\CodeIgniter->run()
WARNING - 2024-02-04 02:26:44 --> [DEPRECATED] Optional parameter $message declared before required parameter $typeMessage is implicitly treated as a required parameter in APPPATH/Controllers/DadosPessoaisApiController.php on line 154.
 1 SYSTEMPATH/Autoloader/Autoloader.php(312): include_once('/var/www/html/system/Debug/Exceptions.php')
 2 SYSTEMPATH/Autoloader/Autoloader.php(291): CodeIgniter\Autoloader\Autoloader->includeFile('/var/www/html/app/Controllers/DadosPessoaisApiController.php')
 3 SYSTEMPATH/Autoloader/Autoloader.php(269): CodeIgniter\Autoloader\Autoloader->loadInNamespace('App\\Controllers\\DadosPessoaisApiController')
 4 [internal function]: CodeIgniter\Autoloader\Autoloader->loadClass('App\\Controllers\\DadosPessoaisApiController')
 5 SYSTEMPATH/CodeIgniter.php(900): class_exists('\\App\\Controllers\\DadosPessoaisApiController', true)
 6 SYSTEMPATH/CodeIgniter.php(489): CodeIgniter\CodeIgniter->startController()
 7 SYSTEMPATH/CodeIgniter.php(361): CodeIgniter\CodeIgniter->handleRequest(null, Object(Config\Cache), false)
 8 FCPATH/index.php(79): CodeIgniter\CodeIgniter->run()
WARNING - 2024-02-04 02:26:53 --> [DEPRECATED] Optional parameter $message declared before required parameter $typeMessage is implicitly treated as a required parameter in APPPATH/Controllers/DadosPessoaisEndPointController.php on line 106.
 1 SYSTEMPATH/Autoloader/Autoloader.php(312): include_once('/var/www/html/system/Debug/Exceptions.php')
 2 SYSTEMPATH/Autoloader/Autoloader.php(291): CodeIgniter\Autoloader\Autoloader->includeFile('/var/www/html/app/Controllers/DadosPessoaisEndPointController.php')
 3 SYSTEMPATH/Autoloader/Autoloader.php(269): CodeIgniter\Autoloader\Autoloader->loadInNamespace('App\\Controllers\\DadosPessoaisEndPointController')
 4 [internal function]: CodeIgniter\Autoloader\Autoloader->loadClass('App\\Controllers\\DadosPessoaisEndPointController')
 5 SYSTEMPATH/CodeIgniter.php(900): class_exists('\\App\\Controllers\\DadosPessoaisEndPointController', true)
 6 SYSTEMPATH/CodeIgniter.php(489): CodeIgniter\CodeIgniter->startController()
 7 SYSTEMPATH/CodeIgniter.php(361): CodeIgniter\CodeIgniter->handleRequest(null, Object(Config\Cache), false)
 8 FCPATH/index.php(79): CodeIgniter\CodeIgniter->run()
WARNING - 2024-02-04 02:26:54 --> [DEPRECATED] Optional parameter $message declared before required parameter $typeMessage is implicitly treated as a required parameter in APPPATH/Controllers/DadosPessoaisApiController.php on line 154.
 1 SYSTEMPATH/Autoloader/Autoloader.php(312): include_once('/var/www/html/system/Debug/Exceptions.php')
 2 SYSTEMPATH/Autoloader/Autoloader.php(291): CodeIgniter\Autoloader\Autoloader->includeFile('/var/www/html/app/Controllers/DadosPessoaisApiController.php')
 3 SYSTEMPATH/Autoloader/Autoloader.php(269): CodeIgniter\Autoloader\Autoloader->loadInNamespace('App\\Controllers\\DadosPessoaisApiController')
 4 [internal function]: CodeIgniter\Autoloader\Autoloader->loadClass('App\\Controllers\\DadosPessoaisApiController')
 5 SYSTEMPATH/CodeIgniter.php(900): class_exists('\\App\\Controllers\\DadosPessoaisApiController', true)
 6 SYSTEMPATH/CodeIgniter.php(489): CodeIgniter\CodeIgniter->startController()
 7 SYSTEMPATH/CodeIgniter.php(361): CodeIgniter\CodeIgniter->handleRequest(null, Object(Config\Cache), false)
 8 FCPATH/index.php(79): CodeIgniter\CodeIgniter->run()
WARNING - 2024-02-04 02:27:00 --> [DEPRECATED] Optional parameter $message declared before required parameter $typeMessage is implicitly treated as a required parameter in APPPATH/Controllers/DadosPessoaisEndPointController.php on line 106.
 1 SYSTEMPATH/Autoloader/Autoloader.php(312): include_once('/var/www/html/system/Debug/Exceptions.php')
 2 SYSTEMPATH/Autoloader/Autoloader.php(291): CodeIgniter\Autoloader\Autoloader->includeFile('/var/www/html/app/Controllers/DadosPessoaisEndPointController.php')
 3 SYSTEMPATH/Autoloader/Autoloader.php(269): CodeIgniter\Autoloader\Autoloader->loadInNamespace('App\\Controllers\\DadosPessoaisEndPointController')
 4 [internal function]: CodeIgniter\Autoloader\Autoloader->loadClass('App\\Controllers\\DadosPessoaisEndPointController')
 5 SYSTEMPATH/CodeIgniter.php(900): class_exists('\\App\\Controllers\\DadosPessoaisEndPointController', true)
 6 SYSTEMPATH/CodeIgniter.php(489): CodeIgniter\CodeIgniter->startController()
 7 SYSTEMPATH/CodeIgniter.php(361): CodeIgniter\CodeIgniter->handleRequest(null, Object(Config\Cache), false)
 8 FCPATH/index.php(79): CodeIgniter\CodeIgniter->run()
WARNING - 2024-02-04 02:28:43 --> [DEPRECATED] Optional parameter $message declared before required parameter $typeMessage is implicitly treated as a required parameter in APPPATH/Controllers/DadosPessoaisEndPointController.php on line 106.
 1 SYSTEMPATH/Autoloader/Autoloader.php(312): include_once('/var/www/html/system/Debug/Exceptions.php')
 2 SYSTEMPATH/Autoloader/Autoloader.php(291): CodeIgniter\Autoloader\Autoloader->includeFile('/var/www/html/app/Controllers/DadosPessoaisEndPointController.php')
 3 SYSTEMPATH/Autoloader/Autoloader.php(269): CodeIgniter\Autoloader\Autoloader->loadInNamespace('App\\Controllers\\DadosPessoaisEndPointController')
 4 [internal function]: CodeIgniter\Autoloader\Autoloader->loadClass('App\\Controllers\\DadosPessoaisEndPointController')
 5 SYSTEMPATH/CodeIgniter.php(900): class_exists('\\App\\Controllers\\DadosPessoaisEndPointController', true)
 6 SYSTEMPATH/CodeIgniter.php(489): CodeIgniter\CodeIgniter->startController()
 7 SYSTEMPATH/CodeIgniter.php(361): CodeIgniter\CodeIgniter->handleRequest(null, Object(Config\Cache), false)
 8 FCPATH/index.php(79): CodeIgniter\CodeIgniter->run()
WARNING - 2024-02-04 02:28:44 --> [DEPRECATED] Optional parameter $message declared before required parameter $typeMessage is implicitly treated as a required parameter in APPPATH/Controllers/DadosPessoaisApiController.php on line 154.
 1 SYSTEMPATH/Autoloader/Autoloader.php(312): include_once('/var/www/html/system/Debug/Exceptions.php')
 2 SYSTEMPATH/Autoloader/Autoloader.php(291): CodeIgniter\Autoloader\Autoloader->includeFile('/var/www/html/app/Controllers/DadosPessoaisApiController.php')
 3 SYSTEMPATH/Autoloader/Autoloader.php(269): CodeIgniter\Autoloader\Autoloader->loadInNamespace('App\\Controllers\\DadosPessoaisApiController')
 4 [internal function]: CodeIgniter\Autoloader\Autoloader->loadClass('App\\Controllers\\DadosPessoaisApiController')
 5 SYSTEMPATH/CodeIgniter.php(900): class_exists('\\App\\Controllers\\DadosPessoaisApiController', true)
 6 SYSTEMPATH/CodeIgniter.php(489): CodeIgniter\CodeIgniter->startController()
 7 SYSTEMPATH/CodeIgniter.php(361): CodeIgniter\CodeIgniter->handleRequest(null, Object(Config\Cache), false)
 8 FCPATH/index.php(79): CodeIgniter\CodeIgniter->run()
WARNING - 2024-02-04 02:28:52 --> [DEPRECATED] Optional parameter $message declared before required parameter $typeMessage is implicitly treated as a required parameter in APPPATH/Controllers/DadosPessoaisEndPointController.php on line 106.
 1 SYSTEMPATH/Autoloader/Autoloader.php(312): include_once('/var/www/html/system/Debug/Exceptions.php')
 2 SYSTEMPATH/Autoloader/Autoloader.php(291): CodeIgniter\Autoloader\Autoloader->includeFile('/var/www/html/app/Controllers/DadosPessoaisEndPointController.php')
 3 SYSTEMPATH/Autoloader/Autoloader.php(269): CodeIgniter\Autoloader\Autoloader->loadInNamespace('App\\Controllers\\DadosPessoaisEndPointController')
 4 [internal function]: CodeIgniter\Autoloader\Autoloader->loadClass('App\\Controllers\\DadosPessoaisEndPointController')
 5 SYSTEMPATH/CodeIgniter.php(900): class_exists('\\App\\Controllers\\DadosPessoaisEndPointController', true)
 6 SYSTEMPATH/CodeIgniter.php(489): CodeIgniter\CodeIgniter->startController()
 7 SYSTEMPATH/CodeIgniter.php(361): CodeIgniter\CodeIgniter->handleRequest(null, Object(Config\Cache), false)
 8 FCPATH/index.php(79): CodeIgniter\CodeIgniter->run()
WARNING - 2024-02-04 02:32:03 --> [DEPRECATED] Optional parameter $message declared before required parameter $typeMessage is implicitly treated as a required parameter in APPPATH/Controllers/DadosPessoaisEndPointController.php on line 106.
 1 SYSTEMPATH/Autoloader/Autoloader.php(312): include_once('/var/www/html/system/Debug/Exceptions.php')
 2 SYSTEMPATH/Autoloader/Autoloader.php(291): CodeIgniter\Autoloader\Autoloader->includeFile('/var/www/html/app/Controllers/DadosPessoaisEndPointController.php')
 3 SYSTEMPATH/Autoloader/Autoloader.php(269): CodeIgniter\Autoloader\Autoloader->loadInNamespace('App\\Controllers\\DadosPessoaisEndPointController')
 4 [internal function]: CodeIgniter\Autoloader\Autoloader->loadClass('App\\Controllers\\DadosPessoaisEndPointController')
 5 SYSTEMPATH/CodeIgniter.php(900): class_exists('\\App\\Controllers\\DadosPessoaisEndPointController', true)
 6 SYSTEMPATH/CodeIgniter.php(489): CodeIgniter\CodeIgniter->startController()
 7 SYSTEMPATH/CodeIgniter.php(361): CodeIgniter\CodeIgniter->handleRequest(null, Object(Config\Cache), false)
 8 FCPATH/index.php(79): CodeIgniter\CodeIgniter->run()
WARNING - 2024-02-04 02:32:10 --> [DEPRECATED] Optional parameter $message declared before required parameter $typeMessage is implicitly treated as a required parameter in APPPATH/Controllers/DadosPessoaisEndPointController.php on line 106.
 1 SYSTEMPATH/Autoloader/Autoloader.php(312): include_once('/var/www/html/system/Debug/Exceptions.php')
 2 SYSTEMPATH/Autoloader/Autoloader.php(291): CodeIgniter\Autoloader\Autoloader->includeFile('/var/www/html/app/Controllers/DadosPessoaisEndPointController.php')
 3 SYSTEMPATH/Autoloader/Autoloader.php(269): CodeIgniter\Autoloader\Autoloader->loadInNamespace('App\\Controllers\\DadosPessoaisEndPointController')
 4 [internal function]: CodeIgniter\Autoloader\Autoloader->loadClass('App\\Controllers\\DadosPessoaisEndPointController')
 5 SYSTEMPATH/CodeIgniter.php(900): class_exists('\\App\\Controllers\\DadosPessoaisEndPointController', true)
 6 SYSTEMPATH/CodeIgniter.php(489): CodeIgniter\CodeIgniter->startController()
 7 SYSTEMPATH/CodeIgniter.php(361): CodeIgniter\CodeIgniter->handleRequest(null, Object(Config\Cache), false)
 8 FCPATH/index.php(79): CodeIgniter\CodeIgniter->run()
WARNING - 2024-02-04 18:45:16 --> [DEPRECATED] Optional parameter $message declared before required parameter $typeMessage is implicitly treated as a required parameter in APPPATH/Controllers/DadosPessoaisEndPointController.php on line 106.
 1 SYSTEMPATH/Autoloader/Autoloader.php(312): include_once('/var/www/html/system/Debug/Exceptions.php')
 2 SYSTEMPATH/Autoloader/Autoloader.php(291): CodeIgniter\Autoloader\Autoloader->includeFile('/var/www/html/app/Controllers/DadosPessoaisEndPointController.php')
 3 SYSTEMPATH/Autoloader/Autoloader.php(269): CodeIgniter\Autoloader\Autoloader->loadInNamespace('App\\Controllers\\DadosPessoaisEndPointController')
 4 [internal function]: CodeIgniter\Autoloader\Autoloader->loadClass('App\\Controllers\\DadosPessoaisEndPointController')
 5 SYSTEMPATH/CodeIgniter.php(900): class_exists('\\App\\Controllers\\DadosPessoaisEndPointController', true)
 6 SYSTEMPATH/CodeIgniter.php(489): CodeIgniter\CodeIgniter->startController()
 7 SYSTEMPATH/CodeIgniter.php(361): CodeIgniter\CodeIgniter->handleRequest(null, Object(Config\Cache), false)
 8 FCPATH/index.php(79): CodeIgniter\CodeIgniter->run()
WARNING - 2024-02-04 18:45:17 --> [DEPRECATED] Optional parameter $message declared before required parameter $typeMessage is implicitly treated as a required parameter in APPPATH/Controllers/DadosPessoaisApiController.php on line 154.
 1 SYSTEMPATH/Autoloader/Autoloader.php(312): include_once('/var/www/html/system/Debug/Exceptions.php')
 2 SYSTEMPATH/Autoloader/Autoloader.php(291): CodeIgniter\Autoloader\Autoloader->includeFile('/var/www/html/app/Controllers/DadosPessoaisApiController.php')
 3 SYSTEMPATH/Autoloader/Autoloader.php(269): CodeIgniter\Autoloader\Autoloader->loadInNamespace('App\\Controllers\\DadosPessoaisApiController')
 4 [internal function]: CodeIgniter\Autoloader\Autoloader->loadClass('App\\Controllers\\DadosPessoaisApiController')
 5 SYSTEMPATH/CodeIgniter.php(900): class_exists('\\App\\Controllers\\DadosPessoaisApiController', true)
 6 SYSTEMPATH/CodeIgniter.php(489): CodeIgniter\CodeIgniter->startController()
 7 SYSTEMPATH/CodeIgniter.php(361): CodeIgniter\CodeIgniter->handleRequest(null, Object(Config\Cache), false)
 8 FCPATH/index.php(79): CodeIgniter\CodeIgniter->run()
WARNING - 2024-02-04 18:45:37 --> [DEPRECATED] Optional parameter $message declared before required parameter $typeMessage is implicitly treated as a required parameter in APPPATH/Controllers/DadosPessoaisEndPointController.php on line 106.
 1 SYSTEMPATH/Autoloader/Autoloader.php(312): include_once('/var/www/html/system/Debug/Exceptions.php')
 2 SYSTEMPATH/Autoloader/Autoloader.php(291): CodeIgniter\Autoloader\Autoloader->includeFile('/var/www/html/app/Controllers/DadosPessoaisEndPointController.php')
 3 SYSTEMPATH/Autoloader/Autoloader.php(269): CodeIgniter\Autoloader\Autoloader->loadInNamespace('App\\Controllers\\DadosPessoaisEndPointController')
 4 [internal function]: CodeIgniter\Autoloader\Autoloader->loadClass('App\\Controllers\\DadosPessoaisEndPointController')
 5 SYSTEMPATH/CodeIgniter.php(900): class_exists('\\App\\Controllers\\DadosPessoaisEndPointController', true)
 6 SYSTEMPATH/CodeIgniter.php(489): CodeIgniter\CodeIgniter->startController()
 7 SYSTEMPATH/CodeIgniter.php(361): CodeIgniter\CodeIgniter->handleRequest(null, Object(Config\Cache), false)
 8 FCPATH/index.php(79): CodeIgniter\CodeIgniter->run()
WARNING - 2024-02-04 18:45:37 --> [DEPRECATED] Optional parameter $message declared before required parameter $typeMessage is implicitly treated as a required parameter in APPPATH/Controllers/DadosPessoaisApiController.php on line 154.
 1 SYSTEMPATH/Autoloader/Autoloader.php(312): include_once('/var/www/html/system/Debug/Exceptions.php')
 2 SYSTEMPATH/Autoloader/Autoloader.php(291): CodeIgniter\Autoloader\Autoloader->includeFile('/var/www/html/app/Controllers/DadosPessoaisApiController.php')
 3 SYSTEMPATH/Autoloader/Autoloader.php(269): CodeIgniter\Autoloader\Autoloader->loadInNamespace('App\\Controllers\\DadosPessoaisApiController')
 4 [internal function]: CodeIgniter\Autoloader\Autoloader->loadClass('App\\Controllers\\DadosPessoaisApiController')
 5 SYSTEMPATH/CodeIgniter.php(900): class_exists('\\App\\Controllers\\DadosPessoaisApiController', true)
 6 SYSTEMPATH/CodeIgniter.php(489): CodeIgniter\CodeIgniter->startController()
 7 SYSTEMPATH/CodeIgniter.php(361): CodeIgniter\CodeIgniter->handleRequest(null, Object(Config\Cache), false)
 8 FCPATH/index.php(79): CodeIgniter\CodeIgniter->run()
WARNING - 2024-02-04 18:45:46 --> [DEPRECATED] Optional parameter $message declared before required parameter $typeMessage is implicitly treated as a required parameter in APPPATH/Controllers/DadosPessoaisEndPointController.php on line 106.
 1 SYSTEMPATH/Autoloader/Autoloader.php(312): include_once('/var/www/html/system/Debug/Exceptions.php')
 2 SYSTEMPATH/Autoloader/Autoloader.php(291): CodeIgniter\Autoloader\Autoloader->includeFile('/var/www/html/app/Controllers/DadosPessoaisEndPointController.php')
 3 SYSTEMPATH/Autoloader/Autoloader.php(269): CodeIgniter\Autoloader\Autoloader->loadInNamespace('App\\Controllers\\DadosPessoaisEndPointController')
 4 [internal function]: CodeIgniter\Autoloader\Autoloader->loadClass('App\\Controllers\\DadosPessoaisEndPointController')
 5 SYSTEMPATH/CodeIgniter.php(900): class_exists('\\App\\Controllers\\DadosPessoaisEndPointController', true)
 6 SYSTEMPATH/CodeIgniter.php(489): CodeIgniter\CodeIgniter->startController()
 7 SYSTEMPATH/CodeIgniter.php(361): CodeIgniter\CodeIgniter->handleRequest(null, Object(Config\Cache), false)
 8 FCPATH/index.php(79): CodeIgniter\CodeIgniter->run()
