WARNING - 2024-01-21 15:11:10 --> [DEPRECATED] Optional parameter $message declared before required parameter $typeMessage is implicitly treated as a required parameter in APPPATH/Controllers/DadosPessoaisEndPointController.php on line 106.
 1 SYSTEMPATH/Autoloader/Autoloader.php(312): include_once('/var/www/html/system/Debug/Exceptions.php')
 2 SYSTEMPATH/Autoloader/Autoloader.php(291): CodeIgniter\Autoloader\Autoloader->includeFile('/var/www/html/app/Controllers/DadosPessoaisEndPointController.php')
 3 SYSTEMPATH/Autoloader/Autoloader.php(269): CodeIgniter\Autoloader\Autoloader->loadInNamespace('App\\Controllers\\DadosPessoaisEndPointController')
 4 [internal function]: CodeIgniter\Autoloader\Autoloader->loadClass('App\\Controllers\\DadosPessoaisEndPointController')
 5 SYSTEMPATH/CodeIgniter.php(900): class_exists('\\App\\Controllers\\DadosPessoaisEndPointController', true)
 6 SYSTEMPATH/CodeIgniter.php(489): CodeIgniter\CodeIgniter->startController()
 7 SYSTEMPATH/CodeIgniter.php(361): CodeIgniter\CodeIgniter->handleRequest(null, Object(Config\Cache), false)
 8 FCPATH/index.php(79): CodeIgniter\CodeIgniter->run()
WARNING - 2024-01-21 15:11:14 --> [DEPRECATED] Optional parameter $message declared before required parameter $typeMessage is implicitly treated as a required parameter in APPPATH/Controllers/DadosPessoaisApiController.php on line 154.
 1 SYSTEMPATH/Autoloader/Autoloader.php(312): include_once('/var/www/html/system/Debug/Exceptions.php')
 2 SYSTEMPATH/Autoloader/Autoloader.php(291): CodeIgniter\Autoloader\Autoloader->includeFile('/var/www/html/app/Controllers/DadosPessoaisApiController.php')
 3 SYSTEMPATH/Autoloader/Autoloader.php(269): CodeIgniter\Autoloader\Autoloader->loadInNamespace('App\\Controllers\\DadosPessoaisApiController')
 4 [internal function]: CodeIgniter\Autoloader\Autoloader->loadClass('App\\Controllers\\DadosPessoaisApiController')
 5 SYSTEMPATH/CodeIgniter.php(900): class_exists('\\App\\Controllers\\DadosPessoaisApiController', true)
 6 SYSTEMPATH/CodeIgniter.php(489): CodeIgniter\CodeIgniter->startController()
 7 SYSTEMPATH/CodeIgniter.php(361): CodeIgniter\CodeIgniter->handleRequest(null, Object(Config\Cache), false)
 8 FCPATH/index.php(79): CodeIgniter\CodeIgniter->run()
WARNING - 2024-01-21 15:13:03 --> [DEPRECATED] Optional parameter $message declared before required parameter $typeMessage is implicitly treated as a required parameter in APPPATH/Controllers/DadosPessoaisEndPointController.php on line 106.
 1 SYSTEMPATH/Autoloader/Autoloader.php(312): include_once('/var/www/html/system/Debug/Exceptions.php')
 2 SYSTEMPATH/Autoloader/Autoloader.php(291): CodeIgniter\Autoloader\Autoloader->includeFile('/var/www/html/app/Controllers/DadosPessoaisEndPointController.php')
 3 SYSTEMPATH/Autoloader/Autoloader.php(269): CodeIgniter\Autoloader\Autoloader->loadInNamespace('App\\Controllers\\DadosPessoaisEndPointController')
 4 [internal function]: CodeIgniter\Autoloader\Autoloader->loadClass('App\\Controllers\\DadosPessoaisEndPointController')
 5 SYSTEMPATH/CodeIgniter.php(900): class_exists('\\App\\Controllers\\DadosPessoaisEndPointController', true)
 6 SYSTEMPATH/CodeIgniter.php(489): CodeIgniter\CodeIgniter->startController()
 7 SYSTEMPATH/CodeIgniter.php(361): CodeIgniter\CodeIgniter->handleRequest(null, Object(Config\Cache), false)
 8 FCPATH/index.php(79): CodeIgniter\CodeIgniter->run()
WARNING - 2024-01-21 15:13:05 --> [DEPRECATED] Optional parameter $message declared before required parameter $typeMessage is implicitly treated as a required parameter in APPPATH/Controllers/DadosPessoaisApiController.php on line 154.
 1 SYSTEMPATH/Autoloader/Autoloader.php(312): include_once('/var/www/html/system/Debug/Exceptions.php')
 2 SYSTEMPATH/Autoloader/Autoloader.php(291): CodeIgniter\Autoloader\Autoloader->includeFile('/var/www/html/app/Controllers/DadosPessoaisApiController.php')
 3 SYSTEMPATH/Autoloader/Autoloader.php(269): CodeIgniter\Autoloader\Autoloader->loadInNamespace('App\\Controllers\\DadosPessoaisApiController')
 4 [internal function]: CodeIgniter\Autoloader\Autoloader->loadClass('App\\Controllers\\DadosPessoaisApiController')
 5 SYSTEMPATH/CodeIgniter.php(900): class_exists('\\App\\Controllers\\DadosPessoaisApiController', true)
 6 SYSTEMPATH/CodeIgniter.php(489): CodeIgniter\CodeIgniter->startController()
 7 SYSTEMPATH/CodeIgniter.php(361): CodeIgniter\CodeIgniter->handleRequest(null, Object(Config\Cache), false)
 8 FCPATH/index.php(79): CodeIgniter\CodeIgniter->run()
WARNING - 2024-01-21 15:13:45 --> [DEPRECATED] Optional parameter $message declared before required parameter $typeMessage is implicitly treated as a required parameter in APPPATH/Controllers/DadosPessoaisEndPointController.php on line 106.
 1 SYSTEMPATH/Autoloader/Autoloader.php(312): include_once('/var/www/html/system/Debug/Exceptions.php')
 2 SYSTEMPATH/Autoloader/Autoloader.php(291): CodeIgniter\Autoloader\Autoloader->includeFile('/var/www/html/app/Controllers/DadosPessoaisEndPointController.php')
 3 SYSTEMPATH/Autoloader/Autoloader.php(269): CodeIgniter\Autoloader\Autoloader->loadInNamespace('App\\Controllers\\DadosPessoaisEndPointController')
 4 [internal function]: CodeIgniter\Autoloader\Autoloader->loadClass('App\\Controllers\\DadosPessoaisEndPointController')
 5 SYSTEMPATH/CodeIgniter.php(900): class_exists('\\App\\Controllers\\DadosPessoaisEndPointController', true)
 6 SYSTEMPATH/CodeIgniter.php(489): CodeIgniter\CodeIgniter->startController()
 7 SYSTEMPATH/CodeIgniter.php(361): CodeIgniter\CodeIgniter->handleRequest(null, Object(Config\Cache), false)
 8 FCPATH/index.php(79): CodeIgniter\CodeIgniter->run()
WARNING - 2024-01-21 15:13:48 --> [DEPRECATED] Optional parameter $message declared before required parameter $typeMessage is implicitly treated as a required parameter in APPPATH/Controllers/DadosPessoaisApiController.php on line 154.
 1 SYSTEMPATH/Autoloader/Autoloader.php(312): include_once('/var/www/html/system/Debug/Exceptions.php')
 2 SYSTEMPATH/Autoloader/Autoloader.php(291): CodeIgniter\Autoloader\Autoloader->includeFile('/var/www/html/app/Controllers/DadosPessoaisApiController.php')
 3 SYSTEMPATH/Autoloader/Autoloader.php(269): CodeIgniter\Autoloader\Autoloader->loadInNamespace('App\\Controllers\\DadosPessoaisApiController')
 4 [internal function]: CodeIgniter\Autoloader\Autoloader->loadClass('App\\Controllers\\DadosPessoaisApiController')
 5 SYSTEMPATH/CodeIgniter.php(900): class_exists('\\App\\Controllers\\DadosPessoaisApiController', true)
 6 SYSTEMPATH/CodeIgniter.php(489): CodeIgniter\CodeIgniter->startController()
 7 SYSTEMPATH/CodeIgniter.php(361): CodeIgniter\CodeIgniter->handleRequest(null, Object(Config\Cache), false)
 8 FCPATH/index.php(79): CodeIgniter\CodeIgniter->run()
WARNING - 2024-01-21 15:15:29 --> [DEPRECATED] Optional parameter $message declared before required parameter $typeMessage is implicitly treated as a required parameter in APPPATH/Controllers/DadosPessoaisEndPointController.php on line 106.
 1 SYSTEMPATH/Autoloader/Autoloader.php(312): include_once('/var/www/html/system/Debug/Exceptions.php')
 2 SYSTEMPATH/Autoloader/Autoloader.php(291): CodeIgniter\Autoloader\Autoloader->includeFile('/var/www/html/app/Controllers/DadosPessoaisEndPointController.php')
 3 SYSTEMPATH/Autoloader/Autoloader.php(269): CodeIgniter\Autoloader\Autoloader->loadInNamespace('App\\Controllers\\DadosPessoaisEndPointController')
 4 [internal function]: CodeIgniter\Autoloader\Autoloader->loadClass('App\\Controllers\\DadosPessoaisEndPointController')
 5 SYSTEMPATH/CodeIgniter.php(900): class_exists('\\App\\Controllers\\DadosPessoaisEndPointController', true)
 6 SYSTEMPATH/CodeIgniter.php(489): CodeIgniter\CodeIgniter->startController()
 7 SYSTEMPATH/CodeIgniter.php(361): CodeIgniter\CodeIgniter->handleRequest(null, Object(Config\Cache), false)
 8 FCPATH/index.php(79): CodeIgniter\CodeIgniter->run()
WARNING - 2024-01-21 15:15:32 --> [DEPRECATED] Optional parameter $message declared before required parameter $typeMessage is implicitly treated as a required parameter in APPPATH/Controllers/DadosPessoaisApiController.php on line 154.
 1 SYSTEMPATH/Autoloader/Autoloader.php(312): include_once('/var/www/html/system/Debug/Exceptions.php')
 2 SYSTEMPATH/Autoloader/Autoloader.php(291): CodeIgniter\Autoloader\Autoloader->includeFile('/var/www/html/app/Controllers/DadosPessoaisApiController.php')
 3 SYSTEMPATH/Autoloader/Autoloader.php(269): CodeIgniter\Autoloader\Autoloader->loadInNamespace('App\\Controllers\\DadosPessoaisApiController')
 4 [internal function]: CodeIgniter\Autoloader\Autoloader->loadClass('App\\Controllers\\DadosPessoaisApiController')
 5 SYSTEMPATH/CodeIgniter.php(900): class_exists('\\App\\Controllers\\DadosPessoaisApiController', true)
 6 SYSTEMPATH/CodeIgniter.php(489): CodeIgniter\CodeIgniter->startController()
 7 SYSTEMPATH/CodeIgniter.php(361): CodeIgniter\CodeIgniter->handleRequest(null, Object(Config\Cache), false)
 8 FCPATH/index.php(79): CodeIgniter\CodeIgniter->run()
WARNING - 2024-01-21 15:16:36 --> [DEPRECATED] Optional parameter $message declared before required parameter $typeMessage is implicitly treated as a required parameter in APPPATH/Controllers/DadosPessoaisEndPointController.php on line 106.
 1 SYSTEMPATH/Autoloader/Autoloader.php(312): include_once('/var/www/html/system/Debug/Exceptions.php')
 2 SYSTEMPATH/Autoloader/Autoloader.php(291): CodeIgniter\Autoloader\Autoloader->includeFile('/var/www/html/app/Controllers/DadosPessoaisEndPointController.php')
 3 SYSTEMPATH/Autoloader/Autoloader.php(269): CodeIgniter\Autoloader\Autoloader->loadInNamespace('App\\Controllers\\DadosPessoaisEndPointController')
 4 [internal function]: CodeIgniter\Autoloader\Autoloader->loadClass('App\\Controllers\\DadosPessoaisEndPointController')
 5 SYSTEMPATH/CodeIgniter.php(900): class_exists('\\App\\Controllers\\DadosPessoaisEndPointController', true)
 6 SYSTEMPATH/CodeIgniter.php(489): CodeIgniter\CodeIgniter->startController()
 7 SYSTEMPATH/CodeIgniter.php(361): CodeIgniter\CodeIgniter->handleRequest(null, Object(Config\Cache), false)
 8 FCPATH/index.php(79): CodeIgniter\CodeIgniter->run()
WARNING - 2024-01-21 15:16:38 --> [DEPRECATED] Optional parameter $message declared before required parameter $typeMessage is implicitly treated as a required parameter in APPPATH/Controllers/DadosPessoaisApiController.php on line 154.
 1 SYSTEMPATH/Autoloader/Autoloader.php(312): include_once('/var/www/html/system/Debug/Exceptions.php')
 2 SYSTEMPATH/Autoloader/Autoloader.php(291): CodeIgniter\Autoloader\Autoloader->includeFile('/var/www/html/app/Controllers/DadosPessoaisApiController.php')
 3 SYSTEMPATH/Autoloader/Autoloader.php(269): CodeIgniter\Autoloader\Autoloader->loadInNamespace('App\\Controllers\\DadosPessoaisApiController')
 4 [internal function]: CodeIgniter\Autoloader\Autoloader->loadClass('App\\Controllers\\DadosPessoaisApiController')
 5 SYSTEMPATH/CodeIgniter.php(900): class_exists('\\App\\Controllers\\DadosPessoaisApiController', true)
 6 SYSTEMPATH/CodeIgniter.php(489): CodeIgniter\CodeIgniter->startController()
 7 SYSTEMPATH/CodeIgniter.php(361): CodeIgniter\CodeIgniter->handleRequest(null, Object(Config\Cache), false)
 8 FCPATH/index.php(79): CodeIgniter\CodeIgniter->run()
WARNING - 2024-01-21 15:17:07 --> [DEPRECATED] Optional parameter $message declared before required parameter $typeMessage is implicitly treated as a required parameter in APPPATH/Controllers/DadosPessoaisEndPointController.php on line 106.
 1 SYSTEMPATH/Autoloader/Autoloader.php(312): include_once('/var/www/html/system/Debug/Exceptions.php')
 2 SYSTEMPATH/Autoloader/Autoloader.php(291): CodeIgniter\Autoloader\Autoloader->includeFile('/var/www/html/app/Controllers/DadosPessoaisEndPointController.php')
 3 SYSTEMPATH/Autoloader/Autoloader.php(269): CodeIgniter\Autoloader\Autoloader->loadInNamespace('App\\Controllers\\DadosPessoaisEndPointController')
 4 [internal function]: CodeIgniter\Autoloader\Autoloader->loadClass('App\\Controllers\\DadosPessoaisEndPointController')
 5 SYSTEMPATH/CodeIgniter.php(900): class_exists('\\App\\Controllers\\DadosPessoaisEndPointController', true)
 6 SYSTEMPATH/CodeIgniter.php(489): CodeIgniter\CodeIgniter->startController()
 7 SYSTEMPATH/CodeIgniter.php(361): CodeIgniter\CodeIgniter->handleRequest(null, Object(Config\Cache), false)
 8 FCPATH/index.php(79): CodeIgniter\CodeIgniter->run()
WARNING - 2024-01-21 15:17:09 --> [DEPRECATED] Optional parameter $message declared before required parameter $typeMessage is implicitly treated as a required parameter in APPPATH/Controllers/DadosPessoaisApiController.php on line 154.
 1 SYSTEMPATH/Autoloader/Autoloader.php(312): include_once('/var/www/html/system/Debug/Exceptions.php')
 2 SYSTEMPATH/Autoloader/Autoloader.php(291): CodeIgniter\Autoloader\Autoloader->includeFile('/var/www/html/app/Controllers/DadosPessoaisApiController.php')
 3 SYSTEMPATH/Autoloader/Autoloader.php(269): CodeIgniter\Autoloader\Autoloader->loadInNamespace('App\\Controllers\\DadosPessoaisApiController')
 4 [internal function]: CodeIgniter\Autoloader\Autoloader->loadClass('App\\Controllers\\DadosPessoaisApiController')
 5 SYSTEMPATH/CodeIgniter.php(900): class_exists('\\App\\Controllers\\DadosPessoaisApiController', true)
 6 SYSTEMPATH/CodeIgniter.php(489): CodeIgniter\CodeIgniter->startController()
 7 SYSTEMPATH/CodeIgniter.php(361): CodeIgniter\CodeIgniter->handleRequest(null, Object(Config\Cache), false)
 8 FCPATH/index.php(79): CodeIgniter\CodeIgniter->run()
WARNING - 2024-01-21 15:18:32 --> [DEPRECATED] Optional parameter $message declared before required parameter $typeMessage is implicitly treated as a required parameter in APPPATH/Controllers/DadosPessoaisEndPointController.php on line 106.
 1 SYSTEMPATH/Autoloader/Autoloader.php(312): include_once('/var/www/html/system/Debug/Exceptions.php')
 2 SYSTEMPATH/Autoloader/Autoloader.php(291): CodeIgniter\Autoloader\Autoloader->includeFile('/var/www/html/app/Controllers/DadosPessoaisEndPointController.php')
 3 SYSTEMPATH/Autoloader/Autoloader.php(269): CodeIgniter\Autoloader\Autoloader->loadInNamespace('App\\Controllers\\DadosPessoaisEndPointController')
 4 [internal function]: CodeIgniter\Autoloader\Autoloader->loadClass('App\\Controllers\\DadosPessoaisEndPointController')
 5 SYSTEMPATH/CodeIgniter.php(900): class_exists('\\App\\Controllers\\DadosPessoaisEndPointController', true)
 6 SYSTEMPATH/CodeIgniter.php(489): CodeIgniter\CodeIgniter->startController()
 7 SYSTEMPATH/CodeIgniter.php(361): CodeIgniter\CodeIgniter->handleRequest(null, Object(Config\Cache), false)
 8 FCPATH/index.php(79): CodeIgniter\CodeIgniter->run()
WARNING - 2024-01-21 15:18:34 --> [DEPRECATED] Optional parameter $message declared before required parameter $typeMessage is implicitly treated as a required parameter in APPPATH/Controllers/DadosPessoaisApiController.php on line 154.
 1 SYSTEMPATH/Autoloader/Autoloader.php(312): include_once('/var/www/html/system/Debug/Exceptions.php')
 2 SYSTEMPATH/Autoloader/Autoloader.php(291): CodeIgniter\Autoloader\Autoloader->includeFile('/var/www/html/app/Controllers/DadosPessoaisApiController.php')
 3 SYSTEMPATH/Autoloader/Autoloader.php(269): CodeIgniter\Autoloader\Autoloader->loadInNamespace('App\\Controllers\\DadosPessoaisApiController')
 4 [internal function]: CodeIgniter\Autoloader\Autoloader->loadClass('App\\Controllers\\DadosPessoaisApiController')
 5 SYSTEMPATH/CodeIgniter.php(900): class_exists('\\App\\Controllers\\DadosPessoaisApiController', true)
 6 SYSTEMPATH/CodeIgniter.php(489): CodeIgniter\CodeIgniter->startController()
 7 SYSTEMPATH/CodeIgniter.php(361): CodeIgniter\CodeIgniter->handleRequest(null, Object(Config\Cache), false)
 8 FCPATH/index.php(79): CodeIgniter\CodeIgniter->run()
WARNING - 2024-01-21 15:21:59 --> [DEPRECATED] Optional parameter $message declared before required parameter $typeMessage is implicitly treated as a required parameter in APPPATH/Controllers/DadosPessoaisEndPointController.php on line 106.
 1 SYSTEMPATH/Autoloader/Autoloader.php(312): include_once('/var/www/html/system/Debug/Exceptions.php')
 2 SYSTEMPATH/Autoloader/Autoloader.php(291): CodeIgniter\Autoloader\Autoloader->includeFile('/var/www/html/app/Controllers/DadosPessoaisEndPointController.php')
 3 SYSTEMPATH/Autoloader/Autoloader.php(269): CodeIgniter\Autoloader\Autoloader->loadInNamespace('App\\Controllers\\DadosPessoaisEndPointController')
 4 [internal function]: CodeIgniter\Autoloader\Autoloader->loadClass('App\\Controllers\\DadosPessoaisEndPointController')
 5 SYSTEMPATH/CodeIgniter.php(900): class_exists('\\App\\Controllers\\DadosPessoaisEndPointController', true)
 6 SYSTEMPATH/CodeIgniter.php(489): CodeIgniter\CodeIgniter->startController()
 7 SYSTEMPATH/CodeIgniter.php(361): CodeIgniter\CodeIgniter->handleRequest(null, Object(Config\Cache), false)
 8 FCPATH/index.php(79): CodeIgniter\CodeIgniter->run()
WARNING - 2024-01-21 15:22:01 --> [DEPRECATED] Optional parameter $message declared before required parameter $typeMessage is implicitly treated as a required parameter in APPPATH/Controllers/DadosPessoaisApiController.php on line 154.
 1 SYSTEMPATH/Autoloader/Autoloader.php(312): include_once('/var/www/html/system/Debug/Exceptions.php')
 2 SYSTEMPATH/Autoloader/Autoloader.php(291): CodeIgniter\Autoloader\Autoloader->includeFile('/var/www/html/app/Controllers/DadosPessoaisApiController.php')
 3 SYSTEMPATH/Autoloader/Autoloader.php(269): CodeIgniter\Autoloader\Autoloader->loadInNamespace('App\\Controllers\\DadosPessoaisApiController')
 4 [internal function]: CodeIgniter\Autoloader\Autoloader->loadClass('App\\Controllers\\DadosPessoaisApiController')
 5 SYSTEMPATH/CodeIgniter.php(900): class_exists('\\App\\Controllers\\DadosPessoaisApiController', true)
 6 SYSTEMPATH/CodeIgniter.php(489): CodeIgniter\CodeIgniter->startController()
 7 SYSTEMPATH/CodeIgniter.php(361): CodeIgniter\CodeIgniter->handleRequest(null, Object(Config\Cache), false)
 8 FCPATH/index.php(79): CodeIgniter\CodeIgniter->run()
WARNING - 2024-01-21 15:25:15 --> [DEPRECATED] Optional parameter $message declared before required parameter $typeMessage is implicitly treated as a required parameter in APPPATH/Controllers/DadosPessoaisEndPointController.php on line 106.
 1 SYSTEMPATH/Autoloader/Autoloader.php(312): include_once('/var/www/html/system/Debug/Exceptions.php')
 2 SYSTEMPATH/Autoloader/Autoloader.php(291): CodeIgniter\Autoloader\Autoloader->includeFile('/var/www/html/app/Controllers/DadosPessoaisEndPointController.php')
 3 SYSTEMPATH/Autoloader/Autoloader.php(269): CodeIgniter\Autoloader\Autoloader->loadInNamespace('App\\Controllers\\DadosPessoaisEndPointController')
 4 [internal function]: CodeIgniter\Autoloader\Autoloader->loadClass('App\\Controllers\\DadosPessoaisEndPointController')
 5 SYSTEMPATH/CodeIgniter.php(900): class_exists('\\App\\Controllers\\DadosPessoaisEndPointController', true)
 6 SYSTEMPATH/CodeIgniter.php(489): CodeIgniter\CodeIgniter->startController()
 7 SYSTEMPATH/CodeIgniter.php(361): CodeIgniter\CodeIgniter->handleRequest(null, Object(Config\Cache), false)
 8 FCPATH/index.php(79): CodeIgniter\CodeIgniter->run()
WARNING - 2024-01-21 15:25:17 --> [DEPRECATED] Optional parameter $message declared before required parameter $typeMessage is implicitly treated as a required parameter in APPPATH/Controllers/DadosPessoaisApiController.php on line 154.
 1 SYSTEMPATH/Autoloader/Autoloader.php(312): include_once('/var/www/html/system/Debug/Exceptions.php')
 2 SYSTEMPATH/Autoloader/Autoloader.php(291): CodeIgniter\Autoloader\Autoloader->includeFile('/var/www/html/app/Controllers/DadosPessoaisApiController.php')
 3 SYSTEMPATH/Autoloader/Autoloader.php(269): CodeIgniter\Autoloader\Autoloader->loadInNamespace('App\\Controllers\\DadosPessoaisApiController')
 4 [internal function]: CodeIgniter\Autoloader\Autoloader->loadClass('App\\Controllers\\DadosPessoaisApiController')
 5 SYSTEMPATH/CodeIgniter.php(900): class_exists('\\App\\Controllers\\DadosPessoaisApiController', true)
 6 SYSTEMPATH/CodeIgniter.php(489): CodeIgniter\CodeIgniter->startController()
 7 SYSTEMPATH/CodeIgniter.php(361): CodeIgniter\CodeIgniter->handleRequest(null, Object(Config\Cache), false)
 8 FCPATH/index.php(79): CodeIgniter\CodeIgniter->run()
WARNING - 2024-01-21 15:30:28 --> [DEPRECATED] Optional parameter $message declared before required parameter $typeMessage is implicitly treated as a required parameter in APPPATH/Controllers/DadosPessoaisEndPointController.php on line 106.
 1 SYSTEMPATH/Autoloader/Autoloader.php(312): include_once('/var/www/html/system/Debug/Exceptions.php')
 2 SYSTEMPATH/Autoloader/Autoloader.php(291): CodeIgniter\Autoloader\Autoloader->includeFile('/var/www/html/app/Controllers/DadosPessoaisEndPointController.php')
 3 SYSTEMPATH/Autoloader/Autoloader.php(269): CodeIgniter\Autoloader\Autoloader->loadInNamespace('App\\Controllers\\DadosPessoaisEndPointController')
 4 [internal function]: CodeIgniter\Autoloader\Autoloader->loadClass('App\\Controllers\\DadosPessoaisEndPointController')
 5 SYSTEMPATH/CodeIgniter.php(900): class_exists('\\App\\Controllers\\DadosPessoaisEndPointController', true)
 6 SYSTEMPATH/CodeIgniter.php(489): CodeIgniter\CodeIgniter->startController()
 7 SYSTEMPATH/CodeIgniter.php(361): CodeIgniter\CodeIgniter->handleRequest(null, Object(Config\Cache), false)
 8 FCPATH/index.php(79): CodeIgniter\CodeIgniter->run()
WARNING - 2024-01-21 15:30:30 --> [DEPRECATED] Optional parameter $message declared before required parameter $typeMessage is implicitly treated as a required parameter in APPPATH/Controllers/DadosPessoaisApiController.php on line 154.
 1 SYSTEMPATH/Autoloader/Autoloader.php(312): include_once('/var/www/html/system/Debug/Exceptions.php')
 2 SYSTEMPATH/Autoloader/Autoloader.php(291): CodeIgniter\Autoloader\Autoloader->includeFile('/var/www/html/app/Controllers/DadosPessoaisApiController.php')
 3 SYSTEMPATH/Autoloader/Autoloader.php(269): CodeIgniter\Autoloader\Autoloader->loadInNamespace('App\\Controllers\\DadosPessoaisApiController')
 4 [internal function]: CodeIgniter\Autoloader\Autoloader->loadClass('App\\Controllers\\DadosPessoaisApiController')
 5 SYSTEMPATH/CodeIgniter.php(900): class_exists('\\App\\Controllers\\DadosPessoaisApiController', true)
 6 SYSTEMPATH/CodeIgniter.php(489): CodeIgniter\CodeIgniter->startController()
 7 SYSTEMPATH/CodeIgniter.php(361): CodeIgniter\CodeIgniter->handleRequest(null, Object(Config\Cache), false)
 8 FCPATH/index.php(79): CodeIgniter\CodeIgniter->run()
WARNING - 2024-01-21 15:30:47 --> [DEPRECATED] Optional parameter $message declared before required parameter $typeMessage is implicitly treated as a required parameter in APPPATH/Controllers/DadosPessoaisEndPointController.php on line 106.
 1 SYSTEMPATH/Autoloader/Autoloader.php(312): include_once('/var/www/html/system/Debug/Exceptions.php')
 2 SYSTEMPATH/Autoloader/Autoloader.php(291): CodeIgniter\Autoloader\Autoloader->includeFile('/var/www/html/app/Controllers/DadosPessoaisEndPointController.php')
 3 SYSTEMPATH/Autoloader/Autoloader.php(269): CodeIgniter\Autoloader\Autoloader->loadInNamespace('App\\Controllers\\DadosPessoaisEndPointController')
 4 [internal function]: CodeIgniter\Autoloader\Autoloader->loadClass('App\\Controllers\\DadosPessoaisEndPointController')
 5 SYSTEMPATH/CodeIgniter.php(900): class_exists('\\App\\Controllers\\DadosPessoaisEndPointController', true)
 6 SYSTEMPATH/CodeIgniter.php(489): CodeIgniter\CodeIgniter->startController()
 7 SYSTEMPATH/CodeIgniter.php(361): CodeIgniter\CodeIgniter->handleRequest(null, Object(Config\Cache), false)
 8 FCPATH/index.php(79): CodeIgniter\CodeIgniter->run()
WARNING - 2024-01-21 15:30:49 --> [DEPRECATED] Optional parameter $message declared before required parameter $typeMessage is implicitly treated as a required parameter in APPPATH/Controllers/DadosPessoaisApiController.php on line 154.
 1 SYSTEMPATH/Autoloader/Autoloader.php(312): include_once('/var/www/html/system/Debug/Exceptions.php')
 2 SYSTEMPATH/Autoloader/Autoloader.php(291): CodeIgniter\Autoloader\Autoloader->includeFile('/var/www/html/app/Controllers/DadosPessoaisApiController.php')
 3 SYSTEMPATH/Autoloader/Autoloader.php(269): CodeIgniter\Autoloader\Autoloader->loadInNamespace('App\\Controllers\\DadosPessoaisApiController')
 4 [internal function]: CodeIgniter\Autoloader\Autoloader->loadClass('App\\Controllers\\DadosPessoaisApiController')
 5 SYSTEMPATH/CodeIgniter.php(900): class_exists('\\App\\Controllers\\DadosPessoaisApiController', true)
 6 SYSTEMPATH/CodeIgniter.php(489): CodeIgniter\CodeIgniter->startController()
 7 SYSTEMPATH/CodeIgniter.php(361): CodeIgniter\CodeIgniter->handleRequest(null, Object(Config\Cache), false)
 8 FCPATH/index.php(79): CodeIgniter\CodeIgniter->run()
WARNING - 2024-01-21 15:31:44 --> [DEPRECATED] Optional parameter $message declared before required parameter $typeMessage is implicitly treated as a required parameter in APPPATH/Controllers/DadosPessoaisEndPointController.php on line 106.
 1 SYSTEMPATH/Autoloader/Autoloader.php(312): include_once('/var/www/html/system/Debug/Exceptions.php')
 2 SYSTEMPATH/Autoloader/Autoloader.php(291): CodeIgniter\Autoloader\Autoloader->includeFile('/var/www/html/app/Controllers/DadosPessoaisEndPointController.php')
 3 SYSTEMPATH/Autoloader/Autoloader.php(269): CodeIgniter\Autoloader\Autoloader->loadInNamespace('App\\Controllers\\DadosPessoaisEndPointController')
 4 [internal function]: CodeIgniter\Autoloader\Autoloader->loadClass('App\\Controllers\\DadosPessoaisEndPointController')
 5 SYSTEMPATH/CodeIgniter.php(900): class_exists('\\App\\Controllers\\DadosPessoaisEndPointController', true)
 6 SYSTEMPATH/CodeIgniter.php(489): CodeIgniter\CodeIgniter->startController()
 7 SYSTEMPATH/CodeIgniter.php(361): CodeIgniter\CodeIgniter->handleRequest(null, Object(Config\Cache), false)
 8 FCPATH/index.php(79): CodeIgniter\CodeIgniter->run()
WARNING - 2024-01-21 15:31:47 --> [DEPRECATED] Optional parameter $message declared before required parameter $typeMessage is implicitly treated as a required parameter in APPPATH/Controllers/DadosPessoaisApiController.php on line 154.
 1 SYSTEMPATH/Autoloader/Autoloader.php(312): include_once('/var/www/html/system/Debug/Exceptions.php')
 2 SYSTEMPATH/Autoloader/Autoloader.php(291): CodeIgniter\Autoloader\Autoloader->includeFile('/var/www/html/app/Controllers/DadosPessoaisApiController.php')
 3 SYSTEMPATH/Autoloader/Autoloader.php(269): CodeIgniter\Autoloader\Autoloader->loadInNamespace('App\\Controllers\\DadosPessoaisApiController')
 4 [internal function]: CodeIgniter\Autoloader\Autoloader->loadClass('App\\Controllers\\DadosPessoaisApiController')
 5 SYSTEMPATH/CodeIgniter.php(900): class_exists('\\App\\Controllers\\DadosPessoaisApiController', true)
 6 SYSTEMPATH/CodeIgniter.php(489): CodeIgniter\CodeIgniter->startController()
 7 SYSTEMPATH/CodeIgniter.php(361): CodeIgniter\CodeIgniter->handleRequest(null, Object(Config\Cache), false)
 8 FCPATH/index.php(79): CodeIgniter\CodeIgniter->run()
WARNING - 2024-01-21 15:37:39 --> [DEPRECATED] Optional parameter $message declared before required parameter $typeMessage is implicitly treated as a required parameter in APPPATH/Controllers/DadosPessoaisEndPointController.php on line 106.
 1 SYSTEMPATH/Autoloader/Autoloader.php(312): include_once('/var/www/html/system/Debug/Exceptions.php')
 2 SYSTEMPATH/Autoloader/Autoloader.php(291): CodeIgniter\Autoloader\Autoloader->includeFile('/var/www/html/app/Controllers/DadosPessoaisEndPointController.php')
 3 SYSTEMPATH/Autoloader/Autoloader.php(269): CodeIgniter\Autoloader\Autoloader->loadInNamespace('App\\Controllers\\DadosPessoaisEndPointController')
 4 [internal function]: CodeIgniter\Autoloader\Autoloader->loadClass('App\\Controllers\\DadosPessoaisEndPointController')
 5 SYSTEMPATH/CodeIgniter.php(900): class_exists('\\App\\Controllers\\DadosPessoaisEndPointController', true)
 6 SYSTEMPATH/CodeIgniter.php(489): CodeIgniter\CodeIgniter->startController()
 7 SYSTEMPATH/CodeIgniter.php(361): CodeIgniter\CodeIgniter->handleRequest(null, Object(Config\Cache), false)
 8 FCPATH/index.php(79): CodeIgniter\CodeIgniter->run()
WARNING - 2024-01-21 15:37:41 --> [DEPRECATED] Optional parameter $message declared before required parameter $typeMessage is implicitly treated as a required parameter in APPPATH/Controllers/DadosPessoaisApiController.php on line 154.
 1 SYSTEMPATH/Autoloader/Autoloader.php(312): include_once('/var/www/html/system/Debug/Exceptions.php')
 2 SYSTEMPATH/Autoloader/Autoloader.php(291): CodeIgniter\Autoloader\Autoloader->includeFile('/var/www/html/app/Controllers/DadosPessoaisApiController.php')
 3 SYSTEMPATH/Autoloader/Autoloader.php(269): CodeIgniter\Autoloader\Autoloader->loadInNamespace('App\\Controllers\\DadosPessoaisApiController')
 4 [internal function]: CodeIgniter\Autoloader\Autoloader->loadClass('App\\Controllers\\DadosPessoaisApiController')
 5 SYSTEMPATH/CodeIgniter.php(900): class_exists('\\App\\Controllers\\DadosPessoaisApiController', true)
 6 SYSTEMPATH/CodeIgniter.php(489): CodeIgniter\CodeIgniter->startController()
 7 SYSTEMPATH/CodeIgniter.php(361): CodeIgniter\CodeIgniter->handleRequest(null, Object(Config\Cache), false)
 8 FCPATH/index.php(79): CodeIgniter\CodeIgniter->run()
WARNING - 2024-01-21 15:38:06 --> [DEPRECATED] Optional parameter $message declared before required parameter $typeMessage is implicitly treated as a required parameter in APPPATH/Controllers/DadosPessoaisEndPointController.php on line 106.
 1 SYSTEMPATH/Autoloader/Autoloader.php(312): include_once('/var/www/html/system/Debug/Exceptions.php')
 2 SYSTEMPATH/Autoloader/Autoloader.php(291): CodeIgniter\Autoloader\Autoloader->includeFile('/var/www/html/app/Controllers/DadosPessoaisEndPointController.php')
 3 SYSTEMPATH/Autoloader/Autoloader.php(269): CodeIgniter\Autoloader\Autoloader->loadInNamespace('App\\Controllers\\DadosPessoaisEndPointController')
 4 [internal function]: CodeIgniter\Autoloader\Autoloader->loadClass('App\\Controllers\\DadosPessoaisEndPointController')
 5 SYSTEMPATH/CodeIgniter.php(900): class_exists('\\App\\Controllers\\DadosPessoaisEndPointController', true)
 6 SYSTEMPATH/CodeIgniter.php(489): CodeIgniter\CodeIgniter->startController()
 7 SYSTEMPATH/CodeIgniter.php(361): CodeIgniter\CodeIgniter->handleRequest(null, Object(Config\Cache), false)
 8 FCPATH/index.php(79): CodeIgniter\CodeIgniter->run()
WARNING - 2024-01-21 15:38:08 --> [DEPRECATED] Optional parameter $message declared before required parameter $typeMessage is implicitly treated as a required parameter in APPPATH/Controllers/DadosPessoaisApiController.php on line 154.
 1 SYSTEMPATH/Autoloader/Autoloader.php(312): include_once('/var/www/html/system/Debug/Exceptions.php')
 2 SYSTEMPATH/Autoloader/Autoloader.php(291): CodeIgniter\Autoloader\Autoloader->includeFile('/var/www/html/app/Controllers/DadosPessoaisApiController.php')
 3 SYSTEMPATH/Autoloader/Autoloader.php(269): CodeIgniter\Autoloader\Autoloader->loadInNamespace('App\\Controllers\\DadosPessoaisApiController')
 4 [internal function]: CodeIgniter\Autoloader\Autoloader->loadClass('App\\Controllers\\DadosPessoaisApiController')
 5 SYSTEMPATH/CodeIgniter.php(900): class_exists('\\App\\Controllers\\DadosPessoaisApiController', true)
 6 SYSTEMPATH/CodeIgniter.php(489): CodeIgniter\CodeIgniter->startController()
 7 SYSTEMPATH/CodeIgniter.php(361): CodeIgniter\CodeIgniter->handleRequest(null, Object(Config\Cache), false)
 8 FCPATH/index.php(79): CodeIgniter\CodeIgniter->run()
WARNING - 2024-01-21 15:38:51 --> [DEPRECATED] Optional parameter $message declared before required parameter $typeMessage is implicitly treated as a required parameter in APPPATH/Controllers/DadosPessoaisEndPointController.php on line 106.
 1 SYSTEMPATH/Autoloader/Autoloader.php(312): include_once('/var/www/html/system/Debug/Exceptions.php')
 2 SYSTEMPATH/Autoloader/Autoloader.php(291): CodeIgniter\Autoloader\Autoloader->includeFile('/var/www/html/app/Controllers/DadosPessoaisEndPointController.php')
 3 SYSTEMPATH/Autoloader/Autoloader.php(269): CodeIgniter\Autoloader\Autoloader->loadInNamespace('App\\Controllers\\DadosPessoaisEndPointController')
 4 [internal function]: CodeIgniter\Autoloader\Autoloader->loadClass('App\\Controllers\\DadosPessoaisEndPointController')
 5 SYSTEMPATH/CodeIgniter.php(900): class_exists('\\App\\Controllers\\DadosPessoaisEndPointController', true)
 6 SYSTEMPATH/CodeIgniter.php(489): CodeIgniter\CodeIgniter->startController()
 7 SYSTEMPATH/CodeIgniter.php(361): CodeIgniter\CodeIgniter->handleRequest(null, Object(Config\Cache), false)
 8 FCPATH/index.php(79): CodeIgniter\CodeIgniter->run()
WARNING - 2024-01-21 15:38:54 --> [DEPRECATED] Optional parameter $message declared before required parameter $typeMessage is implicitly treated as a required parameter in APPPATH/Controllers/DadosPessoaisApiController.php on line 154.
 1 SYSTEMPATH/Autoloader/Autoloader.php(312): include_once('/var/www/html/system/Debug/Exceptions.php')
 2 SYSTEMPATH/Autoloader/Autoloader.php(291): CodeIgniter\Autoloader\Autoloader->includeFile('/var/www/html/app/Controllers/DadosPessoaisApiController.php')
 3 SYSTEMPATH/Autoloader/Autoloader.php(269): CodeIgniter\Autoloader\Autoloader->loadInNamespace('App\\Controllers\\DadosPessoaisApiController')
 4 [internal function]: CodeIgniter\Autoloader\Autoloader->loadClass('App\\Controllers\\DadosPessoaisApiController')
 5 SYSTEMPATH/CodeIgniter.php(900): class_exists('\\App\\Controllers\\DadosPessoaisApiController', true)
 6 SYSTEMPATH/CodeIgniter.php(489): CodeIgniter\CodeIgniter->startController()
 7 SYSTEMPATH/CodeIgniter.php(361): CodeIgniter\CodeIgniter->handleRequest(null, Object(Config\Cache), false)
 8 FCPATH/index.php(79): CodeIgniter\CodeIgniter->run()
WARNING - 2024-01-21 15:39:33 --> [DEPRECATED] Optional parameter $message declared before required parameter $typeMessage is implicitly treated as a required parameter in APPPATH/Controllers/DadosPessoaisEndPointController.php on line 106.
 1 SYSTEMPATH/Autoloader/Autoloader.php(312): include_once('/var/www/html/system/Debug/Exceptions.php')
 2 SYSTEMPATH/Autoloader/Autoloader.php(291): CodeIgniter\Autoloader\Autoloader->includeFile('/var/www/html/app/Controllers/DadosPessoaisEndPointController.php')
 3 SYSTEMPATH/Autoloader/Autoloader.php(269): CodeIgniter\Autoloader\Autoloader->loadInNamespace('App\\Controllers\\DadosPessoaisEndPointController')
 4 [internal function]: CodeIgniter\Autoloader\Autoloader->loadClass('App\\Controllers\\DadosPessoaisEndPointController')
 5 SYSTEMPATH/CodeIgniter.php(900): class_exists('\\App\\Controllers\\DadosPessoaisEndPointController', true)
 6 SYSTEMPATH/CodeIgniter.php(489): CodeIgniter\CodeIgniter->startController()
 7 SYSTEMPATH/CodeIgniter.php(361): CodeIgniter\CodeIgniter->handleRequest(null, Object(Config\Cache), false)
 8 FCPATH/index.php(79): CodeIgniter\CodeIgniter->run()
WARNING - 2024-01-21 15:39:34 --> [DEPRECATED] Optional parameter $message declared before required parameter $typeMessage is implicitly treated as a required parameter in APPPATH/Controllers/DadosPessoaisApiController.php on line 154.
 1 SYSTEMPATH/Autoloader/Autoloader.php(312): include_once('/var/www/html/system/Debug/Exceptions.php')
 2 SYSTEMPATH/Autoloader/Autoloader.php(291): CodeIgniter\Autoloader\Autoloader->includeFile('/var/www/html/app/Controllers/DadosPessoaisApiController.php')
 3 SYSTEMPATH/Autoloader/Autoloader.php(269): CodeIgniter\Autoloader\Autoloader->loadInNamespace('App\\Controllers\\DadosPessoaisApiController')
 4 [internal function]: CodeIgniter\Autoloader\Autoloader->loadClass('App\\Controllers\\DadosPessoaisApiController')
 5 SYSTEMPATH/CodeIgniter.php(900): class_exists('\\App\\Controllers\\DadosPessoaisApiController', true)
 6 SYSTEMPATH/CodeIgniter.php(489): CodeIgniter\CodeIgniter->startController()
 7 SYSTEMPATH/CodeIgniter.php(361): CodeIgniter\CodeIgniter->handleRequest(null, Object(Config\Cache), false)
 8 FCPATH/index.php(79): CodeIgniter\CodeIgniter->run()
WARNING - 2024-01-21 15:44:29 --> [DEPRECATED] Optional parameter $message declared before required parameter $typeMessage is implicitly treated as a required parameter in APPPATH/Controllers/DadosPessoaisEndPointController.php on line 106.
 1 SYSTEMPATH/Autoloader/Autoloader.php(312): include_once('/var/www/html/system/Debug/Exceptions.php')
 2 SYSTEMPATH/Autoloader/Autoloader.php(291): CodeIgniter\Autoloader\Autoloader->includeFile('/var/www/html/app/Controllers/DadosPessoaisEndPointController.php')
 3 SYSTEMPATH/Autoloader/Autoloader.php(269): CodeIgniter\Autoloader\Autoloader->loadInNamespace('App\\Controllers\\DadosPessoaisEndPointController')
 4 [internal function]: CodeIgniter\Autoloader\Autoloader->loadClass('App\\Controllers\\DadosPessoaisEndPointController')
 5 SYSTEMPATH/CodeIgniter.php(900): class_exists('\\App\\Controllers\\DadosPessoaisEndPointController', true)
 6 SYSTEMPATH/CodeIgniter.php(489): CodeIgniter\CodeIgniter->startController()
 7 SYSTEMPATH/CodeIgniter.php(361): CodeIgniter\CodeIgniter->handleRequest(null, Object(Config\Cache), false)
 8 FCPATH/index.php(79): CodeIgniter\CodeIgniter->run()
WARNING - 2024-01-21 15:44:31 --> [DEPRECATED] Optional parameter $message declared before required parameter $typeMessage is implicitly treated as a required parameter in APPPATH/Controllers/DadosPessoaisApiController.php on line 154.
 1 SYSTEMPATH/Autoloader/Autoloader.php(312): include_once('/var/www/html/system/Debug/Exceptions.php')
 2 SYSTEMPATH/Autoloader/Autoloader.php(291): CodeIgniter\Autoloader\Autoloader->includeFile('/var/www/html/app/Controllers/DadosPessoaisApiController.php')
 3 SYSTEMPATH/Autoloader/Autoloader.php(269): CodeIgniter\Autoloader\Autoloader->loadInNamespace('App\\Controllers\\DadosPessoaisApiController')
 4 [internal function]: CodeIgniter\Autoloader\Autoloader->loadClass('App\\Controllers\\DadosPessoaisApiController')
 5 SYSTEMPATH/CodeIgniter.php(900): class_exists('\\App\\Controllers\\DadosPessoaisApiController', true)
 6 SYSTEMPATH/CodeIgniter.php(489): CodeIgniter\CodeIgniter->startController()
 7 SYSTEMPATH/CodeIgniter.php(361): CodeIgniter\CodeIgniter->handleRequest(null, Object(Config\Cache), false)
 8 FCPATH/index.php(79): CodeIgniter\CodeIgniter->run()
WARNING - 2024-01-21 16:24:25 --> [DEPRECATED] Optional parameter $message declared before required parameter $typeMessage is implicitly treated as a required parameter in APPPATH/Controllers/DadosPessoaisEndPointController.php on line 106.
 1 SYSTEMPATH/Autoloader/Autoloader.php(312): include_once('/var/www/html/system/Debug/Exceptions.php')
 2 SYSTEMPATH/Autoloader/Autoloader.php(291): CodeIgniter\Autoloader\Autoloader->includeFile('/var/www/html/app/Controllers/DadosPessoaisEndPointController.php')
 3 SYSTEMPATH/Autoloader/Autoloader.php(269): CodeIgniter\Autoloader\Autoloader->loadInNamespace('App\\Controllers\\DadosPessoaisEndPointController')
 4 [internal function]: CodeIgniter\Autoloader\Autoloader->loadClass('App\\Controllers\\DadosPessoaisEndPointController')
 5 SYSTEMPATH/CodeIgniter.php(900): class_exists('\\App\\Controllers\\DadosPessoaisEndPointController', true)
 6 SYSTEMPATH/CodeIgniter.php(489): CodeIgniter\CodeIgniter->startController()
 7 SYSTEMPATH/CodeIgniter.php(361): CodeIgniter\CodeIgniter->handleRequest(null, Object(Config\Cache), false)
 8 FCPATH/index.php(79): CodeIgniter\CodeIgniter->run()
WARNING - 2024-01-21 16:24:27 --> [DEPRECATED] Optional parameter $message declared before required parameter $typeMessage is implicitly treated as a required parameter in APPPATH/Controllers/DadosPessoaisApiController.php on line 154.
 1 SYSTEMPATH/Autoloader/Autoloader.php(312): include_once('/var/www/html/system/Debug/Exceptions.php')
 2 SYSTEMPATH/Autoloader/Autoloader.php(291): CodeIgniter\Autoloader\Autoloader->includeFile('/var/www/html/app/Controllers/DadosPessoaisApiController.php')
 3 SYSTEMPATH/Autoloader/Autoloader.php(269): CodeIgniter\Autoloader\Autoloader->loadInNamespace('App\\Controllers\\DadosPessoaisApiController')
 4 [internal function]: CodeIgniter\Autoloader\Autoloader->loadClass('App\\Controllers\\DadosPessoaisApiController')
 5 SYSTEMPATH/CodeIgniter.php(900): class_exists('\\App\\Controllers\\DadosPessoaisApiController', true)
 6 SYSTEMPATH/CodeIgniter.php(489): CodeIgniter\CodeIgniter->startController()
 7 SYSTEMPATH/CodeIgniter.php(361): CodeIgniter\CodeIgniter->handleRequest(null, Object(Config\Cache), false)
 8 FCPATH/index.php(79): CodeIgniter\CodeIgniter->run()
WARNING - 2024-01-21 16:25:04 --> [DEPRECATED] Optional parameter $message declared before required parameter $typeMessage is implicitly treated as a required parameter in APPPATH/Controllers/DadosPessoaisEndPointController.php on line 106.
 1 SYSTEMPATH/Autoloader/Autoloader.php(312): include_once('/var/www/html/system/Debug/Exceptions.php')
 2 SYSTEMPATH/Autoloader/Autoloader.php(291): CodeIgniter\Autoloader\Autoloader->includeFile('/var/www/html/app/Controllers/DadosPessoaisEndPointController.php')
 3 SYSTEMPATH/Autoloader/Autoloader.php(269): CodeIgniter\Autoloader\Autoloader->loadInNamespace('App\\Controllers\\DadosPessoaisEndPointController')
 4 [internal function]: CodeIgniter\Autoloader\Autoloader->loadClass('App\\Controllers\\DadosPessoaisEndPointController')
 5 SYSTEMPATH/CodeIgniter.php(900): class_exists('\\App\\Controllers\\DadosPessoaisEndPointController', true)
 6 SYSTEMPATH/CodeIgniter.php(489): CodeIgniter\CodeIgniter->startController()
 7 SYSTEMPATH/CodeIgniter.php(361): CodeIgniter\CodeIgniter->handleRequest(null, Object(Config\Cache), false)
 8 FCPATH/index.php(79): CodeIgniter\CodeIgniter->run()
WARNING - 2024-01-21 16:25:06 --> [DEPRECATED] Optional parameter $message declared before required parameter $typeMessage is implicitly treated as a required parameter in APPPATH/Controllers/DadosPessoaisApiController.php on line 154.
 1 SYSTEMPATH/Autoloader/Autoloader.php(312): include_once('/var/www/html/system/Debug/Exceptions.php')
 2 SYSTEMPATH/Autoloader/Autoloader.php(291): CodeIgniter\Autoloader\Autoloader->includeFile('/var/www/html/app/Controllers/DadosPessoaisApiController.php')
 3 SYSTEMPATH/Autoloader/Autoloader.php(269): CodeIgniter\Autoloader\Autoloader->loadInNamespace('App\\Controllers\\DadosPessoaisApiController')
 4 [internal function]: CodeIgniter\Autoloader\Autoloader->loadClass('App\\Controllers\\DadosPessoaisApiController')
 5 SYSTEMPATH/CodeIgniter.php(900): class_exists('\\App\\Controllers\\DadosPessoaisApiController', true)
 6 SYSTEMPATH/CodeIgniter.php(489): CodeIgniter\CodeIgniter->startController()
 7 SYSTEMPATH/CodeIgniter.php(361): CodeIgniter\CodeIgniter->handleRequest(null, Object(Config\Cache), false)
 8 FCPATH/index.php(79): CodeIgniter\CodeIgniter->run()
WARNING - 2024-01-21 18:01:30 --> [DEPRECATED] Optional parameter $message declared before required parameter $typeMessage is implicitly treated as a required parameter in APPPATH/Controllers/DadosPessoaisEndPointController.php on line 106.
 1 SYSTEMPATH/Autoloader/Autoloader.php(312): include_once('/var/www/html/system/Debug/Exceptions.php')
 2 SYSTEMPATH/Autoloader/Autoloader.php(291): CodeIgniter\Autoloader\Autoloader->includeFile('/var/www/html/app/Controllers/DadosPessoaisEndPointController.php')
 3 SYSTEMPATH/Autoloader/Autoloader.php(269): CodeIgniter\Autoloader\Autoloader->loadInNamespace('App\\Controllers\\DadosPessoaisEndPointController')
 4 [internal function]: CodeIgniter\Autoloader\Autoloader->loadClass('App\\Controllers\\DadosPessoaisEndPointController')
 5 SYSTEMPATH/CodeIgniter.php(900): class_exists('\\App\\Controllers\\DadosPessoaisEndPointController', true)
 6 SYSTEMPATH/CodeIgniter.php(489): CodeIgniter\CodeIgniter->startController()
 7 SYSTEMPATH/CodeIgniter.php(361): CodeIgniter\CodeIgniter->handleRequest(null, Object(Config\Cache), false)
 8 FCPATH/index.php(79): CodeIgniter\CodeIgniter->run()
WARNING - 2024-01-21 18:01:33 --> [DEPRECATED] Optional parameter $message declared before required parameter $typeMessage is implicitly treated as a required parameter in APPPATH/Controllers/DadosPessoaisApiController.php on line 154.
 1 SYSTEMPATH/Autoloader/Autoloader.php(312): include_once('/var/www/html/system/Debug/Exceptions.php')
 2 SYSTEMPATH/Autoloader/Autoloader.php(291): CodeIgniter\Autoloader\Autoloader->includeFile('/var/www/html/app/Controllers/DadosPessoaisApiController.php')
 3 SYSTEMPATH/Autoloader/Autoloader.php(269): CodeIgniter\Autoloader\Autoloader->loadInNamespace('App\\Controllers\\DadosPessoaisApiController')
 4 [internal function]: CodeIgniter\Autoloader\Autoloader->loadClass('App\\Controllers\\DadosPessoaisApiController')
 5 SYSTEMPATH/CodeIgniter.php(900): class_exists('\\App\\Controllers\\DadosPessoaisApiController', true)
 6 SYSTEMPATH/CodeIgniter.php(489): CodeIgniter\CodeIgniter->startController()
 7 SYSTEMPATH/CodeIgniter.php(361): CodeIgniter\CodeIgniter->handleRequest(null, Object(Config\Cache), false)
 8 FCPATH/index.php(79): CodeIgniter\CodeIgniter->run()
WARNING - 2024-01-21 18:03:39 --> [DEPRECATED] Optional parameter $message declared before required parameter $typeMessage is implicitly treated as a required parameter in APPPATH/Controllers/DadosPessoaisEndPointController.php on line 106.
 1 SYSTEMPATH/Autoloader/Autoloader.php(312): include_once('/var/www/html/system/Debug/Exceptions.php')
 2 SYSTEMPATH/Autoloader/Autoloader.php(291): CodeIgniter\Autoloader\Autoloader->includeFile('/var/www/html/app/Controllers/DadosPessoaisEndPointController.php')
 3 SYSTEMPATH/Autoloader/Autoloader.php(269): CodeIgniter\Autoloader\Autoloader->loadInNamespace('App\\Controllers\\DadosPessoaisEndPointController')
 4 [internal function]: CodeIgniter\Autoloader\Autoloader->loadClass('App\\Controllers\\DadosPessoaisEndPointController')
 5 SYSTEMPATH/CodeIgniter.php(900): class_exists('\\App\\Controllers\\DadosPessoaisEndPointController', true)
 6 SYSTEMPATH/CodeIgniter.php(489): CodeIgniter\CodeIgniter->startController()
 7 SYSTEMPATH/CodeIgniter.php(361): CodeIgniter\CodeIgniter->handleRequest(null, Object(Config\Cache), false)
 8 FCPATH/index.php(79): CodeIgniter\CodeIgniter->run()
WARNING - 2024-01-21 18:03:42 --> [DEPRECATED] Optional parameter $message declared before required parameter $typeMessage is implicitly treated as a required parameter in APPPATH/Controllers/DadosPessoaisApiController.php on line 154.
 1 SYSTEMPATH/Autoloader/Autoloader.php(312): include_once('/var/www/html/system/Debug/Exceptions.php')
 2 SYSTEMPATH/Autoloader/Autoloader.php(291): CodeIgniter\Autoloader\Autoloader->includeFile('/var/www/html/app/Controllers/DadosPessoaisApiController.php')
 3 SYSTEMPATH/Autoloader/Autoloader.php(269): CodeIgniter\Autoloader\Autoloader->loadInNamespace('App\\Controllers\\DadosPessoaisApiController')
 4 [internal function]: CodeIgniter\Autoloader\Autoloader->loadClass('App\\Controllers\\DadosPessoaisApiController')
 5 SYSTEMPATH/CodeIgniter.php(900): class_exists('\\App\\Controllers\\DadosPessoaisApiController', true)
 6 SYSTEMPATH/CodeIgniter.php(489): CodeIgniter\CodeIgniter->startController()
 7 SYSTEMPATH/CodeIgniter.php(361): CodeIgniter\CodeIgniter->handleRequest(null, Object(Config\Cache), false)
 8 FCPATH/index.php(79): CodeIgniter\CodeIgniter->run()
WARNING - 2024-01-21 18:05:09 --> [DEPRECATED] Optional parameter $message declared before required parameter $typeMessage is implicitly treated as a required parameter in APPPATH/Controllers/DadosPessoaisEndPointController.php on line 106.
 1 SYSTEMPATH/Autoloader/Autoloader.php(312): include_once('/var/www/html/system/Debug/Exceptions.php')
 2 SYSTEMPATH/Autoloader/Autoloader.php(291): CodeIgniter\Autoloader\Autoloader->includeFile('/var/www/html/app/Controllers/DadosPessoaisEndPointController.php')
 3 SYSTEMPATH/Autoloader/Autoloader.php(269): CodeIgniter\Autoloader\Autoloader->loadInNamespace('App\\Controllers\\DadosPessoaisEndPointController')
 4 [internal function]: CodeIgniter\Autoloader\Autoloader->loadClass('App\\Controllers\\DadosPessoaisEndPointController')
 5 SYSTEMPATH/CodeIgniter.php(900): class_exists('\\App\\Controllers\\DadosPessoaisEndPointController', true)
 6 SYSTEMPATH/CodeIgniter.php(489): CodeIgniter\CodeIgniter->startController()
 7 SYSTEMPATH/CodeIgniter.php(361): CodeIgniter\CodeIgniter->handleRequest(null, Object(Config\Cache), false)
 8 FCPATH/index.php(79): CodeIgniter\CodeIgniter->run()
WARNING - 2024-01-21 18:05:11 --> [DEPRECATED] Optional parameter $message declared before required parameter $typeMessage is implicitly treated as a required parameter in APPPATH/Controllers/DadosPessoaisApiController.php on line 154.
 1 SYSTEMPATH/Autoloader/Autoloader.php(312): include_once('/var/www/html/system/Debug/Exceptions.php')
 2 SYSTEMPATH/Autoloader/Autoloader.php(291): CodeIgniter\Autoloader\Autoloader->includeFile('/var/www/html/app/Controllers/DadosPessoaisApiController.php')
 3 SYSTEMPATH/Autoloader/Autoloader.php(269): CodeIgniter\Autoloader\Autoloader->loadInNamespace('App\\Controllers\\DadosPessoaisApiController')
 4 [internal function]: CodeIgniter\Autoloader\Autoloader->loadClass('App\\Controllers\\DadosPessoaisApiController')
 5 SYSTEMPATH/CodeIgniter.php(900): class_exists('\\App\\Controllers\\DadosPessoaisApiController', true)
 6 SYSTEMPATH/CodeIgniter.php(489): CodeIgniter\CodeIgniter->startController()
 7 SYSTEMPATH/CodeIgniter.php(361): CodeIgniter\CodeIgniter->handleRequest(null, Object(Config\Cache), false)
 8 FCPATH/index.php(79): CodeIgniter\CodeIgniter->run()
WARNING - 2024-01-21 18:05:39 --> [DEPRECATED] Optional parameter $message declared before required parameter $typeMessage is implicitly treated as a required parameter in APPPATH/Controllers/DadosPessoaisEndPointController.php on line 106.
 1 SYSTEMPATH/Autoloader/Autoloader.php(312): include_once('/var/www/html/system/Debug/Exceptions.php')
 2 SYSTEMPATH/Autoloader/Autoloader.php(291): CodeIgniter\Autoloader\Autoloader->includeFile('/var/www/html/app/Controllers/DadosPessoaisEndPointController.php')
 3 SYSTEMPATH/Autoloader/Autoloader.php(269): CodeIgniter\Autoloader\Autoloader->loadInNamespace('App\\Controllers\\DadosPessoaisEndPointController')
 4 [internal function]: CodeIgniter\Autoloader\Autoloader->loadClass('App\\Controllers\\DadosPessoaisEndPointController')
 5 SYSTEMPATH/CodeIgniter.php(900): class_exists('\\App\\Controllers\\DadosPessoaisEndPointController', true)
 6 SYSTEMPATH/CodeIgniter.php(489): CodeIgniter\CodeIgniter->startController()
 7 SYSTEMPATH/CodeIgniter.php(361): CodeIgniter\CodeIgniter->handleRequest(null, Object(Config\Cache), false)
 8 FCPATH/index.php(79): CodeIgniter\CodeIgniter->run()
WARNING - 2024-01-21 18:05:41 --> [DEPRECATED] Optional parameter $message declared before required parameter $typeMessage is implicitly treated as a required parameter in APPPATH/Controllers/DadosPessoaisApiController.php on line 154.
 1 SYSTEMPATH/Autoloader/Autoloader.php(312): include_once('/var/www/html/system/Debug/Exceptions.php')
 2 SYSTEMPATH/Autoloader/Autoloader.php(291): CodeIgniter\Autoloader\Autoloader->includeFile('/var/www/html/app/Controllers/DadosPessoaisApiController.php')
 3 SYSTEMPATH/Autoloader/Autoloader.php(269): CodeIgniter\Autoloader\Autoloader->loadInNamespace('App\\Controllers\\DadosPessoaisApiController')
 4 [internal function]: CodeIgniter\Autoloader\Autoloader->loadClass('App\\Controllers\\DadosPessoaisApiController')
 5 SYSTEMPATH/CodeIgniter.php(900): class_exists('\\App\\Controllers\\DadosPessoaisApiController', true)
 6 SYSTEMPATH/CodeIgniter.php(489): CodeIgniter\CodeIgniter->startController()
 7 SYSTEMPATH/CodeIgniter.php(361): CodeIgniter\CodeIgniter->handleRequest(null, Object(Config\Cache), false)
 8 FCPATH/index.php(79): CodeIgniter\CodeIgniter->run()
WARNING - 2024-01-21 18:06:21 --> [DEPRECATED] Optional parameter $message declared before required parameter $typeMessage is implicitly treated as a required parameter in APPPATH/Controllers/DadosPessoaisEndPointController.php on line 106.
 1 SYSTEMPATH/Autoloader/Autoloader.php(312): include_once('/var/www/html/system/Debug/Exceptions.php')
 2 SYSTEMPATH/Autoloader/Autoloader.php(291): CodeIgniter\Autoloader\Autoloader->includeFile('/var/www/html/app/Controllers/DadosPessoaisEndPointController.php')
 3 SYSTEMPATH/Autoloader/Autoloader.php(269): CodeIgniter\Autoloader\Autoloader->loadInNamespace('App\\Controllers\\DadosPessoaisEndPointController')
 4 [internal function]: CodeIgniter\Autoloader\Autoloader->loadClass('App\\Controllers\\DadosPessoaisEndPointController')
 5 SYSTEMPATH/CodeIgniter.php(900): class_exists('\\App\\Controllers\\DadosPessoaisEndPointController', true)
 6 SYSTEMPATH/CodeIgniter.php(489): CodeIgniter\CodeIgniter->startController()
 7 SYSTEMPATH/CodeIgniter.php(361): CodeIgniter\CodeIgniter->handleRequest(null, Object(Config\Cache), false)
 8 FCPATH/index.php(79): CodeIgniter\CodeIgniter->run()
WARNING - 2024-01-21 18:06:23 --> [DEPRECATED] Optional parameter $message declared before required parameter $typeMessage is implicitly treated as a required parameter in APPPATH/Controllers/DadosPessoaisApiController.php on line 154.
 1 SYSTEMPATH/Autoloader/Autoloader.php(312): include_once('/var/www/html/system/Debug/Exceptions.php')
 2 SYSTEMPATH/Autoloader/Autoloader.php(291): CodeIgniter\Autoloader\Autoloader->includeFile('/var/www/html/app/Controllers/DadosPessoaisApiController.php')
 3 SYSTEMPATH/Autoloader/Autoloader.php(269): CodeIgniter\Autoloader\Autoloader->loadInNamespace('App\\Controllers\\DadosPessoaisApiController')
 4 [internal function]: CodeIgniter\Autoloader\Autoloader->loadClass('App\\Controllers\\DadosPessoaisApiController')
 5 SYSTEMPATH/CodeIgniter.php(900): class_exists('\\App\\Controllers\\DadosPessoaisApiController', true)
 6 SYSTEMPATH/CodeIgniter.php(489): CodeIgniter\CodeIgniter->startController()
 7 SYSTEMPATH/CodeIgniter.php(361): CodeIgniter\CodeIgniter->handleRequest(null, Object(Config\Cache), false)
 8 FCPATH/index.php(79): CodeIgniter\CodeIgniter->run()
WARNING - 2024-01-21 18:10:38 --> [DEPRECATED] Optional parameter $message declared before required parameter $typeMessage is implicitly treated as a required parameter in APPPATH/Controllers/DadosPessoaisEndPointController.php on line 106.
 1 SYSTEMPATH/Autoloader/Autoloader.php(312): include_once('/var/www/html/system/Debug/Exceptions.php')
 2 SYSTEMPATH/Autoloader/Autoloader.php(291): CodeIgniter\Autoloader\Autoloader->includeFile('/var/www/html/app/Controllers/DadosPessoaisEndPointController.php')
 3 SYSTEMPATH/Autoloader/Autoloader.php(269): CodeIgniter\Autoloader\Autoloader->loadInNamespace('App\\Controllers\\DadosPessoaisEndPointController')
 4 [internal function]: CodeIgniter\Autoloader\Autoloader->loadClass('App\\Controllers\\DadosPessoaisEndPointController')
 5 SYSTEMPATH/CodeIgniter.php(900): class_exists('\\App\\Controllers\\DadosPessoaisEndPointController', true)
 6 SYSTEMPATH/CodeIgniter.php(489): CodeIgniter\CodeIgniter->startController()
 7 SYSTEMPATH/CodeIgniter.php(361): CodeIgniter\CodeIgniter->handleRequest(null, Object(Config\Cache), false)
 8 FCPATH/index.php(79): CodeIgniter\CodeIgniter->run()
WARNING - 2024-01-21 18:10:40 --> [DEPRECATED] Optional parameter $message declared before required parameter $typeMessage is implicitly treated as a required parameter in APPPATH/Controllers/DadosPessoaisApiController.php on line 154.
 1 SYSTEMPATH/Autoloader/Autoloader.php(312): include_once('/var/www/html/system/Debug/Exceptions.php')
 2 SYSTEMPATH/Autoloader/Autoloader.php(291): CodeIgniter\Autoloader\Autoloader->includeFile('/var/www/html/app/Controllers/DadosPessoaisApiController.php')
 3 SYSTEMPATH/Autoloader/Autoloader.php(269): CodeIgniter\Autoloader\Autoloader->loadInNamespace('App\\Controllers\\DadosPessoaisApiController')
 4 [internal function]: CodeIgniter\Autoloader\Autoloader->loadClass('App\\Controllers\\DadosPessoaisApiController')
 5 SYSTEMPATH/CodeIgniter.php(900): class_exists('\\App\\Controllers\\DadosPessoaisApiController', true)
 6 SYSTEMPATH/CodeIgniter.php(489): CodeIgniter\CodeIgniter->startController()
 7 SYSTEMPATH/CodeIgniter.php(361): CodeIgniter\CodeIgniter->handleRequest(null, Object(Config\Cache), false)
 8 FCPATH/index.php(79): CodeIgniter\CodeIgniter->run()
WARNING - 2024-01-21 18:12:38 --> [DEPRECATED] Optional parameter $message declared before required parameter $typeMessage is implicitly treated as a required parameter in APPPATH/Controllers/DadosPessoaisEndPointController.php on line 106.
 1 SYSTEMPATH/Autoloader/Autoloader.php(312): include_once('/var/www/html/system/Debug/Exceptions.php')
 2 SYSTEMPATH/Autoloader/Autoloader.php(291): CodeIgniter\Autoloader\Autoloader->includeFile('/var/www/html/app/Controllers/DadosPessoaisEndPointController.php')
 3 SYSTEMPATH/Autoloader/Autoloader.php(269): CodeIgniter\Autoloader\Autoloader->loadInNamespace('App\\Controllers\\DadosPessoaisEndPointController')
 4 [internal function]: CodeIgniter\Autoloader\Autoloader->loadClass('App\\Controllers\\DadosPessoaisEndPointController')
 5 SYSTEMPATH/CodeIgniter.php(900): class_exists('\\App\\Controllers\\DadosPessoaisEndPointController', true)
 6 SYSTEMPATH/CodeIgniter.php(489): CodeIgniter\CodeIgniter->startController()
 7 SYSTEMPATH/CodeIgniter.php(361): CodeIgniter\CodeIgniter->handleRequest(null, Object(Config\Cache), false)
 8 FCPATH/index.php(79): CodeIgniter\CodeIgniter->run()
WARNING - 2024-01-21 18:12:40 --> [DEPRECATED] Optional parameter $message declared before required parameter $typeMessage is implicitly treated as a required parameter in APPPATH/Controllers/DadosPessoaisApiController.php on line 154.
 1 SYSTEMPATH/Autoloader/Autoloader.php(312): include_once('/var/www/html/system/Debug/Exceptions.php')
 2 SYSTEMPATH/Autoloader/Autoloader.php(291): CodeIgniter\Autoloader\Autoloader->includeFile('/var/www/html/app/Controllers/DadosPessoaisApiController.php')
 3 SYSTEMPATH/Autoloader/Autoloader.php(269): CodeIgniter\Autoloader\Autoloader->loadInNamespace('App\\Controllers\\DadosPessoaisApiController')
 4 [internal function]: CodeIgniter\Autoloader\Autoloader->loadClass('App\\Controllers\\DadosPessoaisApiController')
 5 SYSTEMPATH/CodeIgniter.php(900): class_exists('\\App\\Controllers\\DadosPessoaisApiController', true)
 6 SYSTEMPATH/CodeIgniter.php(489): CodeIgniter\CodeIgniter->startController()
 7 SYSTEMPATH/CodeIgniter.php(361): CodeIgniter\CodeIgniter->handleRequest(null, Object(Config\Cache), false)
 8 FCPATH/index.php(79): CodeIgniter\CodeIgniter->run()
WARNING - 2024-01-21 18:12:59 --> [DEPRECATED] Optional parameter $message declared before required parameter $typeMessage is implicitly treated as a required parameter in APPPATH/Controllers/DadosPessoaisEndPointController.php on line 106.
 1 SYSTEMPATH/Autoloader/Autoloader.php(312): include_once('/var/www/html/system/Debug/Exceptions.php')
 2 SYSTEMPATH/Autoloader/Autoloader.php(291): CodeIgniter\Autoloader\Autoloader->includeFile('/var/www/html/app/Controllers/DadosPessoaisEndPointController.php')
 3 SYSTEMPATH/Autoloader/Autoloader.php(269): CodeIgniter\Autoloader\Autoloader->loadInNamespace('App\\Controllers\\DadosPessoaisEndPointController')
 4 [internal function]: CodeIgniter\Autoloader\Autoloader->loadClass('App\\Controllers\\DadosPessoaisEndPointController')
 5 SYSTEMPATH/CodeIgniter.php(900): class_exists('\\App\\Controllers\\DadosPessoaisEndPointController', true)
 6 SYSTEMPATH/CodeIgniter.php(489): CodeIgniter\CodeIgniter->startController()
 7 SYSTEMPATH/CodeIgniter.php(361): CodeIgniter\CodeIgniter->handleRequest(null, Object(Config\Cache), false)
 8 FCPATH/index.php(79): CodeIgniter\CodeIgniter->run()
WARNING - 2024-01-21 18:13:01 --> [DEPRECATED] Optional parameter $message declared before required parameter $typeMessage is implicitly treated as a required parameter in APPPATH/Controllers/DadosPessoaisApiController.php on line 154.
 1 SYSTEMPATH/Autoloader/Autoloader.php(312): include_once('/var/www/html/system/Debug/Exceptions.php')
 2 SYSTEMPATH/Autoloader/Autoloader.php(291): CodeIgniter\Autoloader\Autoloader->includeFile('/var/www/html/app/Controllers/DadosPessoaisApiController.php')
 3 SYSTEMPATH/Autoloader/Autoloader.php(269): CodeIgniter\Autoloader\Autoloader->loadInNamespace('App\\Controllers\\DadosPessoaisApiController')
 4 [internal function]: CodeIgniter\Autoloader\Autoloader->loadClass('App\\Controllers\\DadosPessoaisApiController')
 5 SYSTEMPATH/CodeIgniter.php(900): class_exists('\\App\\Controllers\\DadosPessoaisApiController', true)
 6 SYSTEMPATH/CodeIgniter.php(489): CodeIgniter\CodeIgniter->startController()
 7 SYSTEMPATH/CodeIgniter.php(361): CodeIgniter\CodeIgniter->handleRequest(null, Object(Config\Cache), false)
 8 FCPATH/index.php(79): CodeIgniter\CodeIgniter->run()
WARNING - 2024-01-21 18:13:24 --> [DEPRECATED] Optional parameter $message declared before required parameter $typeMessage is implicitly treated as a required parameter in APPPATH/Controllers/DadosPessoaisEndPointController.php on line 106.
 1 SYSTEMPATH/Autoloader/Autoloader.php(312): include_once('/var/www/html/system/Debug/Exceptions.php')
 2 SYSTEMPATH/Autoloader/Autoloader.php(291): CodeIgniter\Autoloader\Autoloader->includeFile('/var/www/html/app/Controllers/DadosPessoaisEndPointController.php')
 3 SYSTEMPATH/Autoloader/Autoloader.php(269): CodeIgniter\Autoloader\Autoloader->loadInNamespace('App\\Controllers\\DadosPessoaisEndPointController')
 4 [internal function]: CodeIgniter\Autoloader\Autoloader->loadClass('App\\Controllers\\DadosPessoaisEndPointController')
 5 SYSTEMPATH/CodeIgniter.php(900): class_exists('\\App\\Controllers\\DadosPessoaisEndPointController', true)
 6 SYSTEMPATH/CodeIgniter.php(489): CodeIgniter\CodeIgniter->startController()
 7 SYSTEMPATH/CodeIgniter.php(361): CodeIgniter\CodeIgniter->handleRequest(null, Object(Config\Cache), false)
 8 FCPATH/index.php(79): CodeIgniter\CodeIgniter->run()
WARNING - 2024-01-21 18:13:26 --> [DEPRECATED] Optional parameter $message declared before required parameter $typeMessage is implicitly treated as a required parameter in APPPATH/Controllers/DadosPessoaisApiController.php on line 154.
 1 SYSTEMPATH/Autoloader/Autoloader.php(312): include_once('/var/www/html/system/Debug/Exceptions.php')
 2 SYSTEMPATH/Autoloader/Autoloader.php(291): CodeIgniter\Autoloader\Autoloader->includeFile('/var/www/html/app/Controllers/DadosPessoaisApiController.php')
 3 SYSTEMPATH/Autoloader/Autoloader.php(269): CodeIgniter\Autoloader\Autoloader->loadInNamespace('App\\Controllers\\DadosPessoaisApiController')
 4 [internal function]: CodeIgniter\Autoloader\Autoloader->loadClass('App\\Controllers\\DadosPessoaisApiController')
 5 SYSTEMPATH/CodeIgniter.php(900): class_exists('\\App\\Controllers\\DadosPessoaisApiController', true)
 6 SYSTEMPATH/CodeIgniter.php(489): CodeIgniter\CodeIgniter->startController()
 7 SYSTEMPATH/CodeIgniter.php(361): CodeIgniter\CodeIgniter->handleRequest(null, Object(Config\Cache), false)
 8 FCPATH/index.php(79): CodeIgniter\CodeIgniter->run()
WARNING - 2024-01-21 18:16:15 --> [DEPRECATED] Optional parameter $message declared before required parameter $typeMessage is implicitly treated as a required parameter in APPPATH/Controllers/DadosPessoaisEndPointController.php on line 106.
 1 SYSTEMPATH/Autoloader/Autoloader.php(312): include_once('/var/www/html/system/Debug/Exceptions.php')
 2 SYSTEMPATH/Autoloader/Autoloader.php(291): CodeIgniter\Autoloader\Autoloader->includeFile('/var/www/html/app/Controllers/DadosPessoaisEndPointController.php')
 3 SYSTEMPATH/Autoloader/Autoloader.php(269): CodeIgniter\Autoloader\Autoloader->loadInNamespace('App\\Controllers\\DadosPessoaisEndPointController')
 4 [internal function]: CodeIgniter\Autoloader\Autoloader->loadClass('App\\Controllers\\DadosPessoaisEndPointController')
 5 SYSTEMPATH/CodeIgniter.php(900): class_exists('\\App\\Controllers\\DadosPessoaisEndPointController', true)
 6 SYSTEMPATH/CodeIgniter.php(489): CodeIgniter\CodeIgniter->startController()
 7 SYSTEMPATH/CodeIgniter.php(361): CodeIgniter\CodeIgniter->handleRequest(null, Object(Config\Cache), false)
 8 FCPATH/index.php(79): CodeIgniter\CodeIgniter->run()
WARNING - 2024-01-21 18:16:17 --> [DEPRECATED] Optional parameter $message declared before required parameter $typeMessage is implicitly treated as a required parameter in APPPATH/Controllers/DadosPessoaisApiController.php on line 154.
 1 SYSTEMPATH/Autoloader/Autoloader.php(312): include_once('/var/www/html/system/Debug/Exceptions.php')
 2 SYSTEMPATH/Autoloader/Autoloader.php(291): CodeIgniter\Autoloader\Autoloader->includeFile('/var/www/html/app/Controllers/DadosPessoaisApiController.php')
 3 SYSTEMPATH/Autoloader/Autoloader.php(269): CodeIgniter\Autoloader\Autoloader->loadInNamespace('App\\Controllers\\DadosPessoaisApiController')
 4 [internal function]: CodeIgniter\Autoloader\Autoloader->loadClass('App\\Controllers\\DadosPessoaisApiController')
 5 SYSTEMPATH/CodeIgniter.php(900): class_exists('\\App\\Controllers\\DadosPessoaisApiController', true)
 6 SYSTEMPATH/CodeIgniter.php(489): CodeIgniter\CodeIgniter->startController()
 7 SYSTEMPATH/CodeIgniter.php(361): CodeIgniter\CodeIgniter->handleRequest(null, Object(Config\Cache), false)
 8 FCPATH/index.php(79): CodeIgniter\CodeIgniter->run()
WARNING - 2024-01-21 18:17:40 --> [DEPRECATED] Optional parameter $message declared before required parameter $typeMessage is implicitly treated as a required parameter in APPPATH/Controllers/DadosPessoaisEndPointController.php on line 106.
 1 SYSTEMPATH/Autoloader/Autoloader.php(312): include_once('/var/www/html/system/Debug/Exceptions.php')
 2 SYSTEMPATH/Autoloader/Autoloader.php(291): CodeIgniter\Autoloader\Autoloader->includeFile('/var/www/html/app/Controllers/DadosPessoaisEndPointController.php')
 3 SYSTEMPATH/Autoloader/Autoloader.php(269): CodeIgniter\Autoloader\Autoloader->loadInNamespace('App\\Controllers\\DadosPessoaisEndPointController')
 4 [internal function]: CodeIgniter\Autoloader\Autoloader->loadClass('App\\Controllers\\DadosPessoaisEndPointController')
 5 SYSTEMPATH/CodeIgniter.php(900): class_exists('\\App\\Controllers\\DadosPessoaisEndPointController', true)
 6 SYSTEMPATH/CodeIgniter.php(489): CodeIgniter\CodeIgniter->startController()
 7 SYSTEMPATH/CodeIgniter.php(361): CodeIgniter\CodeIgniter->handleRequest(null, Object(Config\Cache), false)
 8 FCPATH/index.php(79): CodeIgniter\CodeIgniter->run()
WARNING - 2024-01-21 18:17:42 --> [DEPRECATED] Optional parameter $message declared before required parameter $typeMessage is implicitly treated as a required parameter in APPPATH/Controllers/DadosPessoaisApiController.php on line 154.
 1 SYSTEMPATH/Autoloader/Autoloader.php(312): include_once('/var/www/html/system/Debug/Exceptions.php')
 2 SYSTEMPATH/Autoloader/Autoloader.php(291): CodeIgniter\Autoloader\Autoloader->includeFile('/var/www/html/app/Controllers/DadosPessoaisApiController.php')
 3 SYSTEMPATH/Autoloader/Autoloader.php(269): CodeIgniter\Autoloader\Autoloader->loadInNamespace('App\\Controllers\\DadosPessoaisApiController')
 4 [internal function]: CodeIgniter\Autoloader\Autoloader->loadClass('App\\Controllers\\DadosPessoaisApiController')
 5 SYSTEMPATH/CodeIgniter.php(900): class_exists('\\App\\Controllers\\DadosPessoaisApiController', true)
 6 SYSTEMPATH/CodeIgniter.php(489): CodeIgniter\CodeIgniter->startController()
 7 SYSTEMPATH/CodeIgniter.php(361): CodeIgniter\CodeIgniter->handleRequest(null, Object(Config\Cache), false)
 8 FCPATH/index.php(79): CodeIgniter\CodeIgniter->run()
WARNING - 2024-01-21 18:18:21 --> [DEPRECATED] Optional parameter $message declared before required parameter $typeMessage is implicitly treated as a required parameter in APPPATH/Controllers/DadosPessoaisEndPointController.php on line 106.
 1 SYSTEMPATH/Autoloader/Autoloader.php(312): include_once('/var/www/html/system/Debug/Exceptions.php')
 2 SYSTEMPATH/Autoloader/Autoloader.php(291): CodeIgniter\Autoloader\Autoloader->includeFile('/var/www/html/app/Controllers/DadosPessoaisEndPointController.php')
 3 SYSTEMPATH/Autoloader/Autoloader.php(269): CodeIgniter\Autoloader\Autoloader->loadInNamespace('App\\Controllers\\DadosPessoaisEndPointController')
 4 [internal function]: CodeIgniter\Autoloader\Autoloader->loadClass('App\\Controllers\\DadosPessoaisEndPointController')
 5 SYSTEMPATH/CodeIgniter.php(900): class_exists('\\App\\Controllers\\DadosPessoaisEndPointController', true)
 6 SYSTEMPATH/CodeIgniter.php(489): CodeIgniter\CodeIgniter->startController()
 7 SYSTEMPATH/CodeIgniter.php(361): CodeIgniter\CodeIgniter->handleRequest(null, Object(Config\Cache), false)
 8 FCPATH/index.php(79): CodeIgniter\CodeIgniter->run()
WARNING - 2024-01-21 18:18:23 --> [DEPRECATED] Optional parameter $message declared before required parameter $typeMessage is implicitly treated as a required parameter in APPPATH/Controllers/DadosPessoaisApiController.php on line 154.
 1 SYSTEMPATH/Autoloader/Autoloader.php(312): include_once('/var/www/html/system/Debug/Exceptions.php')
 2 SYSTEMPATH/Autoloader/Autoloader.php(291): CodeIgniter\Autoloader\Autoloader->includeFile('/var/www/html/app/Controllers/DadosPessoaisApiController.php')
 3 SYSTEMPATH/Autoloader/Autoloader.php(269): CodeIgniter\Autoloader\Autoloader->loadInNamespace('App\\Controllers\\DadosPessoaisApiController')
 4 [internal function]: CodeIgniter\Autoloader\Autoloader->loadClass('App\\Controllers\\DadosPessoaisApiController')
 5 SYSTEMPATH/CodeIgniter.php(900): class_exists('\\App\\Controllers\\DadosPessoaisApiController', true)
 6 SYSTEMPATH/CodeIgniter.php(489): CodeIgniter\CodeIgniter->startController()
 7 SYSTEMPATH/CodeIgniter.php(361): CodeIgniter\CodeIgniter->handleRequest(null, Object(Config\Cache), false)
 8 FCPATH/index.php(79): CodeIgniter\CodeIgniter->run()
WARNING - 2024-01-21 18:19:26 --> [DEPRECATED] Optional parameter $message declared before required parameter $typeMessage is implicitly treated as a required parameter in APPPATH/Controllers/DadosPessoaisApiController.php on line 154.
 1 SYSTEMPATH/Autoloader/Autoloader.php(312): include_once('/var/www/html/system/Debug/Exceptions.php')
 2 SYSTEMPATH/Autoloader/Autoloader.php(291): CodeIgniter\Autoloader\Autoloader->includeFile('/var/www/html/app/Controllers/DadosPessoaisApiController.php')
 3 SYSTEMPATH/Autoloader/Autoloader.php(269): CodeIgniter\Autoloader\Autoloader->loadInNamespace('App\\Controllers\\DadosPessoaisApiController')
 4 [internal function]: CodeIgniter\Autoloader\Autoloader->loadClass('App\\Controllers\\DadosPessoaisApiController')
 5 SYSTEMPATH/CodeIgniter.php(900): class_exists('\\App\\Controllers\\DadosPessoaisApiController', true)
 6 SYSTEMPATH/CodeIgniter.php(489): CodeIgniter\CodeIgniter->startController()
 7 SYSTEMPATH/CodeIgniter.php(361): CodeIgniter\CodeIgniter->handleRequest(null, Object(Config\Cache), false)
 8 FCPATH/index.php(79): CodeIgniter\CodeIgniter->run()
WARNING - 2024-01-21 18:19:38 --> [DEPRECATED] Optional parameter $message declared before required parameter $typeMessage is implicitly treated as a required parameter in APPPATH/Controllers/DadosPessoaisApiController.php on line 154.
 1 SYSTEMPATH/Autoloader/Autoloader.php(312): include_once('/var/www/html/system/Debug/Exceptions.php')
 2 SYSTEMPATH/Autoloader/Autoloader.php(291): CodeIgniter\Autoloader\Autoloader->includeFile('/var/www/html/app/Controllers/DadosPessoaisApiController.php')
 3 SYSTEMPATH/Autoloader/Autoloader.php(269): CodeIgniter\Autoloader\Autoloader->loadInNamespace('App\\Controllers\\DadosPessoaisApiController')
 4 [internal function]: CodeIgniter\Autoloader\Autoloader->loadClass('App\\Controllers\\DadosPessoaisApiController')
 5 SYSTEMPATH/CodeIgniter.php(900): class_exists('\\App\\Controllers\\DadosPessoaisApiController', true)
 6 SYSTEMPATH/CodeIgniter.php(489): CodeIgniter\CodeIgniter->startController()
 7 SYSTEMPATH/CodeIgniter.php(361): CodeIgniter\CodeIgniter->handleRequest(null, Object(Config\Cache), false)
 8 FCPATH/index.php(79): CodeIgniter\CodeIgniter->run()
WARNING - 2024-01-21 18:19:38 --> [DEPRECATED] Optional parameter $message declared before required parameter $typeMessage is implicitly treated as a required parameter in APPPATH/Controllers/DadosPessoaisEndPointController.php on line 106.
 1 SYSTEMPATH/Autoloader/Autoloader.php(312): include_once('/var/www/html/system/Debug/Exceptions.php')
 2 SYSTEMPATH/Autoloader/Autoloader.php(291): CodeIgniter\Autoloader\Autoloader->includeFile('/var/www/html/app/Controllers/DadosPessoaisEndPointController.php')
 3 SYSTEMPATH/Autoloader/Autoloader.php(269): CodeIgniter\Autoloader\Autoloader->loadInNamespace('App\\Controllers\\DadosPessoaisEndPointController')
 4 [internal function]: CodeIgniter\Autoloader\Autoloader->loadClass('App\\Controllers\\DadosPessoaisEndPointController')
 5 SYSTEMPATH/CodeIgniter.php(900): class_exists('\\App\\Controllers\\DadosPessoaisEndPointController', true)
 6 SYSTEMPATH/CodeIgniter.php(489): CodeIgniter\CodeIgniter->startController()
 7 SYSTEMPATH/CodeIgniter.php(361): CodeIgniter\CodeIgniter->handleRequest(null, Object(Config\Cache), false)
 8 FCPATH/index.php(79): CodeIgniter\CodeIgniter->run()
WARNING - 2024-01-21 18:19:38 --> [DEPRECATED] Optional parameter $message declared before required parameter $typeMessage is implicitly treated as a required parameter in APPPATH/Controllers/DadosPessoaisEndPointController.php on line 106.
 1 SYSTEMPATH/Autoloader/Autoloader.php(312): include_once('/var/www/html/system/Debug/Exceptions.php')
 2 SYSTEMPATH/Autoloader/Autoloader.php(291): CodeIgniter\Autoloader\Autoloader->includeFile('/var/www/html/app/Controllers/DadosPessoaisEndPointController.php')
 3 SYSTEMPATH/Autoloader/Autoloader.php(269): CodeIgniter\Autoloader\Autoloader->loadInNamespace('App\\Controllers\\DadosPessoaisEndPointController')
 4 [internal function]: CodeIgniter\Autoloader\Autoloader->loadClass('App\\Controllers\\DadosPessoaisEndPointController')
 5 SYSTEMPATH/CodeIgniter.php(900): class_exists('\\App\\Controllers\\DadosPessoaisEndPointController', true)
 6 SYSTEMPATH/CodeIgniter.php(489): CodeIgniter\CodeIgniter->startController()
 7 SYSTEMPATH/CodeIgniter.php(361): CodeIgniter\CodeIgniter->handleRequest(null, Object(Config\Cache), false)
 8 FCPATH/index.php(79): CodeIgniter\CodeIgniter->run()
WARNING - 2024-01-21 18:19:40 --> [DEPRECATED] Optional parameter $message declared before required parameter $typeMessage is implicitly treated as a required parameter in APPPATH/Controllers/DadosPessoaisApiController.php on line 154.
 1 SYSTEMPATH/Autoloader/Autoloader.php(312): include_once('/var/www/html/system/Debug/Exceptions.php')
 2 SYSTEMPATH/Autoloader/Autoloader.php(291): CodeIgniter\Autoloader\Autoloader->includeFile('/var/www/html/app/Controllers/DadosPessoaisApiController.php')
 3 SYSTEMPATH/Autoloader/Autoloader.php(269): CodeIgniter\Autoloader\Autoloader->loadInNamespace('App\\Controllers\\DadosPessoaisApiController')
 4 [internal function]: CodeIgniter\Autoloader\Autoloader->loadClass('App\\Controllers\\DadosPessoaisApiController')
 5 SYSTEMPATH/CodeIgniter.php(900): class_exists('\\App\\Controllers\\DadosPessoaisApiController', true)
 6 SYSTEMPATH/CodeIgniter.php(489): CodeIgniter\CodeIgniter->startController()
 7 SYSTEMPATH/CodeIgniter.php(361): CodeIgniter\CodeIgniter->handleRequest(null, Object(Config\Cache), false)
 8 FCPATH/index.php(79): CodeIgniter\CodeIgniter->run()
WARNING - 2024-01-21 18:19:41 --> [DEPRECATED] Optional parameter $message declared before required parameter $typeMessage is implicitly treated as a required parameter in APPPATH/Controllers/DadosPessoaisApiController.php on line 154.
 1 SYSTEMPATH/Autoloader/Autoloader.php(312): include_once('/var/www/html/system/Debug/Exceptions.php')
 2 SYSTEMPATH/Autoloader/Autoloader.php(291): CodeIgniter\Autoloader\Autoloader->includeFile('/var/www/html/app/Controllers/DadosPessoaisApiController.php')
 3 SYSTEMPATH/Autoloader/Autoloader.php(269): CodeIgniter\Autoloader\Autoloader->loadInNamespace('App\\Controllers\\DadosPessoaisApiController')
 4 [internal function]: CodeIgniter\Autoloader\Autoloader->loadClass('App\\Controllers\\DadosPessoaisApiController')
 5 SYSTEMPATH/CodeIgniter.php(900): class_exists('\\App\\Controllers\\DadosPessoaisApiController', true)
 6 SYSTEMPATH/CodeIgniter.php(489): CodeIgniter\CodeIgniter->startController()
 7 SYSTEMPATH/CodeIgniter.php(361): CodeIgniter\CodeIgniter->handleRequest(null, Object(Config\Cache), false)
 8 FCPATH/index.php(79): CodeIgniter\CodeIgniter->run()
